--------------------------------------------------------------------------------
Release 14.7 Trace  (nt64)
Copyright (c) 1995-2013 Xilinx, Inc.  All rights reserved.

C:\Xilinx\14.7\ISE_DS\ISE\bin\nt64\unwrapped\trce.exe -intstyle ise -v 3 -s 1
-n 3 -fastpaths -xml top.twx top.ncd -o top.twr top.pcf -ucf K7.ucf

Design file:              top.ncd
Physical constraint file: top.pcf
Device,package,speed:     xc7k160t,ffg676,C,-1 (PRODUCTION 1.10 2013-10-13)
Report level:             verbose report

Environment Variable      Effect 
--------------------      ------ 
NONE                      No environment variables were set
--------------------------------------------------------------------------------

INFO:Timing:2698 - No timing constraints found, doing default enumeration.
INFO:Timing:3412 - To improve timing, see the Timing Closure User Guide (UG612).
INFO:Timing:2752 - To get complete path coverage, use the unconstrained paths 
   option. All paths that are not constrained will be reported in the 
   unconstrained paths section(s) of the report.
INFO:Timing:3339 - The clock-to-out numbers in this timing report are based on 
   a 50 Ohm transmission line loading model.  For the details of this model, 
   and for more information on accounting for different loading conditions, 
   please see the device datasheet.



Data Sheet report:
-----------------
All values displayed in nanoseconds (ns)

Clock btn<0> to Pad
------------+-----------------+------------+-----------------+------------+------------------+--------+
            |Max (slowest) clk|  Process   |Min (fastest) clk|  Process   |                  | Clock  |
Destination |  (edge) to PAD  |   Corner   |  (edge) to PAD  |   Corner   |Internal Clock(s) | Phase  |
------------+-----------------+------------+-----------------+------------+------------------+--------+
SEGMENT<0>  |        14.114(R)|      SLOW  |         5.148(R)|      FAST  |btn_0_BUFGP       |   0.000|
SEGMENT<1>  |        13.633(R)|      SLOW  |         4.982(R)|      FAST  |btn_0_BUFGP       |   0.000|
SEGMENT<2>  |        13.683(R)|      SLOW  |         5.063(R)|      FAST  |btn_0_BUFGP       |   0.000|
SEGMENT<3>  |        14.536(R)|      SLOW  |         5.045(R)|      FAST  |btn_0_BUFGP       |   0.000|
SEGMENT<4>  |        13.162(R)|      SLOW  |         4.908(R)|      FAST  |btn_0_BUFGP       |   0.000|
SEGMENT<5>  |        13.804(R)|      SLOW  |         4.973(R)|      FAST  |btn_0_BUFGP       |   0.000|
SEGMENT<6>  |        13.235(R)|      SLOW  |         4.976(R)|      FAST  |btn_0_BUFGP       |   0.000|
------------+-----------------+------------+-----------------+------------+------------------+--------+

Clock btn<1> to Pad
------------+-----------------+------------+-----------------+------------+------------------+--------+
            |Max (slowest) clk|  Process   |Min (fastest) clk|  Process   |                  | Clock  |
Destination |  (edge) to PAD  |   Corner   |  (edge) to PAD  |   Corner   |Internal Clock(s) | Phase  |
------------+-----------------+------------+-----------------+------------+------------------+--------+
SEGMENT<0>  |        14.058(R)|      SLOW  |         5.126(R)|      FAST  |btn_1_BUFGP       |   0.000|
SEGMENT<1>  |        13.667(R)|      SLOW  |         4.960(R)|      FAST  |btn_1_BUFGP       |   0.000|
SEGMENT<2>  |        13.717(R)|      SLOW  |         4.998(R)|      FAST  |btn_1_BUFGP       |   0.000|
SEGMENT<3>  |        14.211(R)|      SLOW  |         5.023(R)|      FAST  |btn_1_BUFGP       |   0.000|
SEGMENT<4>  |        13.208(R)|      SLOW  |         4.818(R)|      FAST  |btn_1_BUFGP       |   0.000|
SEGMENT<5>  |        13.783(R)|      SLOW  |         4.951(R)|      FAST  |btn_1_BUFGP       |   0.000|
SEGMENT<6>  |        12.886(R)|      SLOW  |         4.963(R)|      FAST  |btn_1_BUFGP       |   0.000|
------------+-----------------+------------+-----------------+------------+------------------+--------+

Clock btn<2> to Pad
------------+-----------------+------------+-----------------+------------+------------------+--------+
            |Max (slowest) clk|  Process   |Min (fastest) clk|  Process   |                  | Clock  |
Destination |  (edge) to PAD  |   Corner   |  (edge) to PAD  |   Corner   |Internal Clock(s) | Phase  |
------------+-----------------+------------+-----------------+------------+------------------+--------+
SEGMENT<0>  |        14.064(R)|      SLOW  |         5.025(R)|      FAST  |btn_2_BUFGP       |   0.000|
SEGMENT<1>  |        13.673(R)|      SLOW  |         4.948(R)|      FAST  |btn_2_BUFGP       |   0.000|
SEGMENT<2>  |        13.723(R)|      SLOW  |         4.902(R)|      FAST  |btn_2_BUFGP       |   0.000|
SEGMENT<3>  |        14.217(R)|      SLOW  |         4.945(R)|      FAST  |btn_2_BUFGP       |   0.000|
SEGMENT<4>  |        13.214(R)|      SLOW  |         4.816(R)|      FAST  |btn_2_BUFGP       |   0.000|
SEGMENT<5>  |        13.789(R)|      SLOW  |         4.825(R)|      FAST  |btn_2_BUFGP       |   0.000|
SEGMENT<6>  |        12.892(R)|      SLOW  |         4.822(R)|      FAST  |btn_2_BUFGP       |   0.000|
------------+-----------------+------------+-----------------+------------+------------------+--------+

Clock btn<3> to Pad
------------+-----------------+------------+-----------------+------------+------------------+--------+
            |Max (slowest) clk|  Process   |Min (fastest) clk|  Process   |                  | Clock  |
Destination |  (edge) to PAD  |   Corner   |  (edge) to PAD  |   Corner   |Internal Clock(s) | Phase  |
------------+-----------------+------------+-----------------+------------+------------------+--------+
SEGMENT<0>  |        13.770(R)|      SLOW  |         5.109(R)|      FAST  |btn_3_BUFGP       |   0.000|
SEGMENT<1>  |        13.241(R)|      SLOW  |         4.995(R)|      FAST  |btn_3_BUFGP       |   0.000|
SEGMENT<2>  |        13.291(R)|      SLOW  |         4.878(R)|      FAST  |btn_3_BUFGP       |   0.000|
SEGMENT<3>  |        14.144(R)|      SLOW  |         5.041(R)|      FAST  |btn_3_BUFGP       |   0.000|
SEGMENT<4>  |        12.897(R)|      SLOW  |         4.787(R)|      FAST  |btn_3_BUFGP       |   0.000|
SEGMENT<5>  |        13.417(R)|      SLOW  |         4.921(R)|      FAST  |btn_3_BUFGP       |   0.000|
SEGMENT<6>  |        13.001(R)|      SLOW  |         4.754(R)|      FAST  |btn_3_BUFGP       |   0.000|
------------+-----------------+------------+-----------------+------------+------------------+--------+

Clock clk to Pad
------------+-----------------+------------+-----------------+------------+------------------+--------+
            |Max (slowest) clk|  Process   |Min (fastest) clk|  Process   |                  | Clock  |
Destination |  (edge) to PAD  |   Corner   |  (edge) to PAD  |   Corner   |Internal Clock(s) | Phase  |
------------+-----------------+------------+-----------------+------------+------------------+--------+
AN<0>       |        11.759(R)|      SLOW  |         4.447(R)|      FAST  |clk_BUFGP         |   0.000|
AN<1>       |        11.910(R)|      SLOW  |         4.512(R)|      FAST  |clk_BUFGP         |   0.000|
AN<2>       |        11.855(R)|      SLOW  |         4.367(R)|      FAST  |clk_BUFGP         |   0.000|
AN<3>       |        12.077(R)|      SLOW  |         4.463(R)|      FAST  |clk_BUFGP         |   0.000|
SEGMENT<0>  |        16.781(R)|      SLOW  |         4.769(R)|      FAST  |clk_BUFGP         |   0.000|
SEGMENT<1>  |        16.813(R)|      SLOW  |         4.731(R)|      FAST  |clk_BUFGP         |   0.000|
SEGMENT<2>  |        16.594(R)|      SLOW  |         4.646(R)|      FAST  |clk_BUFGP         |   0.000|
SEGMENT<3>  |        16.518(R)|      SLOW  |         4.689(R)|      FAST  |clk_BUFGP         |   0.000|
SEGMENT<4>  |        16.128(R)|      SLOW  |         4.538(R)|      FAST  |clk_BUFGP         |   0.000|
SEGMENT<5>  |        16.648(R)|      SLOW  |         4.569(R)|      FAST  |clk_BUFGP         |   0.000|
SEGMENT<6>  |        16.047(R)|      SLOW  |         4.566(R)|      FAST  |clk_BUFGP         |   0.000|
SEGMENT<7>  |        15.890(R)|      SLOW  |         6.312(R)|      FAST  |clk_BUFGP         |   0.000|
------------+-----------------+------------+-----------------+------------+------------------+--------+

Clock to Setup on destination clock btn<0>
---------------+---------+---------+---------+---------+
               | Src:Rise| Src:Fall| Src:Rise| Src:Fall|
Source Clock   |Dest:Rise|Dest:Rise|Dest:Fall|Dest:Fall|
---------------+---------+---------+---------+---------+
btn<0>         |    0.820|         |         |         |
---------------+---------+---------+---------+---------+

Clock to Setup on destination clock btn<1>
---------------+---------+---------+---------+---------+
               | Src:Rise| Src:Fall| Src:Rise| Src:Fall|
Source Clock   |Dest:Rise|Dest:Rise|Dest:Fall|Dest:Fall|
---------------+---------+---------+---------+---------+
btn<1>         |    0.809|         |         |         |
---------------+---------+---------+---------+---------+

Clock to Setup on destination clock btn<2>
---------------+---------+---------+---------+---------+
               | Src:Rise| Src:Fall| Src:Rise| Src:Fall|
Source Clock   |Dest:Rise|Dest:Rise|Dest:Fall|Dest:Fall|
---------------+---------+---------+---------+---------+
btn<2>         |    0.801|         |         |         |
---------------+---------+---------+---------+---------+

Clock to Setup on destination clock btn<3>
---------------+---------+---------+---------+---------+
               | Src:Rise| Src:Fall| Src:Rise| Src:Fall|
Source Clock   |Dest:Rise|Dest:Rise|Dest:Fall|Dest:Fall|
---------------+---------+---------+---------+---------+
btn<3>         |    0.802|         |         |         |
---------------+---------+---------+---------+---------+

Clock to Setup on destination clock clk
---------------+---------+---------+---------+---------+
               | Src:Rise| Src:Fall| Src:Rise| Src:Fall|
Source Clock   |Dest:Rise|Dest:Rise|Dest:Fall|Dest:Fall|
---------------+---------+---------+---------+---------+
clk            |    1.379|         |         |         |
---------------+---------+---------+---------+---------+

Pad to Pad
---------------+---------------+---------+
Source Pad     |Destination Pad|  Delay  |
---------------+---------------+---------+
SW<0>          |SEGMENT<7>     |    9.019|
SW<1>          |SEGMENT<7>     |    9.077|
SW<2>          |SEGMENT<7>     |    9.201|
SW<3>          |SEGMENT<7>     |    9.170|
SW<4>          |SEGMENT<0>     |   10.445|
SW<4>          |SEGMENT<1>     |   10.477|
SW<4>          |SEGMENT<2>     |   10.258|
SW<4>          |SEGMENT<3>     |   10.182|
SW<4>          |SEGMENT<4>     |    9.792|
SW<4>          |SEGMENT<5>     |   10.312|
SW<4>          |SEGMENT<6>     |    9.711|
SW<5>          |SEGMENT<0>     |   10.307|
SW<5>          |SEGMENT<1>     |   10.339|
SW<5>          |SEGMENT<2>     |   10.120|
SW<5>          |SEGMENT<3>     |   10.044|
SW<5>          |SEGMENT<4>     |    9.654|
SW<5>          |SEGMENT<5>     |   10.174|
SW<5>          |SEGMENT<6>     |    9.573|
SW<6>          |SEGMENT<0>     |   10.366|
SW<6>          |SEGMENT<1>     |   10.398|
SW<6>          |SEGMENT<2>     |   10.179|
SW<6>          |SEGMENT<3>     |   10.103|
SW<6>          |SEGMENT<4>     |    9.713|
SW<6>          |SEGMENT<5>     |   10.233|
SW<6>          |SEGMENT<6>     |    9.632|
SW<7>          |SEGMENT<0>     |   10.132|
SW<7>          |SEGMENT<1>     |   10.164|
SW<7>          |SEGMENT<2>     |    9.945|
SW<7>          |SEGMENT<3>     |    9.869|
SW<7>          |SEGMENT<4>     |    9.479|
SW<7>          |SEGMENT<5>     |    9.999|
SW<7>          |SEGMENT<6>     |    9.398|
---------------+---------------+---------+


Analysis completed Thu Nov 15 16:40:39 2018 
--------------------------------------------------------------------------------

Trace Settings:
-------------------------
Trace Settings 

Peak Memory Usage: 5102 MB



