--------------------------------------------------------------------------------
Release 14.7 Trace  (nt64)
Copyright (c) 1995-2013 Xilinx, Inc.  All rights reserved.

C:\Xilinx\14.7\ISE_DS\ISE\bin\nt64\unwrapped\trce.exe -intstyle ise -v 3 -s 1
-n 3 -fastpaths -xml MyClock.twx MyClock.ncd -o MyClock.twr MyClock.pcf -ucf
k7.ucf

Design file:              MyClock.ncd
Physical constraint file: MyClock.pcf
Device,package,speed:     xc7k160t,ffg676,C,-1 (PRODUCTION 1.10 2013-10-13)
Report level:             verbose report

Environment Variable      Effect 
--------------------      ------ 
NONE                      No environment variables were set
--------------------------------------------------------------------------------

INFO:Timing:2698 - No timing constraints found, doing default enumeration.
INFO:Timing:3412 - To improve timing, see the Timing Closure User Guide (UG612).
INFO:Timing:2752 - To get complete path coverage, use the unconstrained paths 
   option. All paths that are not constrained will be reported in the 
   unconstrained paths section(s) of the report.
INFO:Timing:3339 - The clock-to-out numbers in this timing report are based on 
   a 50 Ohm transmission line loading model.  For the details of this model, 
   and for more information on accounting for different loading conditions, 
   please see the device datasheet.



Data Sheet report:
-----------------
All values displayed in nanoseconds (ns)

Clock clk to Pad
------------+-----------------+------------+-----------------+------------+------------------+--------+
            |Max (slowest) clk|  Process   |Min (fastest) clk|  Process   |                  | Clock  |
Destination |  (edge) to PAD  |   Corner   |  (edge) to PAD  |   Corner   |Internal Clock(s) | Phase  |
------------+-----------------+------------+-----------------+------------+------------------+--------+
AN<0>       |        11.126(R)|      SLOW  |         4.134(R)|      FAST  |clk_BUFGP         |   0.000|
AN<1>       |        11.288(R)|      SLOW  |         4.168(R)|      FAST  |clk_BUFGP         |   0.000|
AN<2>       |        11.053(R)|      SLOW  |         4.067(R)|      FAST  |clk_BUFGP         |   0.000|
AN<3>       |        11.097(R)|      SLOW  |         4.068(R)|      FAST  |clk_BUFGP         |   0.000|
SEGMENT<0>  |        12.285(R)|      SLOW  |         4.282(R)|      FAST  |clk_BUFGP         |   0.000|
SEGMENT<1>  |        12.215(R)|      SLOW  |         4.227(R)|      FAST  |clk_BUFGP         |   0.000|
SEGMENT<2>  |        12.018(R)|      SLOW  |         4.282(R)|      FAST  |clk_BUFGP         |   0.000|
SEGMENT<3>  |        12.512(R)|      SLOW  |         4.059(R)|      FAST  |clk_BUFGP         |   0.000|
SEGMENT<4>  |        11.466(R)|      SLOW  |         4.070(R)|      FAST  |clk_BUFGP         |   0.000|
SEGMENT<5>  |        11.966(R)|      SLOW  |         4.124(R)|      FAST  |clk_BUFGP         |   0.000|
SEGMENT<6>  |        11.515(R)|      SLOW  |         4.159(R)|      FAST  |clk_BUFGP         |   0.000|
------------+-----------------+------------+-----------------+------------+------------------+--------+

Clock to Setup on destination clock clk
---------------+---------+---------+---------+---------+
               | Src:Rise| Src:Fall| Src:Rise| Src:Fall|
Source Clock   |Dest:Rise|Dest:Rise|Dest:Fall|Dest:Fall|
---------------+---------+---------+---------+---------+
clk            |    2.812|         |         |         |
---------------+---------+---------+---------+---------+


Analysis completed Tue Dec 18 15:35:44 2018 
--------------------------------------------------------------------------------

Trace Settings:
-------------------------
Trace Settings 

Peak Memory Usage: 5101 MB



