--------------------------------------------------------------------------------
Release 14.7 Trace  (nt64)
Copyright (c) 1995-2013 Xilinx, Inc.  All rights reserved.

C:\Xilinx\14.7\ISE_DS\ISE\bin\nt64\unwrapped\trce.exe -intstyle ise -v 3 -s 1
-n 3 -fastpaths -xml Top.twx Top.ncd -o Top.twr Top.pcf -ucf k7.ucf

Design file:              Top.ncd
Physical constraint file: Top.pcf
Device,package,speed:     xc7k160t,ffg676,C,-1 (PRODUCTION 1.10 2013-10-13)
Report level:             verbose report

Environment Variable      Effect 
--------------------      ------ 
NONE                      No environment variables were set
--------------------------------------------------------------------------------

INFO:Timing:2698 - No timing constraints found, doing default enumeration.
INFO:Timing:3412 - To improve timing, see the Timing Closure User Guide (UG612).
INFO:Timing:2752 - To get complete path coverage, use the unconstrained paths 
   option. All paths that are not constrained will be reported in the 
   unconstrained paths section(s) of the report.
INFO:Timing:3339 - The clock-to-out numbers in this timing report are based on 
   a 50 Ohm transmission line loading model.  For the details of this model, 
   and for more information on accounting for different loading conditions, 
   please see the device datasheet.



Data Sheet report:
-----------------
All values displayed in nanoseconds (ns)

Clock clk to Pad
------------+-----------------+------------+-----------------+------------+------------------+--------+
            |Max (slowest) clk|  Process   |Min (fastest) clk|  Process   |                  | Clock  |
Destination |  (edge) to PAD  |   Corner   |  (edge) to PAD  |   Corner   |Internal Clock(s) | Phase  |
------------+-----------------+------------+-----------------+------------+------------------+--------+
AN<0>       |        12.464(R)|      SLOW  |         4.765(R)|      FAST  |clk_BUFGP         |   0.000|
AN<1>       |        12.672(R)|      SLOW  |         4.847(R)|      FAST  |clk_BUFGP         |   0.000|
AN<2>       |        12.316(R)|      SLOW  |         4.746(R)|      FAST  |clk_BUFGP         |   0.000|
AN<3>       |        12.523(R)|      SLOW  |         4.833(R)|      FAST  |clk_BUFGP         |   0.000|
SEGMENT<0>  |        15.983(R)|      SLOW  |         5.517(R)|      FAST  |clk_BUFGP         |   0.000|
SEGMENT<1>  |        15.520(R)|      SLOW  |         5.792(R)|      FAST  |clk_BUFGP         |   0.000|
SEGMENT<2>  |        15.086(R)|      SLOW  |         5.687(R)|      FAST  |clk_BUFGP         |   0.000|
SEGMENT<3>  |        16.383(R)|      SLOW  |         5.146(R)|      FAST  |clk_BUFGP         |   0.000|
SEGMENT<4>  |        14.957(R)|      SLOW  |         5.592(R)|      FAST  |clk_BUFGP         |   0.000|
SEGMENT<5>  |        15.039(R)|      SLOW  |         5.681(R)|      FAST  |clk_BUFGP         |   0.000|
SEGMENT<6>  |        14.094(R)|      SLOW  |         5.172(R)|      FAST  |clk_BUFGP         |   0.000|
------------+-----------------+------------+-----------------+------------+------------------+--------+

Clock to Setup on destination clock clk
---------------+---------+---------+---------+---------+
               | Src:Rise| Src:Fall| Src:Rise| Src:Fall|
Source Clock   |Dest:Rise|Dest:Rise|Dest:Fall|Dest:Fall|
---------------+---------+---------+---------+---------+
clk            |    2.727|         |         |         |
---------------+---------+---------+---------+---------+

Pad to Pad
---------------+---------------+---------+
Source Pad     |Destination Pad|  Delay  |
---------------+---------------+---------+
SW<5>          |SEGMENT<0>     |   14.178|
SW<5>          |SEGMENT<1>     |   13.824|
SW<5>          |SEGMENT<2>     |   13.390|
SW<5>          |SEGMENT<3>     |   14.383|
SW<5>          |SEGMENT<4>     |   13.261|
SW<5>          |SEGMENT<5>     |   13.234|
SW<5>          |SEGMENT<6>     |   12.195|
SW<6>          |SEGMENT<0>     |   14.285|
SW<6>          |SEGMENT<1>     |   13.931|
SW<6>          |SEGMENT<2>     |   13.497|
SW<6>          |SEGMENT<3>     |   14.490|
SW<6>          |SEGMENT<4>     |   13.368|
SW<6>          |SEGMENT<5>     |   13.341|
SW<6>          |SEGMENT<6>     |   12.302|
---------------+---------------+---------+


Analysis completed Tue Dec 11 15:42:59 2018 
--------------------------------------------------------------------------------

Trace Settings:
-------------------------
Trace Settings 

Peak Memory Usage: 5101 MB



