Release 14.7 - xst P.20131013 (nt64)
Copyright (c) 1995-2013 Xilinx, Inc.  All rights reserved.
--> Parameter TMPDIR set to xst/projnav.tmp


Total REAL time to Xst completion: 0.00 secs
Total CPU time to Xst completion: 0.09 secs
 
--> Parameter xsthdpdir set to xst


Total REAL time to Xst completion: 0.00 secs
Total CPU time to Xst completion: 0.09 secs
 
--> Reading design: ALU.prj

TABLE OF CONTENTS
  1) Synthesis Options Summary
  2) HDL Parsing
  3) HDL Elaboration
  4) HDL Synthesis
       4.1) HDL Synthesis Report
  5) Advanced HDL Synthesis
       5.1) Advanced HDL Synthesis Report
  6) Low Level Synthesis
  7) Partition Report
  8) Design Summary
       8.1) Primitive and Black Box Usage
       8.2) Device utilization summary
       8.3) Partition Resource Summary
       8.4) Timing Report
            8.4.1) Clock Information
            8.4.2) Asynchronous Control Signals Information
            8.4.3) Timing Summary
            8.4.4) Timing Details
            8.4.5) Cross Clock Domains Report


=========================================================================
*                      Synthesis Options Summary                        *
=========================================================================
---- Source Parameters
Input File Name                    : "ALU.prj"
Ignore Synthesis Constraint File   : NO

---- Target Parameters
Output File Name                   : "ALU"
Output Format                      : NGC
Target Device                      : xc7a100t-3-csg324

---- Source Options
Top Module Name                    : ALU
Automatic FSM Extraction           : YES
FSM Encoding Algorithm             : Auto
Safe Implementation                : No
FSM Style                          : LUT
RAM Extraction                     : Yes
RAM Style                          : Auto
ROM Extraction                     : Yes
Shift Register Extraction          : YES
ROM Style                          : Auto
Resource Sharing                   : YES
Asynchronous To Synchronous        : NO
Shift Register Minimum Size        : 2
Use DSP Block                      : Auto
Automatic Register Balancing       : No

---- Target Options
LUT Combining                      : Auto
Reduce Control Sets                : Auto
Add IO Buffers                     : YES
Global Maximum Fanout              : 100000
Add Generic Clock Buffer(BUFG)     : 32
Register Duplication               : YES
Optimize Instantiated Primitives   : NO
Use Clock Enable                   : Auto
Use Synchronous Set                : Auto
Use Synchronous Reset              : Auto
Pack IO Registers into IOBs        : Auto
Equivalent register Removal        : YES

---- General Options
Optimization Goal                  : Speed
Optimization Effort                : 1
Power Reduction                    : NO
Keep Hierarchy                     : No
Netlist Hierarchy                  : As_Optimized
RTL Output                         : Yes
Global Optimization                : AllClockNets
Read Cores                         : YES
Write Timing Constraints           : NO
Cross Clock Analysis               : NO
Hierarchy Separator                : /
Bus Delimiter                      : <>
Case Specifier                     : Maintain
Slice Utilization Ratio            : 100
BRAM Utilization Ratio             : 100
DSP48 Utilization Ratio            : 100
Auto BRAM Packing                  : NO
Slice Utilization Ratio Delta      : 5

=========================================================================


=========================================================================
*                          HDL Parsing                                  *
=========================================================================
Analyzing Verilog file "\\mac\sharefiles\Projects\Verilog\MyALU\adder_1bit.v" into library work
Parsing module <adder_1bit>.
Analyzing Verilog file "\\mac\sharefiles\Projects\Verilog\MyALU\AddSub1b.v" into library work
Parsing module <AddSub1b>.
Analyzing Verilog file "\\mac\sharefiles\Projects\Verilog\MyALU\myOr2b4.v" into library work
Parsing module <myOr2b4>.
Analyzing Verilog file "\\mac\sharefiles\Projects\Verilog\MyALU\myAnd24.v" into library work
Parsing module <myAnd24>.
Analyzing Verilog file "\\mac\sharefiles\Projects\Verilog\MyALU\Mux4to14b.vf" into library work
Parsing module <Mux4to14b>.
Analyzing Verilog file "\\mac\sharefiles\Projects\Verilog\MyALU\MUX4to1.vf" into library work
Parsing module <MUX4to1>.
Analyzing Verilog file "\\mac\sharefiles\Projects\Verilog\MyALU\AddSub4b.v" into library work
Parsing module <AddSub4b>.
Analyzing Verilog file "\\mac\sharefiles\Projects\Verilog\MyALU\ALU.v" into library work
Parsing module <ALU>.

=========================================================================
*                            HDL Elaboration                            *
=========================================================================
WARNING:HDLCompiler:1016 - "\\mac\sharefiles\Projects\Verilog\MyALU\ALU.v" Line 51: Port o is not connected to this instance
WARNING:HDLCompiler:1016 - "\\mac\sharefiles\Projects\Verilog\MyALU\ALU.v" Line 59: Port o is not connected to this instance

Elaborating module <ALU>.

Elaborating module <AddSub4b>.

Elaborating module <AddSub1b>.

Elaborating module <adder_1bit>.

Elaborating module <myAnd24>.

Elaborating module <myOr2b4>.

Elaborating module <MUX4to1>.

Elaborating module <INV>.

Elaborating module <AND2>.

Elaborating module <OR4>.
WARNING:HDLCompiler:189 - "\\mac\sharefiles\Projects\Verilog\MyALU\ALU.v" Line 55: Size mismatch in connection of port <I2>. Formal port size is 1-bit while actual signal size is 32-bit.
WARNING:HDLCompiler:189 - "\\mac\sharefiles\Projects\Verilog\MyALU\ALU.v" Line 56: Size mismatch in connection of port <I3>. Formal port size is 1-bit while actual signal size is 32-bit.

Elaborating module <Mux4to14b>.

=========================================================================
*                           HDL Synthesis                               *
=========================================================================

Synthesizing Unit <ALU>.
    Related source file is "\\mac\sharefiles\Projects\Verilog\MyALU\ALU.v".
INFO:Xst:3210 - "\\mac\sharefiles\Projects\Verilog\MyALU\ALU.v" line 51: Output port <o> of the instance <MUX4to10> is unconnected or connected to loadless signal.
INFO:Xst:3210 - "\\mac\sharefiles\Projects\Verilog\MyALU\ALU.v" line 59: Output port <o> of the instance <Mux4to14b0> is unconnected or connected to loadless signal.
    Summary:
	no macro.
Unit <ALU> synthesized.

Synthesizing Unit <AddSub4b>.
    Related source file is "\\mac\sharefiles\Projects\Verilog\MyALU\AddSub4b.v".
    Summary:
	no macro.
Unit <AddSub4b> synthesized.

Synthesizing Unit <AddSub1b>.
    Related source file is "\\mac\sharefiles\Projects\Verilog\MyALU\AddSub1b.v".
    Summary:
Unit <AddSub1b> synthesized.

Synthesizing Unit <adder_1bit>.
    Related source file is "\\mac\sharefiles\Projects\Verilog\MyALU\adder_1bit.v".
    Summary:
Unit <adder_1bit> synthesized.

Synthesizing Unit <myAnd24>.
    Related source file is "\\mac\sharefiles\Projects\Verilog\MyALU\myAnd24.v".
    Summary:
	no macro.
Unit <myAnd24> synthesized.

Synthesizing Unit <myOr2b4>.
    Related source file is "\\mac\sharefiles\Projects\Verilog\MyALU\myOr2b4.v".
    Summary:
	no macro.
Unit <myOr2b4> synthesized.

Synthesizing Unit <MUX4to1>.
    Related source file is "\\mac\sharefiles\Projects\Verilog\MyALU\MUX4to1.vf".
    Summary:
	no macro.
Unit <MUX4to1> synthesized.

Synthesizing Unit <Mux4to14b>.
    Related source file is "\\mac\sharefiles\Projects\Verilog\MyALU\Mux4to14b.vf".
    Summary:
	no macro.
Unit <Mux4to14b> synthesized.

=========================================================================
HDL Synthesis Report

Macro Statistics
# Xors                                                 : 20
 1-bit xor2                                            : 20

=========================================================================

=========================================================================
*                       Advanced HDL Synthesis                          *
=========================================================================


=========================================================================
Advanced HDL Synthesis Report

Macro Statistics
# Xors                                                 : 20
 1-bit xor2                                            : 20

=========================================================================

=========================================================================
*                         Low Level Synthesis                           *
=========================================================================

Optimizing unit <MUX4to1> ...

Optimizing unit <Mux4to14b> ...

Optimizing unit <ALU> ...

Mapping all equations...
Building and optimizing final netlist ...
Found area constraint ratio of 100 (+ 5) on block ALU, actual ratio is 0.

Final Macro Processing ...

=========================================================================
Final Register Report

Found no macro
=========================================================================

=========================================================================
*                           Partition Report                            *
=========================================================================

Partition Implementation Status
-------------------------------

  No Partitions were found in this design.

-------------------------------

=========================================================================
*                            Design Summary                             *
=========================================================================

Top Level Output File Name         : ALU.ngc

Primitive and Black Box Usage:
------------------------------
# BELS                             : 52
#      AND2                        : 28
#      GND                         : 1
#      INV                         : 4
#      LUT2                        : 9
#      LUT4                        : 1
#      LUT5                        : 2
#      LUT6                        : 2
#      OR4                         : 5
# IO Buffers                       : 10
#      IBUF                        : 10

Device utilization summary:
---------------------------

Selected Device : 7a100tcsg324-3 


Slice Logic Utilization: 
 Number of Slice LUTs:                   18  out of  63400     0%  
    Number used as Logic:                18  out of  63400     0%  

Slice Logic Distribution: 
 Number of LUT Flip Flop pairs used:     18
   Number with an unused Flip Flop:      18  out of     18   100%  
   Number with an unused LUT:             0  out of     18     0%  
   Number of fully used LUT-FF pairs:     0  out of     18     0%  
   Number of unique control sets:         0

IO Utilization: 
 Number of IOs:                          15
 Number of bonded IOBs:                  10  out of    210     4%  

Specific Feature Utilization:

---------------------------
Partition Resource Summary:
---------------------------

  No Partitions were found in this design.

---------------------------


=========================================================================
Timing Report

NOTE: THESE TIMING NUMBERS ARE ONLY A SYNTHESIS ESTIMATE.
      FOR ACCURATE TIMING INFORMATION PLEASE REFER TO THE TRACE REPORT
      GENERATED AFTER PLACE-and-ROUTE.

Clock Information:
------------------
No clock signals found in this design

Asynchronous Control Signals Information:
----------------------------------------
No asynchronous control signals found in this design

Timing Summary:
---------------
Speed Grade: -3

   Minimum period: No path found
   Minimum input arrival time before clock: No path found
   Maximum output required time after clock: No path found
   Maximum combinational path delay: No path found

Timing Details:
---------------
All values displayed in nanoseconds (ns)

=========================================================================

Cross Clock Domains Report:
--------------------------

=========================================================================


Total REAL time to Xst completion: 7.00 secs
Total CPU time to Xst completion: 7.78 secs
 
--> 

Total memory usage is 4654648 kilobytes

Number of errors   :    0 (   0 filtered)
Number of warnings :    4 (   0 filtered)
Number of infos    :    2 (   0 filtered)

