Release 14.7 - xst P.20131013 (nt64)
Copyright (c) 1995-2013 Xilinx, Inc.  All rights reserved.
--> Parameter TMPDIR set to xst/projnav.tmp


Total REAL time to Xst completion: 0.00 secs
Total CPU time to Xst completion: 0.08 secs
 
--> Parameter xsthdpdir set to xst


Total REAL time to Xst completion: 0.00 secs
Total CPU time to Xst completion: 0.09 secs
 
--> Reading design: Top.prj

TABLE OF CONTENTS
  1) Synthesis Options Summary
  2) HDL Parsing
  3) HDL Elaboration
  4) HDL Synthesis
       4.1) HDL Synthesis Report
  5) Advanced HDL Synthesis
       5.1) Advanced HDL Synthesis Report
  6) Low Level Synthesis
  7) Partition Report
  8) Design Summary
       8.1) Primitive and Black Box Usage
       8.2) Device utilization summary
       8.3) Partition Resource Summary
       8.4) Timing Report
            8.4.1) Clock Information
            8.4.2) Asynchronous Control Signals Information
            8.4.3) Timing Summary
            8.4.4) Timing Details
            8.4.5) Cross Clock Domains Report


=========================================================================
*                      Synthesis Options Summary                        *
=========================================================================
---- Source Parameters
Input File Name                    : "Top.prj"
Ignore Synthesis Constraint File   : NO

---- Target Parameters
Output File Name                   : "Top"
Output Format                      : NGC
Target Device                      : xc7k160t-1-ffg676

---- Source Options
Top Module Name                    : Top
Automatic FSM Extraction           : YES
FSM Encoding Algorithm             : Auto
Safe Implementation                : No
FSM Style                          : LUT
RAM Extraction                     : Yes
RAM Style                          : Auto
ROM Extraction                     : Yes
Shift Register Extraction          : YES
ROM Style                          : Auto
Resource Sharing                   : YES
Asynchronous To Synchronous        : NO
Shift Register Minimum Size        : 2
Use DSP Block                      : Auto
Automatic Register Balancing       : No

---- Target Options
LUT Combining                      : Auto
Reduce Control Sets                : Auto
Add IO Buffers                     : YES
Global Maximum Fanout              : 100000
Add Generic Clock Buffer(BUFG)     : 32
Register Duplication               : YES
Optimize Instantiated Primitives   : NO
Use Clock Enable                   : Auto
Use Synchronous Set                : Auto
Use Synchronous Reset              : Auto
Pack IO Registers into IOBs        : Auto
Equivalent register Removal        : YES

---- General Options
Optimization Goal                  : Speed
Optimization Effort                : 1
Power Reduction                    : NO
Keep Hierarchy                     : No
Netlist Hierarchy                  : As_Optimized
RTL Output                         : Yes
Global Optimization                : AllClockNets
Read Cores                         : YES
Write Timing Constraints           : NO
Cross Clock Analysis               : NO
Hierarchy Separator                : /
Bus Delimiter                      : <>
Case Specifier                     : Maintain
Slice Utilization Ratio            : 100
BRAM Utilization Ratio             : 100
DSP48 Utilization Ratio            : 100
Auto BRAM Packing                  : NO
Slice Utilization Ratio Delta      : 5

=========================================================================


=========================================================================
*                          HDL Parsing                                  *
=========================================================================
Analyzing Verilog file "\\mac\sharefiles\Projects\Verilog\MyALU\adder_1bit.v" into library work
Parsing module <adder_1bit>.
Analyzing Verilog file "\\mac\sharefiles\Projects\Verilog\MyALU\AddSub1b.v" into library work
Parsing module <AddSub1b>.
Analyzing Verilog file "\\mac\sharefiles\Projects\Verilog\MyALU\myOr2b4.v" into library work
Parsing module <myOr2b4>.
Analyzing Verilog file "\\mac\sharefiles\Projects\Verilog\MyALU\MyMC14495.vf" into library work
Parsing module <MyMC14495>.
Analyzing Verilog file "\\mac\sharefiles\Projects\Verilog\MyALU\myAnd24.v" into library work
Parsing module <myAnd24>.
Analyzing Verilog file "\\mac\sharefiles\Projects\Verilog\MyALU\Mux4to14b.vf" into library work
Parsing module <Mux4to14b>.
Analyzing Verilog file "\\mac\sharefiles\Projects\Verilog\MyALU\MUX4to1.vf" into library work
Parsing module <MUX4to1>.
Analyzing Verilog file "\\mac\sharefiles\Projects\Verilog\MyALU\dispsync.v" into library work
Parsing module <dispsync>.
Analyzing Verilog file "\\mac\sharefiles\Projects\Verilog\MyALU\clkdiv.v" into library work
Parsing module <clkdiv>.
Analyzing Verilog file "\\mac\sharefiles\Projects\Verilog\MyALU\AddSub4b.v" into library work
Parsing module <AddSub4b>.
Analyzing Verilog file "\\mac\sharefiles\Projects\Verilog\MyALU\pbdebounce.v" into library work
Parsing module <pbdebounce>.
Analyzing Verilog file "\\mac\sharefiles\Projects\Verilog\MyALU\disp_num.vf" into library work
Parsing module <MyMC14495_MUSER_disp_num>.
Parsing module <disp_num>.
Analyzing Verilog file "\\mac\sharefiles\Projects\Verilog\MyALU\CreatNumber.v" into library work
Parsing module <CreatNumber>.
Analyzing Verilog file "\\mac\sharefiles\Projects\Verilog\MyALU\ALU.v" into library work
Parsing module <ALU>.
Analyzing Verilog file "\\mac\sharefiles\Projects\Verilog\MyALU\Top.v" into library work
Parsing module <Top>.

=========================================================================
*                            HDL Elaboration                            *
=========================================================================

Elaborating module <Top>.

Elaborating module <pbdebounce>.

Elaborating module <clkdiv>.
WARNING:HDLCompiler:1016 - "\\mac\sharefiles\Projects\Verilog\MyALU\CreatNumber.v" Line 31: Port C0 is not connected to this instance
WARNING:HDLCompiler:1016 - "\\mac\sharefiles\Projects\Verilog\MyALU\CreatNumber.v" Line 32: Port C0 is not connected to this instance
WARNING:HDLCompiler:1016 - "\\mac\sharefiles\Projects\Verilog\MyALU\CreatNumber.v" Line 33: Port C0 is not connected to this instance
WARNING:HDLCompiler:1016 - "\\mac\sharefiles\Projects\Verilog\MyALU\CreatNumber.v" Line 34: Port C0 is not connected to this instance

Elaborating module <CreatNumber>.

Elaborating module <AddSub4b>.

Elaborating module <AddSub1b>.

Elaborating module <adder_1bit>.

Elaborating module <ALU>.

Elaborating module <myAnd24>.

Elaborating module <myOr2b4>.

Elaborating module <MUX4to1>.

Elaborating module <INV>.

Elaborating module <AND2>.

Elaborating module <OR4>.
WARNING:HDLCompiler:189 - "\\mac\sharefiles\Projects\Verilog\MyALU\ALU.v" Line 55: Size mismatch in connection of port <I2>. Formal port size is 1-bit while actual signal size is 32-bit.
WARNING:HDLCompiler:189 - "\\mac\sharefiles\Projects\Verilog\MyALU\ALU.v" Line 56: Size mismatch in connection of port <I3>. Formal port size is 1-bit while actual signal size is 32-bit.

Elaborating module <Mux4to14b>.

Elaborating module <disp_num>.

Elaborating module <MyMC14495_MUSER_disp_num>.

Elaborating module <AND4>.

Elaborating module <AND3>.

Elaborating module <OR3>.

Elaborating module <OR2>.

Elaborating module <dispsync>.
WARNING:HDLCompiler:189 - "\\mac\sharefiles\Projects\Verilog\MyALU\Top.v" Line 42: Size mismatch in connection of port <rst>. Formal port size is 1-bit while actual signal size is 32-bit.

=========================================================================
*                           HDL Synthesis                               *
=========================================================================

Synthesizing Unit <Top>.
    Related source file is "\\mac\sharefiles\Projects\Verilog\MyALU\Top.v".
    Summary:
	no macro.
Unit <Top> synthesized.

Synthesizing Unit <pbdebounce>.
    Related source file is "\\mac\sharefiles\Projects\Verilog\MyALU\pbdebounce.v".
    Found 1-bit register for signal <pbreg>.
    Found 7-bit register for signal <pbshift<6:0>>.
    Summary:
	inferred   8 D-type flip-flop(s).
Unit <pbdebounce> synthesized.

Synthesizing Unit <clkdiv>.
    Related source file is "\\mac\sharefiles\Projects\Verilog\MyALU\clkdiv.v".
    Found 32-bit register for signal <clkdiv>.
    Found 32-bit adder for signal <clkdiv[31]_GND_3_o_add_0_OUT> created at line 28.
    Summary:
	inferred   1 Adder/Subtractor(s).
	inferred  32 D-type flip-flop(s).
Unit <clkdiv> synthesized.

Synthesizing Unit <CreatNumber>.
    Related source file is "\\mac\sharefiles\Projects\Verilog\MyALU\CreatNumber.v".
INFO:Xst:3210 - "\\mac\sharefiles\Projects\Verilog\MyALU\CreatNumber.v" line 31: Output port <C0> of the instance <AddSub4b0> is unconnected or connected to loadless signal.
INFO:Xst:3210 - "\\mac\sharefiles\Projects\Verilog\MyALU\CreatNumber.v" line 32: Output port <C0> of the instance <AddSub4b1> is unconnected or connected to loadless signal.
INFO:Xst:3210 - "\\mac\sharefiles\Projects\Verilog\MyALU\CreatNumber.v" line 33: Output port <C0> of the instance <AddSub4b2> is unconnected or connected to loadless signal.
INFO:Xst:3210 - "\\mac\sharefiles\Projects\Verilog\MyALU\CreatNumber.v" line 34: Output port <C0> of the instance <AddSub4b3> is unconnected or connected to loadless signal.
    Found 1-bit register for signal <num<2>>.
    Found 1-bit register for signal <num<1>>.
    Found 1-bit register for signal <num<0>>.
    Found 1-bit register for signal <num<7>>.
    Found 1-bit register for signal <num<6>>.
    Found 1-bit register for signal <num<5>>.
    Found 1-bit register for signal <num<4>>.
    Found 1-bit register for signal <num<11>>.
    Found 1-bit register for signal <num<10>>.
    Found 1-bit register for signal <num<9>>.
    Found 1-bit register for signal <num<8>>.
    Found 1-bit register for signal <num<15>>.
    Found 1-bit register for signal <num<14>>.
    Found 1-bit register for signal <num<13>>.
    Found 1-bit register for signal <num<12>>.
    Found 1-bit register for signal <num<3>>.
    Summary:
	inferred  16 D-type flip-flop(s).
Unit <CreatNumber> synthesized.

Synthesizing Unit <AddSub4b>.
    Related source file is "\\mac\sharefiles\Projects\Verilog\MyALU\AddSub4b.v".
    Summary:
	no macro.
Unit <AddSub4b> synthesized.

Synthesizing Unit <AddSub1b>.
    Related source file is "\\mac\sharefiles\Projects\Verilog\MyALU\AddSub1b.v".
    Summary:
Unit <AddSub1b> synthesized.

Synthesizing Unit <adder_1bit>.
    Related source file is "\\mac\sharefiles\Projects\Verilog\MyALU\adder_1bit.v".
    Summary:
Unit <adder_1bit> synthesized.

Synthesizing Unit <ALU>.
    Related source file is "\\mac\sharefiles\Projects\Verilog\MyALU\ALU.v".
    Summary:
	no macro.
Unit <ALU> synthesized.

Synthesizing Unit <myAnd24>.
    Related source file is "\\mac\sharefiles\Projects\Verilog\MyALU\myAnd24.v".
    Summary:
	no macro.
Unit <myAnd24> synthesized.

Synthesizing Unit <myOr2b4>.
    Related source file is "\\mac\sharefiles\Projects\Verilog\MyALU\myOr2b4.v".
    Summary:
	no macro.
Unit <myOr2b4> synthesized.

Synthesizing Unit <MUX4to1>.
    Related source file is "\\mac\sharefiles\Projects\Verilog\MyALU\MUX4to1.vf".
    Summary:
	no macro.
Unit <MUX4to1> synthesized.

Synthesizing Unit <Mux4to14b>.
    Related source file is "\\mac\sharefiles\Projects\Verilog\MyALU\Mux4to14b.vf".
    Summary:
	no macro.
Unit <Mux4to14b> synthesized.

Synthesizing Unit <disp_num>.
    Related source file is "\\mac\sharefiles\Projects\Verilog\MyALU\disp_num.vf".
    Summary:
	no macro.
Unit <disp_num> synthesized.

Synthesizing Unit <MyMC14495_MUSER_disp_num>.
    Related source file is "\\mac\sharefiles\Projects\Verilog\MyALU\disp_num.vf".
    Summary:
	no macro.
Unit <MyMC14495_MUSER_disp_num> synthesized.

Synthesizing Unit <dispsync>.
    Related source file is "\\mac\sharefiles\Projects\Verilog\MyALU\dispsync.v".
    Found 4x4-bit Read Only RAM for signal <AN>
    Found 4-bit 4-to-1 multiplexer for signal <Hex> created at line 31.
    Summary:
	inferred   1 RAM(s).
	inferred   1 Multiplexer(s).
Unit <dispsync> synthesized.

=========================================================================
HDL Synthesis Report

Macro Statistics
# RAMs                                                 : 1
 4x4-bit single-port Read Only RAM                     : 1
# Adders/Subtractors                                   : 2
 32-bit adder                                          : 2
# Registers                                            : 10
 1-bit register                                        : 2
 32-bit register                                       : 2
 4-bit register                                        : 4
 7-bit register                                        : 2
# Multiplexers                                         : 1
 4-bit 4-to-1 multiplexer                              : 1
# Xors                                                 : 100
 1-bit xor2                                            : 100

=========================================================================

=========================================================================
*                       Advanced HDL Synthesis                          *
=========================================================================

WARNING:Xst:1290 - Hierarchical block <AddSub4b2> is unconnected in block <CreateNumber0>.
   It will be removed from the design.
WARNING:Xst:1290 - Hierarchical block <AddSub4b3> is unconnected in block <CreateNumber0>.
   It will be removed from the design.

Synthesizing (advanced) Unit <clkdiv>.
The following registers are absorbed into counter <clkdiv>: 1 register on signal <clkdiv>.
Unit <clkdiv> synthesized (advanced).

Synthesizing (advanced) Unit <dispsync>.
INFO:Xst:3218 - HDL ADVISOR - The RAM <Mram_AN> will be implemented on LUTs either because you have described an asynchronous read or because of currently unsupported block RAM features. If you have described an asynchronous read, making it synchronous would allow you to take advantage of available block RAM resources, for optimized device usage and improved timings. Please refer to your documentation for coding guidelines.
    -----------------------------------------------------------------------
    | ram_type           | Distributed                         |          |
    -----------------------------------------------------------------------
    | Port A                                                              |
    |     aspect ratio   | 4-word x 4-bit                      |          |
    |     weA            | connected to signal <GND>           | high     |
    |     addrA          | connected to signal <Scan>          |          |
    |     diA            | connected to signal <GND>           |          |
    |     doA            | connected to signal <AN>            |          |
    -----------------------------------------------------------------------
Unit <dispsync> synthesized (advanced).

=========================================================================
Advanced HDL Synthesis Report

Macro Statistics
# RAMs                                                 : 1
 4x4-bit single-port distributed Read Only RAM         : 1
# Counters                                             : 2
 32-bit up counter                                     : 2
# Registers                                            : 32
 Flip-Flops                                            : 32
# Multiplexers                                         : 1
 4-bit 4-to-1 multiplexer                              : 1
# Xors                                                 : 100
 1-bit xor2                                            : 100

=========================================================================

=========================================================================
*                         Low Level Synthesis                           *
=========================================================================
WARNING:Xst:1293 - FF/Latch <num_8> has a constant value of 1 in block <CreatNumber>. This FF/Latch will be trimmed during the optimization process.
WARNING:Xst:1293 - FF/Latch <num_9> has a constant value of 1 in block <CreatNumber>. This FF/Latch will be trimmed during the optimization process.
WARNING:Xst:1293 - FF/Latch <num_10> has a constant value of 0 in block <CreatNumber>. This FF/Latch will be trimmed during the optimization process.
WARNING:Xst:1293 - FF/Latch <num_11> has a constant value of 1 in block <CreatNumber>. This FF/Latch will be trimmed during the optimization process.
WARNING:Xst:1293 - FF/Latch <num_12> has a constant value of 0 in block <CreatNumber>. This FF/Latch will be trimmed during the optimization process.
WARNING:Xst:1293 - FF/Latch <num_13> has a constant value of 1 in block <CreatNumber>. This FF/Latch will be trimmed during the optimization process.
WARNING:Xst:1293 - FF/Latch <num_14> has a constant value of 0 in block <CreatNumber>. This FF/Latch will be trimmed during the optimization process.
WARNING:Xst:1293 - FF/Latch <num_15> has a constant value of 1 in block <CreatNumber>. This FF/Latch will be trimmed during the optimization process.
INFO:Xst:2146 - In block <Top>, Counter <clkdiv0/clkdiv> <disp_num0/XLXI_1/clkdiv> are equivalent, XST will keep only <clkdiv0/clkdiv>.
WARNING:Xst:2677 - Node <clkdiv0/clkdiv_19> of sequential type is unconnected in block <Top>.
WARNING:Xst:2677 - Node <clkdiv0/clkdiv_20> of sequential type is unconnected in block <Top>.
WARNING:Xst:2677 - Node <clkdiv0/clkdiv_21> of sequential type is unconnected in block <Top>.
WARNING:Xst:2677 - Node <clkdiv0/clkdiv_22> of sequential type is unconnected in block <Top>.
WARNING:Xst:2677 - Node <clkdiv0/clkdiv_23> of sequential type is unconnected in block <Top>.
WARNING:Xst:2677 - Node <clkdiv0/clkdiv_24> of sequential type is unconnected in block <Top>.
WARNING:Xst:2677 - Node <clkdiv0/clkdiv_25> of sequential type is unconnected in block <Top>.
WARNING:Xst:2677 - Node <clkdiv0/clkdiv_26> of sequential type is unconnected in block <Top>.
WARNING:Xst:2677 - Node <clkdiv0/clkdiv_27> of sequential type is unconnected in block <Top>.
WARNING:Xst:2677 - Node <clkdiv0/clkdiv_28> of sequential type is unconnected in block <Top>.
WARNING:Xst:2677 - Node <clkdiv0/clkdiv_29> of sequential type is unconnected in block <Top>.
WARNING:Xst:2677 - Node <clkdiv0/clkdiv_30> of sequential type is unconnected in block <Top>.
WARNING:Xst:2677 - Node <clkdiv0/clkdiv_31> of sequential type is unconnected in block <Top>.

Optimizing unit <MUX4to1> ...

Optimizing unit <Mux4to14b> ...

Optimizing unit <MyMC14495_MUSER_disp_num> ...

Optimizing unit <Top> ...

Optimizing unit <pbdebounce> ...

Optimizing unit <CreatNumber> ...

Mapping all equations...
Building and optimizing final netlist ...
Found area constraint ratio of 100 (+ 5) on block Top, actual ratio is 0.

Final Macro Processing ...

=========================================================================
Final Register Report

Macro Statistics
# Registers                                            : 43
 Flip-Flops                                            : 43

=========================================================================

=========================================================================
*                           Partition Report                            *
=========================================================================

Partition Implementation Status
-------------------------------

  No Partitions were found in this design.

-------------------------------

=========================================================================
*                            Design Summary                             *
=========================================================================

Top Level Output File Name         : Top.ngc

Primitive and Black Box Usage:
------------------------------
# BELS                             : 175
#      AND2                        : 29
#      AND3                        : 11
#      AND4                        : 9
#      GND                         : 1
#      INV                         : 12
#      LUT1                        : 18
#      LUT2                        : 13
#      LUT3                        : 4
#      LUT4                        : 5
#      LUT5                        : 9
#      LUT6                        : 5
#      MUXCY                       : 18
#      MUXF7                       : 2
#      OR2                         : 7
#      OR3                         : 3
#      OR4                         : 9
#      VCC                         : 1
#      XORCY                       : 19
# FlipFlops/Latches                : 43
#      FD                          : 43
# Clock Buffers                    : 1
#      BUFGP                       : 1
# IO Buffers                       : 18
#      IBUF                        : 6
#      OBUF                        : 12

Device utilization summary:
---------------------------

Selected Device : 7k160tffg676-1 


Slice Logic Utilization: 
 Number of Slice Registers:              43  out of  202800     0%  
 Number of Slice LUTs:                   66  out of  101400     0%  
    Number used as Logic:                66  out of  101400     0%  

Slice Logic Distribution: 
 Number of LUT Flip Flop pairs used:     77
   Number with an unused Flip Flop:      34  out of     77    44%  
   Number with an unused LUT:            11  out of     77    14%  
   Number of fully used LUT-FF pairs:    32  out of     77    41%  
   Number of unique control sets:         4

IO Utilization: 
 Number of IOs:                          19
 Number of bonded IOBs:                  19  out of    400     4%  

Specific Feature Utilization:
 Number of BUFG/BUFGCTRLs:                1  out of     32     3%  

---------------------------
Partition Resource Summary:
---------------------------

  No Partitions were found in this design.

---------------------------


=========================================================================
Timing Report

NOTE: THESE TIMING NUMBERS ARE ONLY A SYNTHESIS ESTIMATE.
      FOR ACCURATE TIMING INFORMATION PLEASE REFER TO THE TRACE REPORT
      GENERATED AFTER PLACE-and-ROUTE.

Clock Information:
------------------
-----------------------------------+----------------------------+-------+
Clock Signal                       | Clock buffer(FF name)      | Load  |
-----------------------------------+----------------------------+-------+
clkdiv0/clkdiv_17                  | NONE(pbdebounce1/pbshift_6)| 16    |
pbdebounce1/pbreg                  | NONE(CreateNumber0/num_7)  | 4     |
pbdebounce0/pbreg                  | NONE(CreateNumber0/num_3)  | 4     |
clk                                | BUFGP                      | 19    |
-----------------------------------+----------------------------+-------+
INFO:Xst:2169 - HDL ADVISOR - Some clock signals were not automatically buffered by XST with BUFG/BUFR resources. Please use the buffer_type constraint in order to insert these buffers to the clock signals to help prevent skew problems.

Asynchronous Control Signals Information:
----------------------------------------
No asynchronous control signals found in this design

Timing Summary:
---------------
Speed Grade: -1

   Minimum period: 1.678ns (Maximum Frequency: 595.948MHz)
   Minimum input arrival time before clock: 1.360ns
   Maximum output required time after clock: 7.855ns
   Maximum combinational path delay: 7.600ns

Timing Details:
---------------
All values displayed in nanoseconds (ns)

=========================================================================
Timing constraint: Default period analysis for Clock 'clkdiv0/clkdiv_17'
  Clock period: 1.678ns (frequency: 595.948MHz)
  Total number of paths / destination ports: 42 / 14
-------------------------------------------------------------------------
Delay:               1.678ns (Levels of Logic = 3)
  Source:            pbdebounce1/pbshift_3 (FF)
  Destination:       pbdebounce1/pbreg (FF)
  Source Clock:      clkdiv0/clkdiv_17 rising
  Destination Clock: clkdiv0/clkdiv_17 rising

  Data Path: pbdebounce1/pbshift_3 to pbdebounce1/pbreg
                                Gate     Net
    Cell:in->out      fanout   Delay   Delay  Logical Name (Net Name)
    ----------------------------------------  ------------
     FD:C->Q               3   0.282   0.649  pbdebounce1/pbshift_3 (pbdebounce1/pbshift_3)
     LUT4:I0->O            1   0.053   0.413  pbdebounce1/pbreg_glue_set_SW0 (N12)
     LUT5:I4->O            1   0.053   0.000  pbdebounce1/pbreg_rstpot_G (N17)
     MUXF7:I1->O           1   0.217   0.000  pbdebounce1/pbreg_rstpot (pbdebounce1/pbreg_rstpot)
     FD:D                      0.011          pbdebounce1/pbreg
    ----------------------------------------
    Total                      1.678ns (0.616ns logic, 1.062ns route)
                                       (36.7% logic, 63.3% route)

=========================================================================
Timing constraint: Default period analysis for Clock 'pbdebounce1/pbreg'
  Clock period: 1.217ns (frequency: 821.693MHz)
  Total number of paths / destination ports: 10 / 4
-------------------------------------------------------------------------
Delay:               1.217ns (Levels of Logic = 1)
  Source:            CreateNumber0/num_4 (FF)
  Destination:       CreateNumber0/num_4 (FF)
  Source Clock:      pbdebounce1/pbreg rising
  Destination Clock: pbdebounce1/pbreg rising

  Data Path: CreateNumber0/num_4 to CreateNumber0/num_4
                                Gate     Net
    Cell:in->out      fanout   Delay   Delay  Logical Name (Net Name)
    ----------------------------------------  ------------
     FD:C->Q              10   0.282   0.458  CreateNumber0/num_4 (CreateNumber0/num_4)
     INV:I->O              1   0.067   0.399  CreateNumber0/AddSub4b1/AddSub1b0/adder_1bit0/Mxor_S_xo<0>1_INV_0 (CreateNumber0/B<0>)
     FD:D                      0.011          CreateNumber0/num_4
    ----------------------------------------
    Total                      1.217ns (0.360ns logic, 0.857ns route)
                                       (29.6% logic, 70.4% route)

=========================================================================
Timing constraint: Default period analysis for Clock 'pbdebounce0/pbreg'
  Clock period: 1.217ns (frequency: 821.693MHz)
  Total number of paths / destination ports: 10 / 4
-------------------------------------------------------------------------
Delay:               1.217ns (Levels of Logic = 1)
  Source:            CreateNumber0/num_0 (FF)
  Destination:       CreateNumber0/num_0 (FF)
  Source Clock:      pbdebounce0/pbreg rising
  Destination Clock: pbdebounce0/pbreg rising

  Data Path: CreateNumber0/num_0 to CreateNumber0/num_0
                                Gate     Net
    Cell:in->out      fanout   Delay   Delay  Logical Name (Net Name)
    ----------------------------------------  ------------
     FD:C->Q              10   0.282   0.458  CreateNumber0/num_0 (CreateNumber0/num_0)
     INV:I->O              1   0.067   0.399  CreateNumber0/AddSub4b0/AddSub1b0/adder_1bit0/Mxor_S_xo<0>1_INV_0 (CreateNumber0/A<0>)
     FD:D                      0.011          CreateNumber0/num_0
    ----------------------------------------
    Total                      1.217ns (0.360ns logic, 0.857ns route)
                                       (29.6% logic, 70.4% route)

=========================================================================
Timing constraint: Default period analysis for Clock 'clk'
  Clock period: 1.625ns (frequency: 615.385MHz)
  Total number of paths / destination ports: 190 / 19
-------------------------------------------------------------------------
Delay:               1.625ns (Levels of Logic = 20)
  Source:            clkdiv0/clkdiv_0 (FF)
  Destination:       clkdiv0/clkdiv_18 (FF)
  Source Clock:      clk rising
  Destination Clock: clk rising

  Data Path: clkdiv0/clkdiv_0 to clkdiv0/clkdiv_18
                                Gate     Net
    Cell:in->out      fanout   Delay   Delay  Logical Name (Net Name)
    ----------------------------------------  ------------
     FD:C->Q               1   0.282   0.399  clkdiv0/clkdiv_0 (clkdiv0/clkdiv_0)
     INV:I->O              1   0.067   0.000  clkdiv0/Mcount_clkdiv_lut<0>_INV_0 (clkdiv0/Mcount_clkdiv_lut<0>)
     MUXCY:S->O            1   0.291   0.000  clkdiv0/Mcount_clkdiv_cy<0> (clkdiv0/Mcount_clkdiv_cy<0>)
     MUXCY:CI->O           1   0.015   0.000  clkdiv0/Mcount_clkdiv_cy<1> (clkdiv0/Mcount_clkdiv_cy<1>)
     MUXCY:CI->O           1   0.015   0.000  clkdiv0/Mcount_clkdiv_cy<2> (clkdiv0/Mcount_clkdiv_cy<2>)
     MUXCY:CI->O           1   0.015   0.000  clkdiv0/Mcount_clkdiv_cy<3> (clkdiv0/Mcount_clkdiv_cy<3>)
     MUXCY:CI->O           1   0.015   0.000  clkdiv0/Mcount_clkdiv_cy<4> (clkdiv0/Mcount_clkdiv_cy<4>)
     MUXCY:CI->O           1   0.015   0.000  clkdiv0/Mcount_clkdiv_cy<5> (clkdiv0/Mcount_clkdiv_cy<5>)
     MUXCY:CI->O           1   0.015   0.000  clkdiv0/Mcount_clkdiv_cy<6> (clkdiv0/Mcount_clkdiv_cy<6>)
     MUXCY:CI->O           1   0.015   0.000  clkdiv0/Mcount_clkdiv_cy<7> (clkdiv0/Mcount_clkdiv_cy<7>)
     MUXCY:CI->O           1   0.015   0.000  clkdiv0/Mcount_clkdiv_cy<8> (clkdiv0/Mcount_clkdiv_cy<8>)
     MUXCY:CI->O           1   0.015   0.000  clkdiv0/Mcount_clkdiv_cy<9> (clkdiv0/Mcount_clkdiv_cy<9>)
     MUXCY:CI->O           1   0.015   0.000  clkdiv0/Mcount_clkdiv_cy<10> (clkdiv0/Mcount_clkdiv_cy<10>)
     MUXCY:CI->O           1   0.015   0.000  clkdiv0/Mcount_clkdiv_cy<11> (clkdiv0/Mcount_clkdiv_cy<11>)
     MUXCY:CI->O           1   0.015   0.000  clkdiv0/Mcount_clkdiv_cy<12> (clkdiv0/Mcount_clkdiv_cy<12>)
     MUXCY:CI->O           1   0.015   0.000  clkdiv0/Mcount_clkdiv_cy<13> (clkdiv0/Mcount_clkdiv_cy<13>)
     MUXCY:CI->O           1   0.015   0.000  clkdiv0/Mcount_clkdiv_cy<14> (clkdiv0/Mcount_clkdiv_cy<14>)
     MUXCY:CI->O           1   0.015   0.000  clkdiv0/Mcount_clkdiv_cy<15> (clkdiv0/Mcount_clkdiv_cy<15>)
     MUXCY:CI->O           1   0.015   0.000  clkdiv0/Mcount_clkdiv_cy<16> (clkdiv0/Mcount_clkdiv_cy<16>)
     MUXCY:CI->O           0   0.015   0.000  clkdiv0/Mcount_clkdiv_cy<17> (clkdiv0/Mcount_clkdiv_cy<17>)
     XORCY:CI->O           1   0.320   0.000  clkdiv0/Mcount_clkdiv_xor<18> (Result<18>)
     FD:D                      0.011          clkdiv0/clkdiv_18
    ----------------------------------------
    Total                      1.625ns (1.226ns logic, 0.399ns route)
                                       (75.4% logic, 24.6% route)

=========================================================================
Timing constraint: Default OFFSET IN BEFORE for Clock 'clkdiv0/clkdiv_17'
  Total number of paths / destination ports: 6 / 4
-------------------------------------------------------------------------
Offset:              1.360ns (Levels of Logic = 4)
  Source:            SW<1> (PAD)
  Destination:       pbdebounce1/pbreg (FF)
  Destination Clock: clkdiv0/clkdiv_17 rising

  Data Path: SW<1> to pbdebounce1/pbreg
                                Gate     Net
    Cell:in->out      fanout   Delay   Delay  Logical Name (Net Name)
    ----------------------------------------  ------------
     IBUF:I->O             3   0.000   0.616  SW_1_IBUF (SW_1_IBUF)
     LUT3:I0->O            1   0.053   0.413  pbdebounce1/_n0011_SW0 (N01)
     LUT6:I5->O            1   0.053   0.000  pbdebounce1/pbreg_rstpot_F (N16)
     MUXF7:I0->O           1   0.214   0.000  pbdebounce1/pbreg_rstpot (pbdebounce1/pbreg_rstpot)
     FD:D                      0.011          pbdebounce1/pbreg
    ----------------------------------------
    Total                      1.360ns (0.331ns logic, 1.029ns route)
                                       (24.3% logic, 75.7% route)

=========================================================================
Timing constraint: Default OFFSET IN BEFORE for Clock 'pbdebounce1/pbreg'
  Total number of paths / destination ports: 3 / 3
-------------------------------------------------------------------------
Offset:              0.803ns (Levels of Logic = 2)
  Source:            SW<3> (PAD)
  Destination:       CreateNumber0/num_7 (FF)
  Destination Clock: pbdebounce1/pbreg rising

  Data Path: SW<3> to CreateNumber0/num_7
                                Gate     Net
    Cell:in->out      fanout   Delay   Delay  Logical Name (Net Name)
    ----------------------------------------  ------------
     IBUF:I->O             3   0.000   0.739  SW_3_IBUF (SW_3_IBUF)
     LUT5:I0->O            1   0.053   0.000  CreateNumber0/B<3>1 (CreateNumber0/B<3>)
     FD:D                      0.011          CreateNumber0/num_7
    ----------------------------------------
    Total                      0.803ns (0.064ns logic, 0.739ns route)
                                       (8.0% logic, 92.0% route)

=========================================================================
Timing constraint: Default OFFSET IN BEFORE for Clock 'pbdebounce0/pbreg'
  Total number of paths / destination ports: 3 / 3
-------------------------------------------------------------------------
Offset:              0.803ns (Levels of Logic = 2)
  Source:            SW<2> (PAD)
  Destination:       CreateNumber0/num_3 (FF)
  Destination Clock: pbdebounce0/pbreg rising

  Data Path: SW<2> to CreateNumber0/num_3
                                Gate     Net
    Cell:in->out      fanout   Delay   Delay  Logical Name (Net Name)
    ----------------------------------------  ------------
     IBUF:I->O             3   0.000   0.739  SW_2_IBUF (SW_2_IBUF)
     LUT5:I0->O            1   0.053   0.000  CreateNumber0/A<3>1 (CreateNumber0/A<3>)
     FD:D                      0.011          CreateNumber0/num_3
    ----------------------------------------
    Total                      0.803ns (0.064ns logic, 0.739ns route)
                                       (8.0% logic, 92.0% route)

=========================================================================
Timing constraint: Default OFFSET OUT AFTER for Clock 'clk'
  Total number of paths / destination ports: 180 / 11
-------------------------------------------------------------------------
Offset:              4.903ns (Levels of Logic = 6)
  Source:            clkdiv0/clkdiv_17 (FF)
  Destination:       SEGMENT<3> (PAD)
  Source Clock:      clk rising

  Data Path: clkdiv0/clkdiv_17 to SEGMENT<3>
                                Gate     Net
    Cell:in->out      fanout   Delay   Delay  Logical Name (Net Name)
    ----------------------------------------  ------------
     FD:C->Q              25   0.282   0.890  clkdiv0/clkdiv_17 (clkdiv0/clkdiv_17)
     LUT6:I0->O           12   0.053   0.471  disp_num0/XLXI_3/Mmux_Hex11 (disp_num0/Hex<0>)
     INV:I->O              6   0.393   0.772  disp_num0/XLXI_2/XLXI_4 (disp_num0/XLXI_2/XLXN_62)
     AND3:I0->O            2   0.053   0.731  disp_num0/XLXI_2/AD14 (disp_num0/XLXI_2/XLXN_30)
     OR4:I1->O             1   0.067   0.725  disp_num0/XLXI_2/XLXI_32 (disp_num0/XLXI_2/XLXN_39)
     OR2:I1->O             1   0.067   0.399  disp_num0/XLXI_2/XLXI_39 (SEGMENT_1_OBUF)
     OBUF:I->O                 0.000          SEGMENT_1_OBUF (SEGMENT<1>)
    ----------------------------------------
    Total                      4.903ns (0.915ns logic, 3.988ns route)
                                       (18.7% logic, 81.3% route)

=========================================================================
Timing constraint: Default OFFSET OUT AFTER for Clock 'pbdebounce1/pbreg'
  Total number of paths / destination ports: 860 / 7
-------------------------------------------------------------------------
Offset:              7.732ns (Levels of Logic = 10)
  Source:            CreateNumber0/num_4 (FF)
  Destination:       SEGMENT<3> (PAD)
  Source Clock:      pbdebounce1/pbreg rising

  Data Path: CreateNumber0/num_4 to SEGMENT<3>
                                Gate     Net
    Cell:in->out      fanout   Delay   Delay  Logical Name (Net Name)
    ----------------------------------------  ------------
     FD:C->Q              10   0.282   0.661  CreateNumber0/num_4 (CreateNumber0/num_4)
     LUT5:I2->O            3   0.053   0.753  ALU0/AddSub4b0/AddSub1b1/adder_1bit0/Mxor_C0_xo<0>1 (ALU0/AddSub4b0/C<1>)
     LUT6:I0->O            2   0.053   0.745  ALU0/AddSub4b0/AddSub1b3/adder_1bit0/Mxor_S_xo<0>1 (ALU0/S0<3>)
     AND2:I0->O            1   0.053   0.602  ALU0/Mux4to14b0/XLXI_47 (ALU0/Mux4to14b0/XLXN_41)
     OR4:I3->O             1   0.190   0.602  ALU0/Mux4to14b0/XLXI_51 (C<3>)
     LUT5:I2->O            8   0.053   0.445  disp_num0/XLXI_3/Mmux_Hex41 (disp_num0/Hex<3>)
     INV:I->O             11   0.393   0.668  disp_num0/XLXI_2/XLXI_1 (disp_num0/XLXI_2/XLXN_54)
     AND4:I3->O            2   0.190   0.608  disp_num0/XLXI_2/AD20 (disp_num0/XLXI_2/XLXN_25)
     OR4:I3->O             1   0.190   0.725  disp_num0/XLXI_2/XLXI_30 (disp_num0/XLXI_2/XLXN_41)
     OR2:I1->O             1   0.067   0.399  disp_num0/XLXI_2/XLXI_37 (SEGMENT_3_OBUF)
     OBUF:I->O                 0.000          SEGMENT_3_OBUF (SEGMENT<3>)
    ----------------------------------------
    Total                      7.732ns (1.524ns logic, 6.208ns route)
                                       (19.7% logic, 80.3% route)

=========================================================================
Timing constraint: Default OFFSET OUT AFTER for Clock 'pbdebounce0/pbreg'
  Total number of paths / destination ports: 860 / 7
-------------------------------------------------------------------------
Offset:              7.855ns (Levels of Logic = 10)
  Source:            CreateNumber0/num_0 (FF)
  Destination:       SEGMENT<3> (PAD)
  Source Clock:      pbdebounce0/pbreg rising

  Data Path: CreateNumber0/num_0 to SEGMENT<3>
                                Gate     Net
    Cell:in->out      fanout   Delay   Delay  Logical Name (Net Name)
    ----------------------------------------  ------------
     FD:C->Q              10   0.282   0.784  CreateNumber0/num_0 (CreateNumber0/num_0)
     LUT5:I0->O            3   0.053   0.753  ALU0/AddSub4b0/AddSub1b1/adder_1bit0/Mxor_C0_xo<0>1 (ALU0/AddSub4b0/C<1>)
     LUT6:I0->O            2   0.053   0.745  ALU0/AddSub4b0/AddSub1b3/adder_1bit0/Mxor_S_xo<0>1 (ALU0/S0<3>)
     AND2:I0->O            1   0.053   0.602  ALU0/Mux4to14b0/XLXI_47 (ALU0/Mux4to14b0/XLXN_41)
     OR4:I3->O             1   0.190   0.602  ALU0/Mux4to14b0/XLXI_51 (C<3>)
     LUT5:I2->O            8   0.053   0.445  disp_num0/XLXI_3/Mmux_Hex41 (disp_num0/Hex<3>)
     INV:I->O             11   0.393   0.668  disp_num0/XLXI_2/XLXI_1 (disp_num0/XLXI_2/XLXN_54)
     AND4:I3->O            2   0.190   0.608  disp_num0/XLXI_2/AD20 (disp_num0/XLXI_2/XLXN_25)
     OR4:I3->O             1   0.190   0.725  disp_num0/XLXI_2/XLXI_30 (disp_num0/XLXI_2/XLXN_41)
     OR2:I1->O             1   0.067   0.399  disp_num0/XLXI_2/XLXI_37 (SEGMENT_3_OBUF)
     OBUF:I->O                 0.000          SEGMENT_3_OBUF (SEGMENT<3>)
    ----------------------------------------
    Total                      7.855ns (1.524ns logic, 6.331ns route)
                                       (19.4% logic, 80.6% route)

=========================================================================
Timing constraint: Default path analysis
  Total number of paths / destination ports: 1158 / 7
-------------------------------------------------------------------------
Delay:               7.600ns (Levels of Logic = 11)
  Source:            SW2<0> (PAD)
  Destination:       SEGMENT<3> (PAD)

  Data Path: SW2<0> to SEGMENT<3>
                                Gate     Net
    Cell:in->out      fanout   Delay   Delay  Logical Name (Net Name)
    ----------------------------------------  ------------
     IBUF:I->O            11   0.000   0.465  SW2_0_IBUF (SW2_0_IBUF)
     INV:I->O              2   0.393   0.731  ALU0/Mux4to14b0/XLXI_2 (ALU0/Mux4to14b0/XLXN_6)
     AND2:I1->O            4   0.067   0.745  ALU0/Mux4to14b0/XLXI_5 (ALU0/Mux4to14b0/XLXN_47)
     AND2:I1->O            1   0.067   0.725  ALU0/Mux4to14b0/XLXI_14 (ALU0/Mux4to14b0/XLXN_15)
     OR4:I1->O             1   0.067   0.602  ALU0/Mux4to14b0/XLXI_16 (C<1>)
     LUT5:I2->O           11   0.053   0.465  disp_num0/XLXI_3/Mmux_Hex21 (disp_num0/Hex<1>)
     INV:I->O              8   0.393   0.771  disp_num0/XLXI_2/XLXI_3 (disp_num0/XLXI_2/XLXN_59)
     AND4:I1->O            2   0.067   0.608  disp_num0/XLXI_2/AD18 (disp_num0/XLXI_2/XLXN_12)
     OR4:I3->O             1   0.190   0.725  disp_num0/XLXI_2/XLXI_29 (disp_num0/XLXI_2/XLXN_43)
     OR2:I1->O             1   0.067   0.399  disp_num0/XLXI_2/XLXI_35 (SEGMENT_5_OBUF)
     OBUF:I->O                 0.000          SEGMENT_5_OBUF (SEGMENT<5>)
    ----------------------------------------
    Total                      7.600ns (1.364ns logic, 6.236ns route)
                                       (17.9% logic, 82.1% route)

=========================================================================

Cross Clock Domains Report:
--------------------------

Clock to Setup on destination clock clk
---------------+---------+---------+---------+---------+
               | Src:Rise| Src:Fall| Src:Rise| Src:Fall|
Source Clock   |Dest:Rise|Dest:Rise|Dest:Fall|Dest:Fall|
---------------+---------+---------+---------+---------+
clk            |    1.625|         |         |         |
---------------+---------+---------+---------+---------+

Clock to Setup on destination clock clkdiv0/clkdiv_17
-----------------+---------+---------+---------+---------+
                 | Src:Rise| Src:Fall| Src:Rise| Src:Fall|
Source Clock     |Dest:Rise|Dest:Rise|Dest:Fall|Dest:Fall|
-----------------+---------+---------+---------+---------+
clkdiv0/clkdiv_17|    1.678|         |         |         |
-----------------+---------+---------+---------+---------+

Clock to Setup on destination clock pbdebounce0/pbreg
-----------------+---------+---------+---------+---------+
                 | Src:Rise| Src:Fall| Src:Rise| Src:Fall|
Source Clock     |Dest:Rise|Dest:Rise|Dest:Fall|Dest:Fall|
-----------------+---------+---------+---------+---------+
pbdebounce0/pbreg|    1.217|         |         |         |
-----------------+---------+---------+---------+---------+

Clock to Setup on destination clock pbdebounce1/pbreg
-----------------+---------+---------+---------+---------+
                 | Src:Rise| Src:Fall| Src:Rise| Src:Fall|
Source Clock     |Dest:Rise|Dest:Rise|Dest:Fall|Dest:Fall|
-----------------+---------+---------+---------+---------+
pbdebounce1/pbreg|    1.217|         |         |         |
-----------------+---------+---------+---------+---------+

=========================================================================


Total REAL time to Xst completion: 8.00 secs
Total CPU time to Xst completion: 7.89 secs
 
--> 

Total memory usage is 4654652 kilobytes

Number of errors   :    0 (   0 filtered)
Number of warnings :   30 (   0 filtered)
Number of infos    :    7 (   0 filtered)

