--------------------------------------------------------------------------------
Release 14.7 Trace  (nt64)
Copyright (c) 1995-2013 Xilinx, Inc.  All rights reserved.

C:\Xilinx\14.7\ISE_DS\ISE\bin\nt64\unwrapped\trce.exe -intstyle ise -v 3 -s 1
-n 3 -fastpaths -xml Top.twx Top.ncd -o Top.twr Top.pcf -ucf K7.ucf

Design file:              Top.ncd
Physical constraint file: Top.pcf
Device,package,speed:     xc7k160t,ffg676,C,-1 (PRODUCTION 1.10 2013-10-13)
Report level:             verbose report

Environment Variable      Effect 
--------------------      ------ 
NONE                      No environment variables were set
--------------------------------------------------------------------------------

INFO:Timing:2698 - No timing constraints found, doing default enumeration.
INFO:Timing:3412 - To improve timing, see the Timing Closure User Guide (UG612).
INFO:Timing:2752 - To get complete path coverage, use the unconstrained paths 
   option. All paths that are not constrained will be reported in the 
   unconstrained paths section(s) of the report.
INFO:Timing:3339 - The clock-to-out numbers in this timing report are based on 
   a 50 Ohm transmission line loading model.  For the details of this model, 
   and for more information on accounting for different loading conditions, 
   please see the device datasheet.



Data Sheet report:
-----------------
All values displayed in nanoseconds (ns)

Clock clk to Pad
------------+-----------------+------------+-----------------+------------+------------------+--------+
            |Max (slowest) clk|  Process   |Min (fastest) clk|  Process   |                  | Clock  |
Destination |  (edge) to PAD  |   Corner   |  (edge) to PAD  |   Corner   |Internal Clock(s) | Phase  |
------------+-----------------+------------+-----------------+------------+------------------+--------+
AN<0>       |        12.584(R)|      SLOW  |         4.660(R)|      FAST  |clk_BUFGP         |   0.000|
AN<1>       |        12.748(R)|      SLOW  |         4.721(R)|      FAST  |clk_BUFGP         |   0.000|
AN<2>       |        12.573(R)|      SLOW  |         4.698(R)|      FAST  |clk_BUFGP         |   0.000|
AN<3>       |        12.706(R)|      SLOW  |         4.748(R)|      FAST  |clk_BUFGP         |   0.000|
SEGMENT<0>  |        16.067(R)|      SLOW  |         5.198(R)|      FAST  |clk_BUFGP         |   0.000|
SEGMENT<1>  |        14.715(R)|      SLOW  |         4.984(R)|      FAST  |clk_BUFGP         |   0.000|
SEGMENT<2>  |        14.542(R)|      SLOW  |         5.152(R)|      FAST  |clk_BUFGP         |   0.000|
SEGMENT<3>  |        15.387(R)|      SLOW  |         4.763(R)|      FAST  |clk_BUFGP         |   0.000|
SEGMENT<4>  |        14.506(R)|      SLOW  |         5.089(R)|      FAST  |clk_BUFGP         |   0.000|
SEGMENT<5>  |        15.078(R)|      SLOW  |         5.044(R)|      FAST  |clk_BUFGP         |   0.000|
SEGMENT<6>  |        14.603(R)|      SLOW  |         5.154(R)|      FAST  |clk_BUFGP         |   0.000|
------------+-----------------+------------+-----------------+------------+------------------+--------+

Clock to Setup on destination clock clk
---------------+---------+---------+---------+---------+
               | Src:Rise| Src:Fall| Src:Rise| Src:Fall|
Source Clock   |Dest:Rise|Dest:Rise|Dest:Fall|Dest:Fall|
---------------+---------+---------+---------+---------+
clk            |    1.374|         |         |         |
---------------+---------+---------+---------+---------+

Pad to Pad
---------------+---------------+---------+
Source Pad     |Destination Pad|  Delay  |
---------------+---------------+---------+
SW2<0>         |SEGMENT<0>     |   14.735|
SW2<0>         |SEGMENT<1>     |   13.242|
SW2<0>         |SEGMENT<2>     |   13.069|
SW2<0>         |SEGMENT<3>     |   14.055|
SW2<0>         |SEGMENT<4>     |   12.740|
SW2<0>         |SEGMENT<5>     |   13.473|
SW2<0>         |SEGMENT<6>     |   12.837|
SW2<1>         |SEGMENT<0>     |   14.383|
SW2<1>         |SEGMENT<1>     |   13.277|
SW2<1>         |SEGMENT<2>     |   13.104|
SW2<1>         |SEGMENT<3>     |   13.703|
SW2<1>         |SEGMENT<4>     |   13.002|
SW2<1>         |SEGMENT<5>     |   13.312|
SW2<1>         |SEGMENT<6>     |   13.107|
---------------+---------------+---------+


Analysis completed Tue Nov 27 13:43:56 2018 
--------------------------------------------------------------------------------

Trace Settings:
-------------------------
Trace Settings 

Peak Memory Usage: 5101 MB



