--------------------------------------------------------------------------------
Release 14.7 Trace  (nt64)
Copyright (c) 1995-2013 Xilinx, Inc.  All rights reserved.

C:\Xilinx\14.7\ISE_DS\ISE\bin\nt64\unwrapped\trce.exe -intstyle ise -v 3 -s 1
-n 3 -fastpaths -xml HLD.twx HLD.ncd -o HLD.twr HLD.pcf

Design file:              HLD.ncd
Physical constraint file: HLD.pcf
Device,package,speed:     xc7k160t,ffg676,C,-1 (PRODUCTION 1.10 2013-10-13)
Report level:             verbose report

Environment Variable      Effect 
--------------------      ------ 
NONE                      No environment variables were set
--------------------------------------------------------------------------------

INFO:Timing:2698 - No timing constraints found, doing default enumeration.
INFO:Timing:3412 - To improve timing, see the Timing Closure User Guide (UG612).
INFO:Timing:2752 - To get complete path coverage, use the unconstrained paths 
   option. All paths that are not constrained will be reported in the 
   unconstrained paths section(s) of the report.
INFO:Timing:3339 - The clock-to-out numbers in this timing report are based on 
   a 50 Ohm transmission line loading model.  For the details of this model, 
   and for more information on accounting for different loading conditions, 
   please see the device datasheet.



Data Sheet report:
-----------------
All values displayed in nanoseconds (ns)

Pad to Pad
---------------+---------------+---------+
Source Pad     |Destination Pad|  Delay  |
---------------+---------------+---------+
A              |GEW            |    6.004|
A              |GNS            |    6.115|
A              |REW            |    5.714|
A              |RNS            |    5.476|
A              |YEW            |    5.577|
A              |YNS            |    5.723|
B              |GNS            |    5.854|
B              |REW            |    5.956|
B              |RNS            |    5.706|
B              |YEW            |    5.808|
B              |YNS            |    5.965|
C              |GEW            |    5.604|
C              |GNS            |    5.707|
C              |REW            |    5.966|
C              |RNS            |    5.720|
C              |YEW            |    5.828|
C              |YNS            |    5.981|
D              |GEW            |    5.911|
D              |REW            |    6.003|
D              |RNS            |    5.756|
D              |YEW            |    5.859|
D              |YNS            |    6.014|
---------------+---------------+---------+


Analysis completed Mon Oct 22 23:48:01 2018 
--------------------------------------------------------------------------------

Trace Settings:
-------------------------
Trace Settings 

Peak Memory Usage: 5103 MB



