--------------------------------------------------------------------------------
Release 14.7 Trace  (nt64)
Copyright (c) 1995-2013 Xilinx, Inc.  All rights reserved.

C:\Xilinx\14.7\ISE_DS\ISE\bin\nt64\unwrapped\trce.exe -intstyle ise -v 3 -s 1
-n 3 -fastpaths -xml Top.twx Top.ncd -o Top.twr Top.pcf -ucf k7.ucf

Design file:              Top.ncd
Physical constraint file: Top.pcf
Device,package,speed:     xc7k160t,ffg676,C,-1 (PRODUCTION 1.10 2013-10-13)
Report level:             verbose report

Environment Variable      Effect 
--------------------      ------ 
NONE                      No environment variables were set
--------------------------------------------------------------------------------

INFO:Timing:2698 - No timing constraints found, doing default enumeration.
INFO:Timing:3412 - To improve timing, see the Timing Closure User Guide (UG612).
INFO:Timing:2752 - To get complete path coverage, use the unconstrained paths 
   option. All paths that are not constrained will be reported in the 
   unconstrained paths section(s) of the report.
INFO:Timing:3339 - The clock-to-out numbers in this timing report are based on 
   a 50 Ohm transmission line loading model.  For the details of this model, 
   and for more information on accounting for different loading conditions, 
   please see the device datasheet.



Data Sheet report:
-----------------
All values displayed in nanoseconds (ns)

Clock clk to Pad
------------+-----------------+------------+-----------------+------------+------------------+--------+
            |Max (slowest) clk|  Process   |Min (fastest) clk|  Process   |                  | Clock  |
Destination |  (edge) to PAD  |   Corner   |  (edge) to PAD  |   Corner   |Internal Clock(s) | Phase  |
------------+-----------------+------------+-----------------+------------+------------------+--------+
AN<0>       |        11.200(R)|      SLOW  |         4.220(R)|      FAST  |clk_BUFGP         |   0.000|
AN<1>       |        11.332(R)|      SLOW  |         4.276(R)|      FAST  |clk_BUFGP         |   0.000|
AN<2>       |        11.470(R)|      SLOW  |         4.330(R)|      FAST  |clk_BUFGP         |   0.000|
AN<3>       |        11.516(R)|      SLOW  |         4.347(R)|      FAST  |clk_BUFGP         |   0.000|
SEGMENT<0>  |        13.483(R)|      SLOW  |         4.712(R)|      FAST  |clk_BUFGP         |   0.000|
SEGMENT<1>  |        13.297(R)|      SLOW  |         4.644(R)|      FAST  |clk_BUFGP         |   0.000|
SEGMENT<2>  |        13.117(R)|      SLOW  |         4.644(R)|      FAST  |clk_BUFGP         |   0.000|
SEGMENT<3>  |        13.566(R)|      SLOW  |         4.458(R)|      FAST  |clk_BUFGP         |   0.000|
SEGMENT<4>  |        12.358(R)|      SLOW  |         4.454(R)|      FAST  |clk_BUFGP         |   0.000|
SEGMENT<5>  |        13.164(R)|      SLOW  |         4.709(R)|      FAST  |clk_BUFGP         |   0.000|
SEGMENT<6>  |        12.639(R)|      SLOW  |         4.594(R)|      FAST  |clk_BUFGP         |   0.000|
------------+-----------------+------------+-----------------+------------+------------------+--------+

Clock to Setup on destination clock clk
---------------+---------+---------+---------+---------+
               | Src:Rise| Src:Fall| Src:Rise| Src:Fall|
Source Clock   |Dest:Rise|Dest:Rise|Dest:Fall|Dest:Fall|
---------------+---------+---------+---------+---------+
clk            |    2.783|         |         |         |
---------------+---------+---------+---------+---------+

Pad to Pad
---------------+---------------+---------+
Source Pad     |Destination Pad|  Delay  |
---------------+---------------+---------+
SW             |LED            |    9.870|
---------------+---------------+---------+


Analysis completed Tue Dec 04 14:43:18 2018 
--------------------------------------------------------------------------------

Trace Settings:
-------------------------
Trace Settings 

Peak Memory Usage: 5101 MB



