Release 14.7 - xst P.20131013 (nt64)
Copyright (c) 1995-2013 Xilinx, Inc.  All rights reserved.
--> Parameter TMPDIR set to xst/projnav.tmp


Total REAL time to Xst completion: 0.00 secs
Total CPU time to Xst completion: 0.11 secs
 
--> Parameter xsthdpdir set to xst


Total REAL time to Xst completion: 0.00 secs
Total CPU time to Xst completion: 0.11 secs
 
--> Reading design: OExp06_OwnSCPU.prj

TABLE OF CONTENTS
  1) Synthesis Options Summary
  2) HDL Parsing
  3) HDL Elaboration
  4) HDL Synthesis
       4.1) HDL Synthesis Report
  5) Advanced HDL Synthesis
       5.1) Advanced HDL Synthesis Report
  6) Low Level Synthesis
  7) Partition Report
  8) Design Summary
       8.1) Primitive and Black Box Usage
       8.2) Device utilization summary
       8.3) Partition Resource Summary
       8.4) Timing Report
            8.4.1) Clock Information
            8.4.2) Asynchronous Control Signals Information
            8.4.3) Timing Summary
            8.4.4) Timing Details
            8.4.5) Cross Clock Domains Report


=========================================================================
*                      Synthesis Options Summary                        *
=========================================================================
---- Source Parameters
Input File Name                    : "OExp06_OwnSCPU.prj"
Ignore Synthesis Constraint File   : NO

---- Target Parameters
Output File Name                   : "OExp06_OwnSCPU"
Output Format                      : NGC
Target Device                      : xc7k160t-2L-ffg676

---- Source Options
Top Module Name                    : OExp06_OwnSCPU
Automatic FSM Extraction           : YES
FSM Encoding Algorithm             : Auto
Safe Implementation                : No
FSM Style                          : LUT
RAM Extraction                     : Yes
RAM Style                          : Auto
ROM Extraction                     : Yes
Shift Register Extraction          : YES
ROM Style                          : Auto
Resource Sharing                   : YES
Asynchronous To Synchronous        : NO
Shift Register Minimum Size        : 2
Use DSP Block                      : Auto
Automatic Register Balancing       : No

---- Target Options
LUT Combining                      : Auto
Reduce Control Sets                : Auto
Add IO Buffers                     : YES
Global Maximum Fanout              : 100000
Add Generic Clock Buffer(BUFG)     : 32
Register Duplication               : YES
Optimize Instantiated Primitives   : NO
Use Clock Enable                   : Auto
Use Synchronous Set                : Auto
Use Synchronous Reset              : Auto
Pack IO Registers into IOBs        : Auto
Equivalent register Removal        : YES

---- General Options
Optimization Goal                  : Speed
Optimization Effort                : 1
Power Reduction                    : NO
Keep Hierarchy                     : No
Netlist Hierarchy                  : As_Optimized
RTL Output                         : Yes
Global Optimization                : AllClockNets
Read Cores                         : YES
Write Timing Constraints           : NO
Cross Clock Analysis               : NO
Hierarchy Separator                : /
Bus Delimiter                      : <>
Case Specifier                     : Maintain
Slice Utilization Ratio            : 100
BRAM Utilization Ratio             : 100
DSP48 Utilization Ratio            : 100
Auto BRAM Packing                  : NO
Slice Utilization Ratio Delta      : 5

---- Other Options
Cores Search Directories           : {"ipcore_dir"  }

=========================================================================


=========================================================================
*                          HDL Parsing                                  *
=========================================================================
Analyzing Verilog file "\\mac\project\Verilog\OExp06-OwnSCPU\xor32.v" into library work
Parsing module <xor32>.
Analyzing Verilog file "\\mac\project\Verilog\OExp06-OwnSCPU\srl32.v" into library work
Parsing module <srl32>.
Analyzing Verilog file "\\mac\project\Verilog\OExp06-OwnSCPU\or_bit_32 .v" into library work
Parsing module <or_bit_32>.
Analyzing Verilog file "\\mac\project\Verilog\OExp06-OwnSCPU\or32.v" into library work
Parsing module <or32>.
Analyzing Verilog file "\\mac\project\Verilog\OExp06-OwnSCPU\nor32.v" into library work
Parsing module <nor32>.
Analyzing Verilog file "\\mac\project\Verilog\OExp06-OwnSCPU\MUX8T1_32.v" into library work
Parsing module <MUX8T1_32>.
Analyzing Verilog file "\\mac\project\Verilog\OExp06-OwnSCPU\Ext_32.v" into library work
Parsing module <SignalExt_32>.
Analyzing Verilog file "\\mac\project\Verilog\OExp06-OwnSCPU\and32.v" into library work
Parsing module <and32>.
Analyzing Verilog file "\\mac\project\Verilog\OExp06-OwnSCPU\addc_32.v" into library work
Parsing module <ADC32>.
Analyzing Verilog file "\\mac\project\Verilog\OExp06-OwnSCPU\Regs.v" into library work
Parsing module <Regs>.
Analyzing Verilog file "\\mac\project\Verilog\OExp06-OwnSCPU\REG32.v" into library work
Parsing module <REG32>.
Analyzing Verilog file "\\mac\project\Verilog\OExp06-OwnSCPU\MUX2T1_5.v" into library work
Parsing module <MUX2T1_5>.
Analyzing Verilog file "\\mac\project\Verilog\OExp06-OwnSCPU\MUX2T1_32.v" into library work
Parsing module <MUX2T1_32>.
Analyzing Verilog file "\\mac\project\Verilog\OExp06-OwnSCPU\MC14495_ZJU.vf" into library work
Parsing module <MC14495_ZJU>.
Analyzing Verilog file "\\mac\project\Verilog\OExp06-OwnSCPU\Ext_imm16.v" into library work
Parsing module <Ext_32>.
Analyzing Verilog file "\\mac\project\Verilog\OExp06-OwnSCPU\ALU.vf" into library work
Parsing module <ALU>.
Analyzing Verilog file "\\mac\project\Verilog\OExp06-OwnSCPU\add_32.v" into library work
Parsing module <add_32>.
Analyzing Verilog file "\\mac\project\Verilog\OExp06-OwnSCPU\SSeg_map.v" into library work
Parsing module <SSeg_map>.
Analyzing Verilog file "\\mac\project\Verilog\OExp06-OwnSCPU\Seg_map.v" into library work
Parsing module <Seg_map>.
Analyzing Verilog file "\\mac\project\Verilog\OExp06-OwnSCPU\SCPU_ctrl.v" into library work
Parsing module <SCPU_ctrl>.
Analyzing Verilog file "\\mac\project\Verilog\OExp06-OwnSCPU\Scansync.v" into library work
Parsing module <ScanSync>.
Analyzing Verilog file "\\mac\project\Verilog\OExp06-OwnSCPU\P2S_IO.v" into library work
Parsing module <P2S>.
Analyzing Verilog file "\\mac\project\Verilog\OExp06-OwnSCPU\MUX8T1_8.v" into library work
Parsing module <MUX8T1_8>.
Analyzing Verilog file "\\mac\project\Verilog\OExp06-OwnSCPU\MUX2T1_8.v" into library work
Parsing module <MUX2T1_8>.
Analyzing Verilog file "\\mac\project\Verilog\OExp06-OwnSCPU\MUX2T1_64.v" into library work
Parsing module <MUX2T1_64>.
Analyzing Verilog file "\\mac\project\Verilog\OExp06-OwnSCPU\LED_P2S_IO.v" into library work
Parsing module <LED_P2S>.
Analyzing Verilog file "\\mac\project\Verilog\OExp06-OwnSCPU\HexTo8SEG.v" into library work
Parsing module <HexTo8SEG>.
Parsing module <Hex2Seg>.
Analyzing Verilog file "\\mac\project\Verilog\OExp06-OwnSCPU\Data_path.vf" into library work
Parsing module <alu_MUSER_Data_path>.
Parsing module <Data_path>.
Analyzing Verilog file "\\mac\project\Verilog\OExp06-OwnSCPU\SSeg7_Dev.vf" into library work
Parsing module <SSeg7_Dev>.
Analyzing Verilog file "\\mac\project\Verilog\OExp06-OwnSCPU\SPIO.v" into library work
Parsing module <SPIO>.
Analyzing Verilog file "\\mac\project\Verilog\OExp06-OwnSCPU\SEnter_2_32_IO.v" into library work
Parsing module <SEnter_2_32>.
Analyzing Verilog file "\\mac\project\Verilog\OExp06-OwnSCPU\Seg7_Dev.vf" into library work
Parsing module <MC14495_ZJU_MUSER_Seg7_Dev>.
Parsing module <Seg7_Dev>.
Analyzing Verilog file "\\mac\project\Verilog\OExp06-OwnSCPU\SCPU.vf" into library work
Parsing module <alu_MUSER_SCPU>.
Parsing module <Data_path_MUSER_SCPU>.
Parsing module <SCPU>.
Analyzing Verilog file "\\mac\project\Verilog\OExp06-OwnSCPU\SAnti_jitter_IO.v" into library work
Parsing module <SAnti_jitter>.
Analyzing Verilog file "\\mac\project\Verilog\OExp06-OwnSCPU\PIO.v" into library work
Parsing module <PIO>.
Analyzing Verilog file "\\mac\project\Verilog\OExp06-OwnSCPU\Multi_8CH32.v" into library work
Parsing module <Multi_8CH32>.
Analyzing Verilog file "\\mac\project\Verilog\OExp06-OwnSCPU\MIO_BUS_IO.v" into library work
Parsing module <MIO_BUS>.
Analyzing Verilog file "\\mac\project\Verilog\OExp06-OwnSCPU\ipcore_dir\ROM_D.v" into library work
Parsing module <ROM_D>.
Analyzing Verilog file "\\mac\project\Verilog\OExp06-OwnSCPU\ipcore_dir\RAM_B.v" into library work
Parsing module <RAM_B>.
Analyzing Verilog file "\\mac\project\Verilog\OExp06-OwnSCPU\Counter_3_IO.v" into library work
Parsing module <Counter_x>.
Analyzing Verilog file "\\mac\project\Verilog\OExp06-OwnSCPU\clk_div.v" into library work
Parsing module <clk_div>.
Analyzing Verilog file "\\mac\project\Verilog\OExp06-OwnSCPU\OExp06_OwnSCPU.vf" into library work
Parsing module <alu_MUSER_OExp06_OwnSCPU>.
Parsing module <Data_path_MUSER_OExp06_OwnSCPU>.
Parsing module <SCPU_MUSER_OExp06_OwnSCPU>.
Parsing module <MC14495_ZJU_MUSER_OExp06_OwnSCPU>.
Parsing module <Seg7_Dev_MUSER_OExp06_OwnSCPU>.
Parsing module <SSeg7_Dev_MUSER_OExp06_OwnSCPU>.
Parsing module <OExp06_OwnSCPU>.

=========================================================================
*                            HDL Elaboration                            *
=========================================================================

Elaborating module <OExp06_OwnSCPU>.

Elaborating module <SEnter_2_32>.
WARNING:HDLCompiler:1499 - "\\mac\project\Verilog\OExp06-OwnSCPU\SEnter_2_32_IO.v" Line 21: Empty module <SEnter_2_32> remains a black box.
WARNING:HDLCompiler:1127 - "\\mac\project\Verilog\OExp06-OwnSCPU\OExp06_OwnSCPU.vf" Line 685: Assignment to Ai ignored, since the identifier is never used
WARNING:HDLCompiler:1127 - "\\mac\project\Verilog\OExp06-OwnSCPU\OExp06_OwnSCPU.vf" Line 686: Assignment to Bi ignored, since the identifier is never used
WARNING:HDLCompiler:1127 - "\\mac\project\Verilog\OExp06-OwnSCPU\OExp06_OwnSCPU.vf" Line 687: Assignment to blink ignored, since the identifier is never used

Elaborating module <SCPU_MUSER_OExp06_OwnSCPU>.

Elaborating module <SCPU_ctrl>.

Elaborating module <Data_path_MUSER_OExp06_OwnSCPU>.

Elaborating module <add_32>.

Elaborating module <Ext_32>.

Elaborating module <MUX2T1_5>.

Elaborating module <MUX2T1_32>.

Elaborating module <REG32>.
WARNING:HDLCompiler:1016 - "\\mac\project\Verilog\OExp06-OwnSCPU\OExp06_OwnSCPU.vf" Line 65: Port shfit is not connected to this instance

Elaborating module <alu_MUSER_OExp06_OwnSCPU>.

Elaborating module <ADC32>.

Elaborating module <and32>.

Elaborating module <or32>.

Elaborating module <xor32>.

Elaborating module <nor32>.

Elaborating module <srl32>.

Elaborating module <or_bit_32>.

Elaborating module <MUX8T1_32>.

Elaborating module <SignalExt_32>.

Elaborating module <GND>.
WARNING:HDLCompiler:552 - "\\mac\project\Verilog\OExp06-OwnSCPU\OExp06_OwnSCPU.vf" Line 65: Input port shfit[4] is not connected on this instance

Elaborating module <Regs>.

Elaborating module <VCC>.

Elaborating module <AND2>.

Elaborating module <ROM_D>.
WARNING:HDLCompiler:1499 - "\\mac\project\Verilog\OExp06-OwnSCPU\ipcore_dir\ROM_D.v" Line 39: Empty module <ROM_D> remains a black box.

Elaborating module <RAM_B>.
WARNING:HDLCompiler:1499 - "\\mac\project\Verilog\OExp06-OwnSCPU\ipcore_dir\RAM_B.v" Line 39: Empty module <RAM_B> remains a black box.

Elaborating module <MIO_BUS>.
WARNING:HDLCompiler:1499 - "\\mac\project\Verilog\OExp06-OwnSCPU\MIO_BUS_IO.v" Line 21: Empty module <MIO_BUS> remains a black box.

Elaborating module <Multi_8CH32>.

Elaborating module <MUX8T1_8>.

Elaborating module <SSeg7_Dev_MUSER_OExp06_OwnSCPU>.

Elaborating module <P2S>.
WARNING:HDLCompiler:1499 - "\\mac\project\Verilog\OExp06-OwnSCPU\P2S_IO.v" Line 21: Empty module <P2S> remains a black box.

Elaborating module <HexTo8SEG>.

Elaborating module <Hex2Seg>.

Elaborating module <MC14495_ZJU>.

Elaborating module <INV>.

Elaborating module <AND4>.

Elaborating module <OR4>.

Elaborating module <AND3>.

Elaborating module <OR3>.

Elaborating module <OR2>.

Elaborating module <SSeg_map>.

Elaborating module <MUX2T1_64>.

Elaborating module <SPIO>.

Elaborating module <LED_P2S>.
WARNING:HDLCompiler:1499 - "\\mac\project\Verilog\OExp06-OwnSCPU\LED_P2S_IO.v" Line 21: Empty module <LED_P2S> remains a black box.
WARNING:HDLCompiler:1127 - "\\mac\project\Verilog\OExp06-OwnSCPU\OExp06_OwnSCPU.vf" Line 766: Assignment to XLXN_141 ignored, since the identifier is never used

Elaborating module <clk_div>.

Elaborating module <SAnti_jitter>.
WARNING:HDLCompiler:1499 - "\\mac\project\Verilog\OExp06-OwnSCPU\SAnti_jitter_IO.v" Line 21: Empty module <SAnti_jitter> remains a black box.
WARNING:HDLCompiler:1127 - "\\mac\project\Verilog\OExp06-OwnSCPU\OExp06_OwnSCPU.vf" Line 787: Assignment to Pluse ignored, since the identifier is never used

Elaborating module <Counter_x>.
WARNING:HDLCompiler:1127 - "\\mac\project\Verilog\OExp06-OwnSCPU\Counter_3_IO.v" Line 43: Assignment to M2 ignored, since the identifier is never used
WARNING:HDLCompiler:634 - "\\mac\project\Verilog\OExp06-OwnSCPU\Counter_3_IO.v" Line 36: Net <counter1[32]> does not have a driver.

Elaborating module <Seg7_Dev_MUSER_OExp06_OwnSCPU>.

Elaborating module <MUX2T1_8>.

Elaborating module <MC14495_ZJU_MUSER_OExp06_OwnSCPU>.

Elaborating module <ScanSync>.

Elaborating module <Seg_map>.

Elaborating module <PIO>.
WARNING:HDLCompiler:1127 - "\\mac\project\Verilog\OExp06-OwnSCPU\OExp06_OwnSCPU.vf" Line 814: Assignment to XLXN_83 ignored, since the identifier is never used
WARNING:HDLCompiler:1127 - "\\mac\project\Verilog\OExp06-OwnSCPU\OExp06_OwnSCPU.vf" Line 815: Assignment to XLXN_85 ignored, since the identifier is never used

Elaborating module <BUF>.
WARNING:HDLCompiler:552 - "\\mac\project\Verilog\OExp06-OwnSCPU\OExp06_OwnSCPU.vf" Line 689: Input port MIO_ready is not connected on this instance

=========================================================================
*                           HDL Synthesis                               *
=========================================================================

Synthesizing Unit <OExp06_OwnSCPU>.
    Related source file is "\\mac\project\Verilog\OExp06-OwnSCPU\OExp06_OwnSCPU.vf".
WARNING:Xst:2898 - Port 'MIO_ready', unconnected in block instance 'U1', is tied to GND.
INFO:Xst:3210 - "\\mac\project\Verilog\OExp06-OwnSCPU\OExp06_OwnSCPU.vf" line 680: Output port <Ai> of the instance <M4> is unconnected or connected to loadless signal.
INFO:Xst:3210 - "\\mac\project\Verilog\OExp06-OwnSCPU\OExp06_OwnSCPU.vf" line 680: Output port <Bi> of the instance <M4> is unconnected or connected to loadless signal.
INFO:Xst:3210 - "\\mac\project\Verilog\OExp06-OwnSCPU\OExp06_OwnSCPU.vf" line 680: Output port <blink> of the instance <M4> is unconnected or connected to loadless signal.
INFO:Xst:3210 - "\\mac\project\Verilog\OExp06-OwnSCPU\OExp06_OwnSCPU.vf" line 689: Output port <CPU_MIO> of the instance <U1> is unconnected or connected to loadless signal.
INFO:Xst:3210 - "\\mac\project\Verilog\OExp06-OwnSCPU\OExp06_OwnSCPU.vf" line 760: Output port <GPIOf0> of the instance <U7> is unconnected or connected to loadless signal.
INFO:Xst:3210 - "\\mac\project\Verilog\OExp06-OwnSCPU\OExp06_OwnSCPU.vf" line 777: Output port <pulse_out> of the instance <U9> is unconnected or connected to loadless signal.
INFO:Xst:3210 - "\\mac\project\Verilog\OExp06-OwnSCPU\OExp06_OwnSCPU.vf" line 810: Output port <counter_set> of the instance <U71> is unconnected or connected to loadless signal.
INFO:Xst:3210 - "\\mac\project\Verilog\OExp06-OwnSCPU\OExp06_OwnSCPU.vf" line 810: Output port <GPIOf0> of the instance <U71> is unconnected or connected to loadless signal.
    Summary:
	no macro.
Unit <OExp06_OwnSCPU> synthesized.

Synthesizing Unit <SCPU_MUSER_OExp06_OwnSCPU>.
    Related source file is "\\mac\project\Verilog\OExp06-OwnSCPU\OExp06_OwnSCPU.vf".
WARNING:Xst:647 - Input <INT> is never used. This port will be preserved and left unconnected if it belongs to a top-level block or it belongs to a sub-block and the hierarchy of this sub-block is preserved.
    Summary:
	no macro.
Unit <SCPU_MUSER_OExp06_OwnSCPU> synthesized.

Synthesizing Unit <SCPU_ctrl>.
    Related source file is "\\mac\project\Verilog\OExp06-OwnSCPU\SCPU_ctrl.v".
WARNING:Xst:647 - Input <Fun<5:4>> is never used. This port will be preserved and left unconnected if it belongs to a top-level block or it belongs to a sub-block and the hierarchy of this sub-block is preserved.
WARNING:Xst:647 - Input <MIO_ready> is never used. This port will be preserved and left unconnected if it belongs to a top-level block or it belongs to a sub-block and the hierarchy of this sub-block is preserved.
    Summary:
	no macro.
Unit <SCPU_ctrl> synthesized.

Synthesizing Unit <Data_path_MUSER_OExp06_OwnSCPU>.
    Related source file is "\\mac\project\Verilog\OExp06-OwnSCPU\OExp06_OwnSCPU.vf".
INFO:Xst:3210 - "\\mac\project\Verilog\OExp06-OwnSCPU\OExp06_OwnSCPU.vf" line 176: Output port <overflow> of the instance <U1_1> is unconnected or connected to loadless signal.
    Summary:
	no macro.
Unit <Data_path_MUSER_OExp06_OwnSCPU> synthesized.

Synthesizing Unit <add_32>.
    Related source file is "\\mac\project\Verilog\OExp06-OwnSCPU\add_32.v".
    Found 32-bit adder for signal <c> created at line 26.
    Summary:
	inferred   1 Adder/Subtractor(s).
Unit <add_32> synthesized.

Synthesizing Unit <Ext_32>.
    Related source file is "\\mac\project\Verilog\OExp06-OwnSCPU\Ext_imm16.v".
    Summary:
	no macro.
Unit <Ext_32> synthesized.

Synthesizing Unit <MUX2T1_5>.
    Related source file is "\\mac\project\Verilog\OExp06-OwnSCPU\MUX2T1_5.v".
    Summary:
	inferred   1 Multiplexer(s).
Unit <MUX2T1_5> synthesized.

Synthesizing Unit <MUX2T1_32>.
    Related source file is "\\mac\project\Verilog\OExp06-OwnSCPU\MUX2T1_32.v".
    Summary:
	inferred   1 Multiplexer(s).
Unit <MUX2T1_32> synthesized.

Synthesizing Unit <REG32>.
    Related source file is "\\mac\project\Verilog\OExp06-OwnSCPU\REG32.v".
    Found 32-bit register for signal <Q>.
    Summary:
	inferred  32 D-type flip-flop(s).
Unit <REG32> synthesized.

Synthesizing Unit <alu_MUSER_OExp06_OwnSCPU>.
    Related source file is "\\mac\project\Verilog\OExp06-OwnSCPU\OExp06_OwnSCPU.vf".
WARNING:Xst:2898 - Port 'shfit', unconnected in block instance 'ALU_U5', is tied to GND.
WARNING:Xst:653 - Signal <overflow> is used but never assigned. This sourceless signal will be automatically connected to value GND.
    Summary:
	no macro.
Unit <alu_MUSER_OExp06_OwnSCPU> synthesized.

Synthesizing Unit <ADC32>.
    Related source file is "\\mac\project\Verilog\OExp06-OwnSCPU\addc_32.v".
    Found 33-bit adder for signal <n0012> created at line 28.
    Found 33-bit adder for signal <S> created at line 28.
    Summary:
	inferred   2 Adder/Subtractor(s).
Unit <ADC32> synthesized.

Synthesizing Unit <and32>.
    Related source file is "\\mac\project\Verilog\OExp06-OwnSCPU\and32.v".
    Summary:
	no macro.
Unit <and32> synthesized.

Synthesizing Unit <or32>.
    Related source file is "\\mac\project\Verilog\OExp06-OwnSCPU\or32.v".
    Summary:
	no macro.
Unit <or32> synthesized.

Synthesizing Unit <xor32>.
    Related source file is "\\mac\project\Verilog\OExp06-OwnSCPU\xor32.v".
    Summary:
Unit <xor32> synthesized.

Synthesizing Unit <nor32>.
    Related source file is "\\mac\project\Verilog\OExp06-OwnSCPU\nor32.v".
    Summary:
	no macro.
Unit <nor32> synthesized.

Synthesizing Unit <srl32>.
    Related source file is "\\mac\project\Verilog\OExp06-OwnSCPU\srl32.v".
WARNING:Xst:647 - Input <B<5:0>> is never used. This port will be preserved and left unconnected if it belongs to a top-level block or it belongs to a sub-block and the hierarchy of this sub-block is preserved.
WARNING:Xst:647 - Input <B<31:11>> is never used. This port will be preserved and left unconnected if it belongs to a top-level block or it belongs to a sub-block and the hierarchy of this sub-block is preserved.
WARNING:Xst:647 - Input <shfit> is never used. This port will be preserved and left unconnected if it belongs to a top-level block or it belongs to a sub-block and the hierarchy of this sub-block is preserved.
    Found 32-bit shifter logical right for signal <res> created at line 24
    Summary:
	inferred   1 Combinational logic shifter(s).
Unit <srl32> synthesized.

Synthesizing Unit <or_bit_32>.
    Related source file is "\\mac\project\Verilog\OExp06-OwnSCPU\or_bit_32 .v".
    Summary:
	no macro.
Unit <or_bit_32> synthesized.

Synthesizing Unit <MUX8T1_32>.
    Related source file is "\\mac\project\Verilog\OExp06-OwnSCPU\MUX8T1_32.v".
    Found 32-bit 8-to-1 multiplexer for signal <o> created at line 35.
    Summary:
	inferred   1 Multiplexer(s).
Unit <MUX8T1_32> synthesized.

Synthesizing Unit <SignalExt_32>.
    Related source file is "\\mac\project\Verilog\OExp06-OwnSCPU\Ext_32.v".
    Summary:
	no macro.
Unit <SignalExt_32> synthesized.

Synthesizing Unit <Regs>.
    Related source file is "\\mac\project\Verilog\OExp06-OwnSCPU\Regs.v".
    Found 992-bit register for signal <n0051[991:0]>.
    Found 32-bit 31-to-1 multiplexer for signal <R_addr_A[4]_register[31][31]_wide_mux_1_OUT> created at line 29.
    Found 32-bit 31-to-1 multiplexer for signal <R_addr_B[4]_register[31][31]_wide_mux_4_OUT> created at line 30.
    Summary:
	inferred 992 D-type flip-flop(s).
	inferred  35 Multiplexer(s).
Unit <Regs> synthesized.

Synthesizing Unit <Multi_8CH32>.
    Related source file is "\\mac\project\Verilog\OExp06-OwnSCPU\Multi_8CH32.v".
WARNING:Xst:647 - Input <rst> is never used. This port will be preserved and left unconnected if it belongs to a top-level block or it belongs to a sub-block and the hierarchy of this sub-block is preserved.
    Found 8-bit register for signal <cpu_blink>.
    Found 8-bit register for signal <cpu_point>.
    Found 32-bit register for signal <disp_data>.
    Summary:
	inferred  48 D-type flip-flop(s).
Unit <Multi_8CH32> synthesized.

Synthesizing Unit <MUX8T1_8>.
    Related source file is "\\mac\project\Verilog\OExp06-OwnSCPU\MUX8T1_8.v".
    Found 8-bit 8-to-1 multiplexer for signal <o> created at line 35.
    Summary:
	inferred   1 Multiplexer(s).
Unit <MUX8T1_8> synthesized.

Synthesizing Unit <SSeg7_Dev_MUSER_OExp06_OwnSCPU>.
    Related source file is "\\mac\project\Verilog\OExp06-OwnSCPU\OExp06_OwnSCPU.vf".
    Summary:
	no macro.
Unit <SSeg7_Dev_MUSER_OExp06_OwnSCPU> synthesized.

Synthesizing Unit <HexTo8SEG>.
    Related source file is "\\mac\project\Verilog\OExp06-OwnSCPU\HexTo8SEG.v".
    Summary:
	no macro.
Unit <HexTo8SEG> synthesized.

Synthesizing Unit <Hex2Seg>.
    Related source file is "\\mac\project\Verilog\OExp06-OwnSCPU\HexTo8SEG.v".
    Summary:
	no macro.
Unit <Hex2Seg> synthesized.

Synthesizing Unit <MC14495_ZJU>.
    Related source file is "\\mac\project\Verilog\OExp06-OwnSCPU\MC14495_ZJU.vf".
    Summary:
	no macro.
Unit <MC14495_ZJU> synthesized.

Synthesizing Unit <SSeg_map>.
    Related source file is "\\mac\project\Verilog\OExp06-OwnSCPU\SSeg_map.v".
WARNING:Xst:647 - Input <Disp_num<63:32>> is never used. This port will be preserved and left unconnected if it belongs to a top-level block or it belongs to a sub-block and the hierarchy of this sub-block is preserved.
    Summary:
	no macro.
Unit <SSeg_map> synthesized.

Synthesizing Unit <MUX2T1_64>.
    Related source file is "\\mac\project\Verilog\OExp06-OwnSCPU\MUX2T1_64.v".
    Summary:
	inferred   1 Multiplexer(s).
Unit <MUX2T1_64> synthesized.

Synthesizing Unit <SPIO>.
    Related source file is "\\mac\project\Verilog\OExp06-OwnSCPU\SPIO.v".
    Found 2-bit register for signal <counter_set>.
    Found 16-bit register for signal <LED>.
    Found 14-bit register for signal <GPIOf0>.
    Summary:
	inferred  32 D-type flip-flop(s).
Unit <SPIO> synthesized.

Synthesizing Unit <clk_div>.
    Related source file is "\\mac\project\Verilog\OExp06-OwnSCPU\clk_div.v".
    Found 32-bit register for signal <clkdiv>.
    Found 32-bit adder for signal <clkdiv[31]_GND_46_o_add_0_OUT> created at line 32.
    Summary:
	inferred   1 Adder/Subtractor(s).
	inferred  32 D-type flip-flop(s).
	inferred   1 Multiplexer(s).
Unit <clk_div> synthesized.

Synthesizing Unit <Counter_x>.
    Related source file is "\\mac\project\Verilog\OExp06-OwnSCPU\Counter_3_IO.v".
WARNING:Xst:647 - Input <clk1> is never used. This port will be preserved and left unconnected if it belongs to a top-level block or it belongs to a sub-block and the hierarchy of this sub-block is preserved.
WARNING:Xst:647 - Input <clk2> is never used. This port will be preserved and left unconnected if it belongs to a top-level block or it belongs to a sub-block and the hierarchy of this sub-block is preserved.
WARNING:Xst:653 - Signal <counter1<32>> is used but never assigned. This sourceless signal will be automatically connected to value GND.
WARNING:Xst:653 - Signal <counter2<32>> is used but never assigned. This sourceless signal will be automatically connected to value GND.
    Found 24-bit register for signal <counter_Ctrl>.
    Found 33-bit register for signal <counter0>.
    Found 32-bit register for signal <counter0_Lock>.
    Found 1-bit register for signal <sq0>.
    Found 1-bit register for signal <M0>.
    Found 1-bit register for signal <clr0>.
    Found 33-bit subtractor for signal <counter0[32]_GND_48_o_sub_26_OUT> created at line 77.
    Found 33-bit 4-to-1 multiplexer for signal <counter_Ctrl[2]_counter0[32]_wide_mux_26_OUT> created at line 70.
    Found 1-bit comparator not equal for signal <n0017> created at line 76
    Summary:
	inferred   1 Adder/Subtractor(s).
	inferred  92 D-type flip-flop(s).
	inferred   1 Comparator(s).
	inferred   5 Multiplexer(s).
Unit <Counter_x> synthesized.

Synthesizing Unit <Seg7_Dev_MUSER_OExp06_OwnSCPU>.
    Related source file is "\\mac\project\Verilog\OExp06-OwnSCPU\OExp06_OwnSCPU.vf".
    Summary:
	no macro.
Unit <Seg7_Dev_MUSER_OExp06_OwnSCPU> synthesized.

Synthesizing Unit <MUX2T1_8>.
    Related source file is "\\mac\project\Verilog\OExp06-OwnSCPU\MUX2T1_8.v".
    Summary:
	inferred   1 Multiplexer(s).
Unit <MUX2T1_8> synthesized.

Synthesizing Unit <MC14495_ZJU_MUSER_OExp06_OwnSCPU>.
    Related source file is "\\mac\project\Verilog\OExp06-OwnSCPU\OExp06_OwnSCPU.vf".
    Summary:
	no macro.
Unit <MC14495_ZJU_MUSER_OExp06_OwnSCPU> synthesized.

Synthesizing Unit <ScanSync>.
    Related source file is "\\mac\project\Verilog\OExp06-OwnSCPU\Scansync.v".
    Found 8x4-bit Read Only RAM for signal <AN>
    Found 4-bit 8-to-1 multiplexer for signal <Hexo> created at line 30.
    Found 1-bit 8-to-1 multiplexer for signal <p> created at line 30.
    Found 1-bit 8-to-1 multiplexer for signal <LE> created at line 30.
    Summary:
	inferred   1 RAM(s).
	inferred   3 Multiplexer(s).
Unit <ScanSync> synthesized.

Synthesizing Unit <Seg_map>.
    Related source file is "\\mac\project\Verilog\OExp06-OwnSCPU\Seg_map.v".
    Summary:
	inferred   7 Multiplexer(s).
Unit <Seg_map> synthesized.

Synthesizing Unit <PIO>.
    Related source file is "\\mac\project\Verilog\OExp06-OwnSCPU\PIO.v".
    Found 2-bit register for signal <counter_set>.
    Found 8-bit register for signal <LED>.
    Found 22-bit register for signal <GPIOf0>.
    Summary:
	inferred  32 D-type flip-flop(s).
Unit <PIO> synthesized.

=========================================================================
HDL Synthesis Report

Macro Statistics
# RAMs                                                 : 1
 8x4-bit single-port Read Only RAM                     : 1
# Adders/Subtractors                                   : 6
 32-bit adder                                          : 3
 33-bit adder                                          : 2
 33-bit subtractor                                     : 1
# Registers                                            : 18
 1-bit register                                        : 3
 14-bit register                                       : 1
 16-bit register                                       : 1
 2-bit register                                        : 2
 22-bit register                                       : 1
 24-bit register                                       : 1
 32-bit register                                       : 4
 33-bit register                                       : 1
 8-bit register                                        : 3
 992-bit register                                      : 1
# Comparators                                          : 1
 1-bit comparator not equal                            : 1
# Multiplexers                                         : 62
 1-bit 2-to-1 multiplexer                              : 1
 1-bit 8-to-1 multiplexer                              : 2
 32-bit 2-to-1 multiplexer                             : 37
 32-bit 31-to-1 multiplexer                            : 2
 32-bit 8-to-1 multiplexer                             : 2
 33-bit 2-to-1 multiplexer                             : 4
 33-bit 4-to-1 multiplexer                             : 1
 4-bit 8-to-1 multiplexer                              : 1
 5-bit 2-to-1 multiplexer                              : 1
 64-bit 2-to-1 multiplexer                             : 1
 8-bit 2-to-1 multiplexer                              : 8
 8-bit 8-to-1 multiplexer                              : 2
# Logic shifters                                       : 1
 32-bit shifter logical right                          : 1
# Xors                                                 : 2
 32-bit xor2                                           : 2

=========================================================================

=========================================================================
*                       Advanced HDL Synthesis                          *
=========================================================================

Reading core <SAnti_jitter.ngc>.
Reading core <SEnter_2_32.ngc>.
Reading core <MIO_BUS.ngc>.
Reading core <ipcore_dir/RAM_B.ngc>.
Reading core <ipcore_dir/ROM_D.ngc>.
Reading core <P2S.ngc>.
Reading core <LED_P2S.ngc>.
Loading core <SAnti_jitter> for timing and area information for instance <U9>.
Loading core <SEnter_2_32> for timing and area information for instance <M4>.
Loading core <MIO_BUS> for timing and area information for instance <U4>.
Loading core <RAM_B> for timing and area information for instance <U3>.
Loading core <ROM_D> for timing and area information for instance <U2>.
Loading core <P2S> for timing and area information for instance <M2>.
Loading core <LED_P2S> for timing and area information for instance <LED_P2S>.
WARNING:Xst:2677 - Node <counter_Ctrl_0> of sequential type is unconnected in block <U10>.
WARNING:Xst:2677 - Node <counter_Ctrl_3> of sequential type is unconnected in block <U10>.
WARNING:Xst:2677 - Node <counter_Ctrl_4> of sequential type is unconnected in block <U10>.
WARNING:Xst:2677 - Node <counter_Ctrl_5> of sequential type is unconnected in block <U10>.
WARNING:Xst:2677 - Node <counter_Ctrl_6> of sequential type is unconnected in block <U10>.
WARNING:Xst:2677 - Node <counter_Ctrl_7> of sequential type is unconnected in block <U10>.
WARNING:Xst:2677 - Node <counter_Ctrl_8> of sequential type is unconnected in block <U10>.
WARNING:Xst:2677 - Node <counter_Ctrl_9> of sequential type is unconnected in block <U10>.
WARNING:Xst:2677 - Node <counter_Ctrl_10> of sequential type is unconnected in block <U10>.
WARNING:Xst:2677 - Node <counter_Ctrl_11> of sequential type is unconnected in block <U10>.
WARNING:Xst:2677 - Node <counter_Ctrl_12> of sequential type is unconnected in block <U10>.
WARNING:Xst:2677 - Node <counter_Ctrl_13> of sequential type is unconnected in block <U10>.
WARNING:Xst:2677 - Node <counter_Ctrl_14> of sequential type is unconnected in block <U10>.
WARNING:Xst:2677 - Node <counter_Ctrl_15> of sequential type is unconnected in block <U10>.
WARNING:Xst:2677 - Node <counter_Ctrl_16> of sequential type is unconnected in block <U10>.
WARNING:Xst:2677 - Node <counter_Ctrl_17> of sequential type is unconnected in block <U10>.
WARNING:Xst:2677 - Node <counter_Ctrl_18> of sequential type is unconnected in block <U10>.
WARNING:Xst:2677 - Node <counter_Ctrl_19> of sequential type is unconnected in block <U10>.
WARNING:Xst:2677 - Node <counter_Ctrl_20> of sequential type is unconnected in block <U10>.
WARNING:Xst:2677 - Node <counter_Ctrl_21> of sequential type is unconnected in block <U10>.
WARNING:Xst:2677 - Node <counter_Ctrl_22> of sequential type is unconnected in block <U10>.
WARNING:Xst:2677 - Node <counter_Ctrl_23> of sequential type is unconnected in block <U10>.

Synthesizing (advanced) Unit <ScanSync>.
INFO:Xst:3218 - HDL ADVISOR - The RAM <Mram_AN> will be implemented on LUTs either because you have described an asynchronous read or because of currently unsupported block RAM features. If you have described an asynchronous read, making it synchronous would allow you to take advantage of available block RAM resources, for optimized device usage and improved timings. Please refer to your documentation for coding guidelines.
    -----------------------------------------------------------------------
    | ram_type           | Distributed                         |          |
    -----------------------------------------------------------------------
    | Port A                                                              |
    |     aspect ratio   | 8-word x 4-bit                      |          |
    |     weA            | connected to signal <GND>           | high     |
    |     addrA          | connected to signal <Scan>          |          |
    |     diA            | connected to signal <GND>           |          |
    |     doA            | connected to signal <AN>            |          |
    -----------------------------------------------------------------------
Unit <ScanSync> synthesized (advanced).

Synthesizing (advanced) Unit <clk_div>.
The following registers are absorbed into counter <clkdiv>: 1 register on signal <clkdiv>.
Unit <clk_div> synthesized (advanced).
WARNING:Xst:2677 - Node <counter_Ctrl_0> of sequential type is unconnected in block <Counter_x>.
WARNING:Xst:2677 - Node <counter_Ctrl_3> of sequential type is unconnected in block <Counter_x>.
WARNING:Xst:2677 - Node <counter_Ctrl_4> of sequential type is unconnected in block <Counter_x>.
WARNING:Xst:2677 - Node <counter_Ctrl_5> of sequential type is unconnected in block <Counter_x>.
WARNING:Xst:2677 - Node <counter_Ctrl_6> of sequential type is unconnected in block <Counter_x>.
WARNING:Xst:2677 - Node <counter_Ctrl_7> of sequential type is unconnected in block <Counter_x>.
WARNING:Xst:2677 - Node <counter_Ctrl_8> of sequential type is unconnected in block <Counter_x>.
WARNING:Xst:2677 - Node <counter_Ctrl_9> of sequential type is unconnected in block <Counter_x>.
WARNING:Xst:2677 - Node <counter_Ctrl_10> of sequential type is unconnected in block <Counter_x>.
WARNING:Xst:2677 - Node <counter_Ctrl_11> of sequential type is unconnected in block <Counter_x>.
WARNING:Xst:2677 - Node <counter_Ctrl_12> of sequential type is unconnected in block <Counter_x>.
WARNING:Xst:2677 - Node <counter_Ctrl_13> of sequential type is unconnected in block <Counter_x>.
WARNING:Xst:2677 - Node <counter_Ctrl_14> of sequential type is unconnected in block <Counter_x>.
WARNING:Xst:2677 - Node <counter_Ctrl_15> of sequential type is unconnected in block <Counter_x>.
WARNING:Xst:2677 - Node <counter_Ctrl_16> of sequential type is unconnected in block <Counter_x>.
WARNING:Xst:2677 - Node <counter_Ctrl_17> of sequential type is unconnected in block <Counter_x>.
WARNING:Xst:2677 - Node <counter_Ctrl_18> of sequential type is unconnected in block <Counter_x>.
WARNING:Xst:2677 - Node <counter_Ctrl_19> of sequential type is unconnected in block <Counter_x>.
WARNING:Xst:2677 - Node <counter_Ctrl_20> of sequential type is unconnected in block <Counter_x>.
WARNING:Xst:2677 - Node <counter_Ctrl_21> of sequential type is unconnected in block <Counter_x>.
WARNING:Xst:2677 - Node <counter_Ctrl_22> of sequential type is unconnected in block <Counter_x>.
WARNING:Xst:2677 - Node <counter_Ctrl_23> of sequential type is unconnected in block <Counter_x>.

=========================================================================
Advanced HDL Synthesis Report

Macro Statistics
# RAMs                                                 : 1
 8x4-bit single-port distributed Read Only RAM         : 1
# Adders/Subtractors                                   : 4
 32-bit adder                                          : 2
 33-bit adder carry in                                 : 1
 33-bit subtractor                                     : 1
# Counters                                             : 1
 32-bit up counter                                     : 1
# Registers                                            : 1206
 Flip-Flops                                            : 1206
# Comparators                                          : 1
 1-bit comparator not equal                            : 1
# Multiplexers                                         : 125
 1-bit 2-to-1 multiplexer                              : 66
 1-bit 8-to-1 multiplexer                              : 2
 32-bit 2-to-1 multiplexer                             : 37
 32-bit 31-to-1 multiplexer                            : 2
 32-bit 8-to-1 multiplexer                             : 2
 33-bit 2-to-1 multiplexer                             : 2
 33-bit 4-to-1 multiplexer                             : 1
 4-bit 8-to-1 multiplexer                              : 1
 5-bit 2-to-1 multiplexer                              : 1
 64-bit 2-to-1 multiplexer                             : 1
 8-bit 2-to-1 multiplexer                              : 8
 8-bit 8-to-1 multiplexer                              : 2
# Logic shifters                                       : 1
 32-bit shifter logical right                          : 1
# Xors                                                 : 2
 32-bit xor2                                           : 2

=========================================================================

=========================================================================
*                         Low Level Synthesis                           *
=========================================================================
INFO:Xst:2261 - The FF/Latch <cpu_blink_0> in Unit <Multi_8CH32> is equivalent to the following 7 FFs/Latches, which will be removed : <cpu_blink_1> <cpu_blink_2> <cpu_blink_3> <cpu_blink_4> <cpu_blink_5> <cpu_blink_6> <cpu_blink_7> 

Optimizing unit <MC14495_ZJU> ...

Optimizing unit <REG32> ...

Optimizing unit <MC14495_ZJU_MUSER_OExp06_OwnSCPU> ...

Optimizing unit <OExp06_OwnSCPU> ...

Optimizing unit <HexTo8SEG> ...

Optimizing unit <Data_path_MUSER_OExp06_OwnSCPU> ...

Optimizing unit <alu_MUSER_OExp06_OwnSCPU> ...

Optimizing unit <Regs> ...

Optimizing unit <Multi_8CH32> ...

Optimizing unit <SPIO> ...

Optimizing unit <Counter_x> ...

Optimizing unit <PIO> ...

Optimizing unit <Seg7_Dev_MUSER_OExp06_OwnSCPU> ...
WARNING:Xst:1426 - The value init of the FF/Latch U5/cpu_blink_0 hinder the constant cleaning in the block OExp06_OwnSCPU.
   You should achieve better results by setting this init to 0.
WARNING:Xst:2677 - Node <U7/GPIOf0_13> of sequential type is unconnected in block <OExp06_OwnSCPU>.
WARNING:Xst:2677 - Node <U7/GPIOf0_12> of sequential type is unconnected in block <OExp06_OwnSCPU>.
WARNING:Xst:2677 - Node <U7/GPIOf0_11> of sequential type is unconnected in block <OExp06_OwnSCPU>.
WARNING:Xst:2677 - Node <U7/GPIOf0_10> of sequential type is unconnected in block <OExp06_OwnSCPU>.
WARNING:Xst:2677 - Node <U7/GPIOf0_9> of sequential type is unconnected in block <OExp06_OwnSCPU>.
WARNING:Xst:2677 - Node <U7/GPIOf0_8> of sequential type is unconnected in block <OExp06_OwnSCPU>.
WARNING:Xst:2677 - Node <U7/GPIOf0_7> of sequential type is unconnected in block <OExp06_OwnSCPU>.
WARNING:Xst:2677 - Node <U7/GPIOf0_6> of sequential type is unconnected in block <OExp06_OwnSCPU>.
WARNING:Xst:2677 - Node <U7/GPIOf0_5> of sequential type is unconnected in block <OExp06_OwnSCPU>.
WARNING:Xst:2677 - Node <U7/GPIOf0_4> of sequential type is unconnected in block <OExp06_OwnSCPU>.
WARNING:Xst:2677 - Node <U7/GPIOf0_3> of sequential type is unconnected in block <OExp06_OwnSCPU>.
WARNING:Xst:2677 - Node <U7/GPIOf0_2> of sequential type is unconnected in block <OExp06_OwnSCPU>.
WARNING:Xst:2677 - Node <U7/GPIOf0_1> of sequential type is unconnected in block <OExp06_OwnSCPU>.
WARNING:Xst:2677 - Node <U7/GPIOf0_0> of sequential type is unconnected in block <OExp06_OwnSCPU>.
WARNING:Xst:2677 - Node <U71/counter_set_1> of sequential type is unconnected in block <OExp06_OwnSCPU>.
WARNING:Xst:2677 - Node <U71/counter_set_0> of sequential type is unconnected in block <OExp06_OwnSCPU>.
WARNING:Xst:2677 - Node <U71/GPIOf0_21> of sequential type is unconnected in block <OExp06_OwnSCPU>.
WARNING:Xst:2677 - Node <U71/GPIOf0_20> of sequential type is unconnected in block <OExp06_OwnSCPU>.
WARNING:Xst:2677 - Node <U71/GPIOf0_19> of sequential type is unconnected in block <OExp06_OwnSCPU>.
WARNING:Xst:2677 - Node <U71/GPIOf0_18> of sequential type is unconnected in block <OExp06_OwnSCPU>.
WARNING:Xst:2677 - Node <U71/GPIOf0_17> of sequential type is unconnected in block <OExp06_OwnSCPU>.
WARNING:Xst:2677 - Node <U71/GPIOf0_16> of sequential type is unconnected in block <OExp06_OwnSCPU>.
WARNING:Xst:2677 - Node <U71/GPIOf0_15> of sequential type is unconnected in block <OExp06_OwnSCPU>.
WARNING:Xst:2677 - Node <U71/GPIOf0_14> of sequential type is unconnected in block <OExp06_OwnSCPU>.
WARNING:Xst:2677 - Node <U71/GPIOf0_13> of sequential type is unconnected in block <OExp06_OwnSCPU>.
WARNING:Xst:2677 - Node <U71/GPIOf0_12> of sequential type is unconnected in block <OExp06_OwnSCPU>.
WARNING:Xst:2677 - Node <U71/GPIOf0_11> of sequential type is unconnected in block <OExp06_OwnSCPU>.
WARNING:Xst:2677 - Node <U71/GPIOf0_10> of sequential type is unconnected in block <OExp06_OwnSCPU>.
WARNING:Xst:2677 - Node <U71/GPIOf0_9> of sequential type is unconnected in block <OExp06_OwnSCPU>.
WARNING:Xst:2677 - Node <U71/GPIOf0_8> of sequential type is unconnected in block <OExp06_OwnSCPU>.
WARNING:Xst:2677 - Node <U71/GPIOf0_7> of sequential type is unconnected in block <OExp06_OwnSCPU>.
WARNING:Xst:2677 - Node <U71/GPIOf0_6> of sequential type is unconnected in block <OExp06_OwnSCPU>.
WARNING:Xst:2677 - Node <U71/GPIOf0_5> of sequential type is unconnected in block <OExp06_OwnSCPU>.
WARNING:Xst:2677 - Node <U71/GPIOf0_4> of sequential type is unconnected in block <OExp06_OwnSCPU>.
WARNING:Xst:2677 - Node <U71/GPIOf0_3> of sequential type is unconnected in block <OExp06_OwnSCPU>.
WARNING:Xst:2677 - Node <U71/GPIOf0_2> of sequential type is unconnected in block <OExp06_OwnSCPU>.
WARNING:Xst:2677 - Node <U71/GPIOf0_1> of sequential type is unconnected in block <OExp06_OwnSCPU>.
WARNING:Xst:2677 - Node <U71/GPIOf0_0> of sequential type is unconnected in block <OExp06_OwnSCPU>.
WARNING:Xst:1710 - FF/Latch <U1/DataPath/PC/Q_1> (without init value) has a constant value of 0 in block <OExp06_OwnSCPU>. This FF/Latch will be trimmed during the optimization process.
WARNING:Xst:1710 - FF/Latch <U1/DataPath/PC/Q_0> (without init value) has a constant value of 0 in block <OExp06_OwnSCPU>. This FF/Latch will be trimmed during the optimization process.
INFO:Xst:2261 - The FF/Latch <U7/LED_3> in Unit <OExp06_OwnSCPU> is equivalent to the following FF/Latch, which will be removed : <U71/LED_3> 
INFO:Xst:2261 - The FF/Latch <U7/LED_1> in Unit <OExp06_OwnSCPU> is equivalent to the following FF/Latch, which will be removed : <U71/LED_1> 
INFO:Xst:2261 - The FF/Latch <U7/LED_5> in Unit <OExp06_OwnSCPU> is equivalent to the following FF/Latch, which will be removed : <U71/LED_5> 
INFO:Xst:2261 - The FF/Latch <U7/LED_0> in Unit <OExp06_OwnSCPU> is equivalent to the following FF/Latch, which will be removed : <U71/LED_0> 
INFO:Xst:2261 - The FF/Latch <U7/LED_2> in Unit <OExp06_OwnSCPU> is equivalent to the following FF/Latch, which will be removed : <U71/LED_2> 
INFO:Xst:2261 - The FF/Latch <U7/LED_4> in Unit <OExp06_OwnSCPU> is equivalent to the following FF/Latch, which will be removed : <U71/LED_4> 
INFO:Xst:2261 - The FF/Latch <U7/LED_6> in Unit <OExp06_OwnSCPU> is equivalent to the following FF/Latch, which will be removed : <U71/LED_6> 
INFO:Xst:2261 - The FF/Latch <U7/LED_7> in Unit <OExp06_OwnSCPU> is equivalent to the following FF/Latch, which will be removed : <U71/LED_7> 

Mapping all equations...
Building and optimizing final netlist ...
Found area constraint ratio of 100 (+ 5) on block OExp06_OwnSCPU, actual ratio is 3.

Final Macro Processing ...

=========================================================================
Final Register Report

Macro Statistics
# Registers                                            : 1183
 Flip-Flops                                            : 1183

=========================================================================

=========================================================================
*                           Partition Report                            *
=========================================================================

Partition Implementation Status
-------------------------------

  No Partitions were found in this design.

-------------------------------

=========================================================================
*                            Design Summary                             *
=========================================================================

Top Level Output File Name         : OExp06_OwnSCPU.ngc

Primitive and Black Box Usage:
------------------------------
# BELS                             : 4119
#      AND2                        : 11
#      AND3                        : 99
#      AND4                        : 81
#      BUF                         : 1
#      GND                         : 4
#      INV                         : 109
#      LUT1                        : 127
#      LUT2                        : 73
#      LUT3                        : 185
#      LUT4                        : 222
#      LUT5                        : 1349
#      LUT6                        : 1189
#      MUXCY                       : 243
#      MUXF7                       : 68
#      OR2                         : 63
#      OR3                         : 27
#      OR4                         : 36
#      VCC                         : 5
#      XORCY                       : 227
# FlipFlops/Latches                : 1482
#      FD                          : 206
#      FDC                         : 109
#      FDCE                        : 1031
#      FDCE_1                      : 15
#      FDE                         : 88
#      FDPE_1                      : 3
#      FDR                         : 1
#      FDRE                        : 29
# RAMS                             : 1
#      RAMB36E1                    : 1
# Clock Buffers                    : 4
#      BUFG                        : 3
#      BUFGP                       : 1
# IO Buffers                       : 58
#      IBUF                        : 21
#      OBUF                        : 37

Device utilization summary:
---------------------------

Selected Device : 7k160tffg676-2l 


Slice Logic Utilization: 
 Number of Slice Registers:            1482  out of  202800     0%  
 Number of Slice LUTs:                 3254  out of  101400     3%  
    Number used as Logic:              3254  out of  101400     3%  

Slice Logic Distribution: 
 Number of LUT Flip Flop pairs used:   3329
   Number with an unused Flip Flop:    1847  out of   3329    55%  
   Number with an unused LUT:            75  out of   3329     2%  
   Number of fully used LUT-FF pairs:  1407  out of   3329    42%  
   Number of unique control sets:        26

IO Utilization: 
 Number of IOs:                          59
 Number of bonded IOBs:                  59  out of    400    14%  

Specific Feature Utilization:
 Number of Block RAM/FIFO:                1  out of    325     0%  
    Number using Block RAM only:          1
 Number of BUFG/BUFGCTRLs:                4  out of     32    12%  

---------------------------
Partition Resource Summary:
---------------------------

  No Partitions were found in this design.

---------------------------


=========================================================================
Timing Report

NOTE: THESE TIMING NUMBERS ARE ONLY A SYNTHESIS ESTIMATE.
      FOR ACCURATE TIMING INFORMATION PLEASE REFER TO THE TRACE REPORT
      GENERATED AFTER PLACE-and-ROUTE.

Clock Information:
------------------
-----------------------------------+------------------------------------------+-------+
Clock Signal                       | Clock buffer(FF name)                    | Load  |
-----------------------------------+------------------------------------------+-------+
clk_100MHz                         | BUFGP                                    | 262   |
Clk_CPU(U8/Mmux_Clk_CPU11:O)       | BUFG(*)(U1/DataPath/U2_2/register_31_991)| 1142  |
U8/clkdiv_6                        | BUFG                                     | 35    |
U9/clk1                            | BUFG                                     | 41    |
M4/push(M4/push1:O)                | NONE(*)(M4/state_0)                      | 3     |
-----------------------------------+------------------------------------------+-------+
(*) These 2 clock signal(s) are generated by combinatorial logic,
and XST is not able to identify which are the primary clock signals.
Please use the CLOCK_SIGNAL constraint to specify the clock signal(s) generated by combinatorial logic.
INFO:Xst:2169 - HDL ADVISOR - Some clock signals were not automatically buffered by XST with BUFG/BUFR resources. Please use the buffer_type constraint in order to insert these buffers to the clock signals to help prevent skew problems.

Asynchronous Control Signals Information:
----------------------------------------
-----------------------------------+-----------------------------------------------------------------------------------------------------------------------------------------+-------+
Control Signal                     | Buffer(FF name)                                                                                                                         | Load  |
-----------------------------------+-----------------------------------------------------------------------------------------------------------------------------------------+-------+
U3/N1(U3/XST_GND:G)                | NONE(U3/U0/xst_blk_mem_generator/gnativebmg.native_blk_mem_gen/valid.cstr/ramloop[0].ram.r/v6_init.ram/NO_BMM_INFO.SP.SIMPLE_PRIM36.ram)| 2     |
-----------------------------------+-----------------------------------------------------------------------------------------------------------------------------------------+-------+

Timing Summary:
---------------
Speed Grade: -2

   Minimum period: 14.264ns (Maximum Frequency: 70.106MHz)
   Minimum input arrival time before clock: 2.109ns
   Maximum output required time after clock: 12.334ns
   Maximum combinational path delay: No path found

Timing Details:
---------------
All values displayed in nanoseconds (ns)

=========================================================================
Timing constraint: Default period analysis for Clock 'clk_100MHz'
  Clock period: 5.493ns (frequency: 182.039MHz)
  Total number of paths / destination ports: 11953 / 333
-------------------------------------------------------------------------
Delay:               5.493ns (Levels of Logic = 11)
  Source:            U9/SW_OK_6 (FF)
  Destination:       U6/M2/buffer_52 (FF)
  Source Clock:      clk_100MHz rising
  Destination Clock: clk_100MHz rising

  Data Path: U9/SW_OK_6 to U6/M2/buffer_52
                                Gate     Net
    Cell:in->out      fanout   Delay   Delay  Logical Name (Net Name)
    ----------------------------------------  ------------
     FDE:C->Q             88   0.236   0.545  SW_OK_6 (SW_OK<6>)
     end scope: 'U9:SW_OK<6>'
     begin scope: 'U4:SW<6>'
     LUT6:I4->O           32   0.043   0.652  Mmux_Cpu_data4bus291 (Cpu_data4bus<6>)
     end scope: 'U4:Cpu_data4bus<6>'
     LUT6:I2->O            1   0.043   0.000  U5/MUX1_DispData/Mmux_o_328 (U5/MUX1_DispData/Mmux_o_328)
     MUXF7:I1->O          15   0.178   0.417  U5/MUX1_DispData/Mmux_o_2_f7_27 (Disp_num<6>)
     INV:I->O              8   0.317   0.642  U6/SM1/M1/MSEG/XLXI_2 (U6/SM1/M1/MSEG/XLXN_61)
     AND4:I1->O            2   0.053   0.500  U6/SM1/M1/MSEG/XLXI_5 (U6/SM1/M1/MSEG/XLXN_119)
     OR4:I3->O             1   0.161   0.603  U6/SM1/M1/MSEG/XLXI_17 (U6/SM1/M1/MSEG/XLXN_208)
     OR2:I1->O             1   0.053   0.350  U6/SM1/M1/MSEG/XLXI_47 (U6/XLXN_9<55>)
     LUT3:I2->O            1   0.043   0.613  U6/XLXI_6/Mmux_o511 (U6/SEGMENT<55>)
     begin scope: 'U6/M2:P_Data<55>'
     LUT6:I0->O            1   0.043   0.000  buffer_55_rstpot (buffer_55_rstpot)
     FD:D                     -0.000          buffer_55
    ----------------------------------------
    Total                      5.493ns (1.170ns logic, 4.323ns route)
                                       (21.3% logic, 78.7% route)

=========================================================================
Timing constraint: Default period analysis for Clock 'Clk_CPU'
  Clock period: 14.264ns (frequency: 70.106MHz)
  Total number of paths / destination ports: 1350041168 / 2221
-------------------------------------------------------------------------
Delay:               7.132ns (Levels of Logic = 14)
  Source:            U1/DataPath/PC/Q_10 (FF)
  Destination:       U10/counter_Ctrl_2 (FF)
  Source Clock:      Clk_CPU rising
  Destination Clock: Clk_CPU falling

  Data Path: U1/DataPath/PC/Q_10 to U10/counter_Ctrl_2
                                Gate     Net
    Cell:in->out      fanout   Delay   Delay  Logical Name (Net Name)
    ----------------------------------------  ------------
     FDC:C->Q             53   0.236   0.747  U1/DataPath/PC/Q_10 (U1/DataPath/PC/Q_10)
     begin scope: 'U2:a<8>'
     LUT6:I0->O            1   0.043   0.522  U0/xst_options.dist_mem_inst/gen_rom.rom_inst/Mram_spo_int58112 (U0/xst_options.dist_mem_inst/gen_rom.rom_inst/Mram_spo_int58111)
     LUT6:I2->O            1   0.043   0.495  U0/xst_options.dist_mem_inst/gen_rom.rom_inst/Mram_spo_int58115 (U0/xst_options.dist_mem_inst/gen_rom.rom_inst/Mram_spo_int58114)
     LUT3:I0->O          273   0.043   0.580  U0/xst_options.dist_mem_inst/gen_rom.rom_inst/Mram_spo_int58116 (spo<22>)
     end scope: 'U2:spo<22>'
     LUT6:I4->O            1   0.043   0.522  U1/DataPath/U2_2/Mmux_R_addr_A[4]_register[31][31]_wide_mux_1_OUT_831 (U1/DataPath/U2_2/Mmux_R_addr_A[4]_register[31][31]_wide_mux_1_OUT_831)
     LUT6:I2->O            1   0.043   0.000  U1/DataPath/U2_2/Mmux_R_addr_A[4]_register[31][31]_wide_mux_1_OUT_310 (U1/DataPath/U2_2/Mmux_R_addr_A[4]_register[31][31]_wide_mux_1_OUT_310)
     MUXF7:I1->O           2   0.178   0.355  U1/DataPath/U2_2/Mmux_R_addr_A[4]_register[31][31]_wide_mux_1_OUT_2_f7_9 (U1/DataPath/U2_2/R_addr_A[4]_register[31][31]_wide_mux_1_OUT<19>)
     LUT6:I5->O            5   0.043   0.545  U1/DataPath/U2_2/Mmux_rdata_A111 (U1/DataPath/XLXN_1<19>)
     LUT6:I2->O            3   0.043   0.507  U1/DataPath/U1_1/Sh181 (U1/DataPath/U1_1/Sh18)
     LUT6:I3->O            1   0.043   0.350  U1/DataPath/U1_1/MUXALU/Mmux_o232 (U1/DataPath/U1_1/MUXALU/Mmux_o231)
     LUT6:I5->O            2   0.043   0.355  U1/DataPath/U1_1/MUXALU/Mmux_o233 (U1/DataPath/U1_1/MUXALU/Mmux_o232)
     LUT6:I5->O            5   0.043   0.636  U1/DataPath/U1_1/MUXALU/Mmux_o236_1 (U1/DataPath/U1_1/MUXALU/Mmux_o236)
     begin scope: 'U4:addr_bus<2>'
     LUT6:I0->O           35   0.043   0.469  Mmux_counter_we11 (counter_we)
     end scope: 'U4:counter_we'
     FDCE:CE                   0.161          U10/counter0_Lock_0
    ----------------------------------------
    Total                      7.132ns (1.048ns logic, 6.084ns route)
                                       (14.7% logic, 85.3% route)

=========================================================================
Timing constraint: Default period analysis for Clock 'U8/clkdiv_6'
  Clock period: 2.221ns (frequency: 450.288MHz)
  Total number of paths / destination ports: 787 / 36
-------------------------------------------------------------------------
Delay:               2.221ns (Levels of Logic = 35)
  Source:            U10/counter0_0 (FF)
  Destination:       U10/counter0_32 (FF)
  Source Clock:      U8/clkdiv_6 rising
  Destination Clock: U8/clkdiv_6 rising

  Data Path: U10/counter0_0 to U10/counter0_32
                                Gate     Net
    Cell:in->out      fanout   Delay   Delay  Logical Name (Net Name)
    ----------------------------------------  ------------
     FDC:C->Q              4   0.236   0.367  U10/counter0_0 (U10/counter0_0)
     LUT1:I0->O            1   0.043   0.000  U10/Msub_counter0[32]_GND_48_o_sub_26_OUT_cy<0>_rt (U10/Msub_counter0[32]_GND_48_o_sub_26_OUT_cy<0>_rt)
     MUXCY:S->O            1   0.238   0.000  U10/Msub_counter0[32]_GND_48_o_sub_26_OUT_cy<0> (U10/Msub_counter0[32]_GND_48_o_sub_26_OUT_cy<0>)
     MUXCY:CI->O           1   0.013   0.000  U10/Msub_counter0[32]_GND_48_o_sub_26_OUT_cy<1> (U10/Msub_counter0[32]_GND_48_o_sub_26_OUT_cy<1>)
     MUXCY:CI->O           1   0.013   0.000  U10/Msub_counter0[32]_GND_48_o_sub_26_OUT_cy<2> (U10/Msub_counter0[32]_GND_48_o_sub_26_OUT_cy<2>)
     MUXCY:CI->O           1   0.013   0.000  U10/Msub_counter0[32]_GND_48_o_sub_26_OUT_cy<3> (U10/Msub_counter0[32]_GND_48_o_sub_26_OUT_cy<3>)
     MUXCY:CI->O           1   0.013   0.000  U10/Msub_counter0[32]_GND_48_o_sub_26_OUT_cy<4> (U10/Msub_counter0[32]_GND_48_o_sub_26_OUT_cy<4>)
     MUXCY:CI->O           1   0.013   0.000  U10/Msub_counter0[32]_GND_48_o_sub_26_OUT_cy<5> (U10/Msub_counter0[32]_GND_48_o_sub_26_OUT_cy<5>)
     MUXCY:CI->O           1   0.013   0.000  U10/Msub_counter0[32]_GND_48_o_sub_26_OUT_cy<6> (U10/Msub_counter0[32]_GND_48_o_sub_26_OUT_cy<6>)
     MUXCY:CI->O           1   0.013   0.000  U10/Msub_counter0[32]_GND_48_o_sub_26_OUT_cy<7> (U10/Msub_counter0[32]_GND_48_o_sub_26_OUT_cy<7>)
     MUXCY:CI->O           1   0.013   0.000  U10/Msub_counter0[32]_GND_48_o_sub_26_OUT_cy<8> (U10/Msub_counter0[32]_GND_48_o_sub_26_OUT_cy<8>)
     MUXCY:CI->O           1   0.013   0.000  U10/Msub_counter0[32]_GND_48_o_sub_26_OUT_cy<9> (U10/Msub_counter0[32]_GND_48_o_sub_26_OUT_cy<9>)
     MUXCY:CI->O           1   0.013   0.000  U10/Msub_counter0[32]_GND_48_o_sub_26_OUT_cy<10> (U10/Msub_counter0[32]_GND_48_o_sub_26_OUT_cy<10>)
     MUXCY:CI->O           1   0.013   0.000  U10/Msub_counter0[32]_GND_48_o_sub_26_OUT_cy<11> (U10/Msub_counter0[32]_GND_48_o_sub_26_OUT_cy<11>)
     MUXCY:CI->O           1   0.013   0.000  U10/Msub_counter0[32]_GND_48_o_sub_26_OUT_cy<12> (U10/Msub_counter0[32]_GND_48_o_sub_26_OUT_cy<12>)
     MUXCY:CI->O           1   0.013   0.000  U10/Msub_counter0[32]_GND_48_o_sub_26_OUT_cy<13> (U10/Msub_counter0[32]_GND_48_o_sub_26_OUT_cy<13>)
     MUXCY:CI->O           1   0.013   0.000  U10/Msub_counter0[32]_GND_48_o_sub_26_OUT_cy<14> (U10/Msub_counter0[32]_GND_48_o_sub_26_OUT_cy<14>)
     MUXCY:CI->O           1   0.013   0.000  U10/Msub_counter0[32]_GND_48_o_sub_26_OUT_cy<15> (U10/Msub_counter0[32]_GND_48_o_sub_26_OUT_cy<15>)
     MUXCY:CI->O           1   0.013   0.000  U10/Msub_counter0[32]_GND_48_o_sub_26_OUT_cy<16> (U10/Msub_counter0[32]_GND_48_o_sub_26_OUT_cy<16>)
     MUXCY:CI->O           1   0.013   0.000  U10/Msub_counter0[32]_GND_48_o_sub_26_OUT_cy<17> (U10/Msub_counter0[32]_GND_48_o_sub_26_OUT_cy<17>)
     MUXCY:CI->O           1   0.013   0.000  U10/Msub_counter0[32]_GND_48_o_sub_26_OUT_cy<18> (U10/Msub_counter0[32]_GND_48_o_sub_26_OUT_cy<18>)
     MUXCY:CI->O           1   0.013   0.000  U10/Msub_counter0[32]_GND_48_o_sub_26_OUT_cy<19> (U10/Msub_counter0[32]_GND_48_o_sub_26_OUT_cy<19>)
     MUXCY:CI->O           1   0.013   0.000  U10/Msub_counter0[32]_GND_48_o_sub_26_OUT_cy<20> (U10/Msub_counter0[32]_GND_48_o_sub_26_OUT_cy<20>)
     MUXCY:CI->O           1   0.013   0.000  U10/Msub_counter0[32]_GND_48_o_sub_26_OUT_cy<21> (U10/Msub_counter0[32]_GND_48_o_sub_26_OUT_cy<21>)
     MUXCY:CI->O           1   0.013   0.000  U10/Msub_counter0[32]_GND_48_o_sub_26_OUT_cy<22> (U10/Msub_counter0[32]_GND_48_o_sub_26_OUT_cy<22>)
     MUXCY:CI->O           1   0.013   0.000  U10/Msub_counter0[32]_GND_48_o_sub_26_OUT_cy<23> (U10/Msub_counter0[32]_GND_48_o_sub_26_OUT_cy<23>)
     MUXCY:CI->O           1   0.013   0.000  U10/Msub_counter0[32]_GND_48_o_sub_26_OUT_cy<24> (U10/Msub_counter0[32]_GND_48_o_sub_26_OUT_cy<24>)
     MUXCY:CI->O           1   0.013   0.000  U10/Msub_counter0[32]_GND_48_o_sub_26_OUT_cy<25> (U10/Msub_counter0[32]_GND_48_o_sub_26_OUT_cy<25>)
     MUXCY:CI->O           1   0.013   0.000  U10/Msub_counter0[32]_GND_48_o_sub_26_OUT_cy<26> (U10/Msub_counter0[32]_GND_48_o_sub_26_OUT_cy<26>)
     MUXCY:CI->O           1   0.013   0.000  U10/Msub_counter0[32]_GND_48_o_sub_26_OUT_cy<27> (U10/Msub_counter0[32]_GND_48_o_sub_26_OUT_cy<27>)
     MUXCY:CI->O           1   0.013   0.000  U10/Msub_counter0[32]_GND_48_o_sub_26_OUT_cy<28> (U10/Msub_counter0[32]_GND_48_o_sub_26_OUT_cy<28>)
     MUXCY:CI->O           1   0.013   0.000  U10/Msub_counter0[32]_GND_48_o_sub_26_OUT_cy<29> (U10/Msub_counter0[32]_GND_48_o_sub_26_OUT_cy<29>)
     MUXCY:CI->O           1   0.013   0.000  U10/Msub_counter0[32]_GND_48_o_sub_26_OUT_cy<30> (U10/Msub_counter0[32]_GND_48_o_sub_26_OUT_cy<30>)
     MUXCY:CI->O           0   0.013   0.000  U10/Msub_counter0[32]_GND_48_o_sub_26_OUT_cy<31> (U10/Msub_counter0[32]_GND_48_o_sub_26_OUT_cy<31>)
     XORCY:CI->O           1   0.262   0.613  U10/Msub_counter0[32]_GND_48_o_sub_26_OUT_xor<32> (U10/counter0[32]_GND_48_o_sub_26_OUT<32>)
     LUT6:I0->O            1   0.043   0.000  U10/Mmux_counter_Ctrl[2]_counter0[32]_wide_mux_26_OUT262 (U10/counter_Ctrl[2]_counter0[32]_wide_mux_26_OUT<32>)
     FDC:D                    -0.000          U10/counter0_32
    ----------------------------------------
    Total                      2.221ns (1.240ns logic, 0.980ns route)
                                       (55.9% logic, 44.1% route)

=========================================================================
Timing constraint: Default period analysis for Clock 'U9/clk1'
  Clock period: 2.152ns (frequency: 464.587MHz)
  Total number of paths / destination ports: 1454 / 90
-------------------------------------------------------------------------
Delay:               2.152ns (Levels of Logic = 7)
  Source:            U9/counter_8 (FF)
  Destination:       U9/Key_x_0 (FF)
  Source Clock:      U9/clk1 rising
  Destination Clock: U9/clk1 rising

  Data Path: U9/counter_8 to U9/Key_x_0
                                Gate     Net
    Cell:in->out      fanout   Delay   Delay  Logical Name (Net Name)
    ----------------------------------------  ------------
     FDRE:C->Q             3   0.236   0.615  counter_8 (counter<8>)
     LUT5:I0->O            1   0.043   0.000  Mcompar_counter[31]_GND_1_o_LessThan_5_o_lut<0> (Mcompar_counter[31]_GND_1_o_LessThan_5_o_lut<0>)
     MUXCY:S->O            1   0.238   0.000  Mcompar_counter[31]_GND_1_o_LessThan_5_o_cy<0> (Mcompar_counter[31]_GND_1_o_LessThan_5_o_cy<0>)
     MUXCY:CI->O           1   0.013   0.000  Mcompar_counter[31]_GND_1_o_LessThan_5_o_cy<1> (Mcompar_counter[31]_GND_1_o_LessThan_5_o_cy<1>)
     MUXCY:CI->O           1   0.013   0.000  Mcompar_counter[31]_GND_1_o_LessThan_5_o_cy<2> (Mcompar_counter[31]_GND_1_o_LessThan_5_o_cy<2>)
     MUXCY:CI->O           1   0.013   0.000  Mcompar_counter[31]_GND_1_o_LessThan_5_o_cy<3> (Mcompar_counter[31]_GND_1_o_LessThan_5_o_cy<3>)
     MUXCY:CI->O           8   0.013   0.378  Mcompar_counter[31]_GND_1_o_LessThan_5_o_cy<4> (Mcompar_counter[31]_GND_1_o_LessThan_5_o_cy<4>)
     INV:I->O              7   0.054   0.373  _n0225_inv1_cepot_INV_0 (_n0225_inv1_cepot)
     FDE:CE                    0.161          Key_x_0
    ----------------------------------------
    Total                      2.152ns (0.786ns logic, 1.366ns route)
                                       (36.5% logic, 63.5% route)

=========================================================================
Timing constraint: Default period analysis for Clock 'M4/push'
  Clock period: 1.069ns (frequency: 935.060MHz)
  Total number of paths / destination ports: 6 / 3
-------------------------------------------------------------------------
Delay:               1.069ns (Levels of Logic = 1)
  Source:            M4/state_0 (FF)
  Destination:       M4/state_0 (FF)
  Source Clock:      M4/push rising
  Destination Clock: M4/push rising

  Data Path: M4/state_0 to M4/state_0
                                Gate     Net
    Cell:in->out      fanout   Delay   Delay  Logical Name (Net Name)
    ----------------------------------------  ------------
     FDE:C->Q             19   0.236   0.440  state_0 (state<0>)
     INV:I->O              1   0.054   0.339  Result<0>1_INV_0 (Result<0>)
     FDE:D                    -0.000          state_0
    ----------------------------------------
    Total                      1.069ns (0.290ns logic, 0.779ns route)
                                       (27.1% logic, 72.9% route)

=========================================================================
Timing constraint: Default OFFSET IN BEFORE for Clock 'clk_100MHz'
  Total number of paths / destination ports: 1195 / 100
-------------------------------------------------------------------------
Offset:              2.089ns (Levels of Logic = 10)
  Source:            SW<2> (PAD)
  Destination:       U9/SW_OK_0 (FF)
  Destination Clock: clk_100MHz rising

  Data Path: SW<2> to U9/SW_OK_0
                                Gate     Net
    Cell:in->out      fanout   Delay   Delay  Logical Name (Net Name)
    ----------------------------------------  ------------
     IBUF:I->O             3   0.000   0.625  SW_2_IBUF (SW_2_IBUF)
     begin scope: 'U9:SW<2>'
     LUT6:I0->O            1   0.043   0.000  Mcompar_sw_temp[15]_SW[15]_not_equal_100_o_lut<0> (Mcompar_sw_temp[15]_SW[15]_not_equal_100_o_lut<0>)
     MUXCY:S->O            1   0.238   0.000  Mcompar_sw_temp[15]_SW[15]_not_equal_100_o_cy<0> (Mcompar_sw_temp[15]_SW[15]_not_equal_100_o_cy<0>)
     MUXCY:CI->O           1   0.013   0.000  Mcompar_sw_temp[15]_SW[15]_not_equal_100_o_cy<1> (Mcompar_sw_temp[15]_SW[15]_not_equal_100_o_cy<1>)
     MUXCY:CI->O           1   0.013   0.000  Mcompar_sw_temp[15]_SW[15]_not_equal_100_o_cy<2> (Mcompar_sw_temp[15]_SW[15]_not_equal_100_o_cy<2>)
     MUXCY:CI->O           1   0.013   0.000  Mcompar_sw_temp[15]_SW[15]_not_equal_100_o_cy<3> (Mcompar_sw_temp[15]_SW[15]_not_equal_100_o_cy<3>)
     MUXCY:CI->O           1   0.013   0.000  Mcompar_sw_temp[15]_SW[15]_not_equal_100_o_cy<4> (Mcompar_sw_temp[15]_SW[15]_not_equal_100_o_cy<4>)
     MUXCY:CI->O          43   0.013   0.471  Mcompar_sw_temp[15]_SW[15]_not_equal_100_o_cy<5> (sw_temp[15]_SW[15]_not_equal_100_o)
     INV:I->O             17   0.054   0.429  _n0243_inv1_cepot_cepot_INV_0 (_n0243_inv1_cepot_cepot)
     FDE:CE                    0.161          SW_OK_0
    ----------------------------------------
    Total                      2.089ns (0.563ns logic, 1.525ns route)
                                       (27.0% logic, 73.0% route)

=========================================================================
Timing constraint: Default OFFSET IN BEFORE for Clock 'U9/clk1'
  Total number of paths / destination ports: 176 / 41
-------------------------------------------------------------------------
Offset:              2.109ns (Levels of Logic = 6)
  Source:            BTN_y<3> (PAD)
  Destination:       U9/Key_x_1 (FF)
  Destination Clock: U9/clk1 rising

  Data Path: BTN_y<3> to U9/Key_x_1
                                Gate     Net
    Cell:in->out      fanout   Delay   Delay  Logical Name (Net Name)
    ----------------------------------------  ------------
     IBUF:I->O             6   0.000   0.550  BTN_y_3_IBUF (BTN_y_3_IBUF)
     begin scope: 'U9:Key_y<3>'
     LUT4:I0->O           12   0.043   0.674  out1 (n0016)
     LUT6:I0->O            3   0.043   0.362  _n0295<0>1 (_n0295<0>)
     LUT6:I5->O            1   0.043   0.350  Key_x[4]_PWR_1_o_select_74_OUT<1>1 (Key_x[4]_PWR_1_o_select_74_OUT<4>)
     LUT3:I2->O            1   0.043   0.000  Key_x_4_dpot (Key_x_4_dpot)
     FDE:D                    -0.000          Key_x_4
    ----------------------------------------
    Total                      2.109ns (0.172ns logic, 1.937ns route)
                                       (8.2% logic, 91.8% route)

=========================================================================
Timing constraint: Default OFFSET OUT AFTER for Clock 'clk_100MHz'
  Total number of paths / destination ports: 4544 / 17
-------------------------------------------------------------------------
Offset:              5.928ns (Levels of Logic = 13)
  Source:            U9/SW_OK_15 (FF)
  Destination:       SEGMENT<3> (PAD)
  Source Clock:      clk_100MHz rising

  Data Path: U9/SW_OK_15 to SEGMENT<3>
                                Gate     Net
    Cell:in->out      fanout   Delay   Delay  Logical Name (Net Name)
    ----------------------------------------  ------------
     FDE:C->Q             80   0.236   0.544  SW_OK_15 (SW_OK<15>)
     end scope: 'U9:SW_OK<15>'
     begin scope: 'U4:SW<15>'
     LUT6:I4->O           32   0.043   0.652  Mmux_Cpu_data4bus71 (Cpu_data4bus<15>)
     end scope: 'U4:Cpu_data4bus<15>'
     LUT6:I2->O            1   0.043   0.000  U5/MUX1_DispData/Mmux_o_36 (U5/MUX1_DispData/Mmux_o_36)
     MUXF7:I1->O          12   0.178   0.556  U5/MUX1_DispData/Mmux_o_2_f7_5 (Disp_num<15>)
     LUT6:I3->O            1   0.043   0.000  U61/M2/Mmux_Hexo_43 (U61/M2/Mmux_Hexo_43)
     MUXF7:I0->O           8   0.176   0.378  U61/M2/Mmux_Hexo_2_f7_2 (U61/Hex<3>)
     INV:I->O             11   0.317   0.551  U61/M1/XLXI_1 (U61/M1/XLXN_14)
     AND4:I3->O            2   0.161   0.500  U61/M1/XLXI_5 (U61/M1/XLXN_119)
     OR4:I3->O             1   0.161   0.603  U61/M1/XLXI_17 (U61/M1/XLXN_208)
     OR2:I1->O             1   0.053   0.350  U61/M1/XLXI_47 (U61/SEG_TXT<0>)
     LUT3:I2->O            1   0.043   0.339  U61/MUXHM/Mmux_o1 (SEGMENT_0_OBUF)
     OBUF:I->O                 0.000          SEGMENT_0_OBUF (SEGMENT<0>)
    ----------------------------------------
    Total                      5.928ns (1.454ns logic, 4.474ns route)
                                       (24.5% logic, 75.5% route)

=========================================================================
Timing constraint: Default OFFSET OUT AFTER for Clock 'U9/clk1'
  Total number of paths / destination ports: 6 / 6
-------------------------------------------------------------------------
Offset:              0.658ns (Levels of Logic = 2)
  Source:            U9/Key_x_4 (FF)
  Destination:       BTN_x<4> (PAD)
  Source Clock:      U9/clk1 rising

  Data Path: U9/Key_x_4 to BTN_x<4>
                                Gate     Net
    Cell:in->out      fanout   Delay   Delay  Logical Name (Net Name)
    ----------------------------------------  ------------
     FDE:C->Q             16   0.236   0.422  Key_x_4 (Key_x<4>)
     end scope: 'U9:Key_x<4>'
     OBUF:I->O                 0.000          BTN_x_4_OBUF (BTN_x<4>)
    ----------------------------------------
    Total                      0.658ns (0.236ns logic, 0.422ns route)
                                       (35.8% logic, 64.2% route)

=========================================================================
Timing constraint: Default OFFSET OUT AFTER for Clock 'Clk_CPU'
  Total number of paths / destination ports: 885430891 / 19
-------------------------------------------------------------------------
Offset:              12.334ns (Levels of Logic = 24)
  Source:            U1/DataPath/PC/Q_9 (FF)
  Destination:       SEGMENT<5> (PAD)
  Source Clock:      Clk_CPU rising

  Data Path: U1/DataPath/PC/Q_9 to SEGMENT<5>
                                Gate     Net
    Cell:in->out      fanout   Delay   Delay  Logical Name (Net Name)
    ----------------------------------------  ------------
     FDC:C->Q             58   0.236   0.630  U1/DataPath/PC/Q_9 (U1/DataPath/PC/Q_9)
     begin scope: 'U2:a<7>'
     LUT3:I0->O            1   0.043   0.613  U0/xst_options.dist_mem_inst/gen_rom.rom_inst/Mram_spo_int44116_SW0 (N10)
     LUT6:I0->O            1   0.043   0.522  U0/xst_options.dist_mem_inst/gen_rom.rom_inst/Mram_spo_int44116 (U0/xst_options.dist_mem_inst/gen_rom.rom_inst/Mram_spo_int44115)
     LUT6:I2->O          260   0.043   0.522  U0/xst_options.dist_mem_inst/gen_rom.rom_inst/Mram_spo_int441113 (spo<17>)
     end scope: 'U2:spo<17>'
     LUT6:I5->O            1   0.043   0.522  U1/DataPath/U2_2/Mmux_R_addr_B[4]_register[31][31]_wide_mux_4_OUT_888 (U1/DataPath/U2_2/Mmux_R_addr_B[4]_register[31][31]_wide_mux_4_OUT_888)
     LUT6:I2->O            3   0.043   0.417  U1/DataPath/U2_2/Mmux_R_addr_B[4]_register[31][31]_wide_mux_4_OUT_329 (U1/DataPath/U2_2/Mmux_R_addr_B[4]_register[31][31]_wide_mux_4_OUT_329)
     LUT6:I4->O           36   0.043   0.653  U1/DataPath/MUXD3/Mmux_o301 (U1/DataPath/XLXN_3<7>)
     LUT6:I2->O            2   0.043   0.355  U1/DataPath/U1_1/Sh631 (U1/DataPath/U1_1/Sh63)
     LUT6:I5->O            1   0.043   0.350  U1/DataPath/U1_1/MUXALU/Mmux_o251 (U1/DataPath/U1_1/MUXALU/Mmux_o25)
     LUT6:I5->O            2   0.043   0.355  U1/DataPath/U1_1/MUXALU/Mmux_o252 (U1/DataPath/U1_1/MUXALU/Mmux_o251)
     LUT4:I3->O          113   0.043   0.748  U1/DataPath/U1_1/MUXALU/Mmux_o253 (Addr_out<31>)
     begin scope: 'U4:addr_bus<31>'
     LUT5:I0->O           32   0.043   0.743  Mmux_data_ram_rd11 (data_ram_rd)
     LUT6:I0->O           32   0.043   0.652  Mmux_Cpu_data4bus191 (Cpu_data4bus<26>)
     end scope: 'U4:Cpu_data4bus<26>'
     LUT6:I2->O            1   0.043   0.000  U5/MUX1_DispData/Mmux_o_318 (U5/MUX1_DispData/Mmux_o_318)
     MUXF7:I1->O          15   0.178   0.600  U5/MUX1_DispData/Mmux_o_2_f7_17 (Disp_num<26>)
     LUT6:I2->O            1   0.043   0.000  U61/M2/Mmux_Hexo_32 (U61/M2/Mmux_Hexo_32)
     MUXF7:I1->O          11   0.178   0.395  U61/M2/Mmux_Hexo_2_f7_1 (U61/Hex<2>)
     INV:I->O              8   0.317   0.642  U61/M1/XLXI_2 (U61/M1/XLXN_61)
     AND4:I1->O            2   0.053   0.500  U61/M1/XLXI_5 (U61/M1/XLXN_119)
     OR4:I3->O             1   0.161   0.603  U61/M1/XLXI_17 (U61/M1/XLXN_208)
     OR2:I1->O             1   0.053   0.350  U61/M1/XLXI_47 (U61/SEG_TXT<0>)
     LUT3:I2->O            1   0.043   0.339  U61/MUXHM/Mmux_o1 (SEGMENT_0_OBUF)
     OBUF:I->O                 0.000          SEGMENT_0_OBUF (SEGMENT<0>)
    ----------------------------------------
    Total                     12.334ns (1.821ns logic, 10.513ns route)
                                       (14.8% logic, 85.2% route)

=========================================================================
Timing constraint: Default OFFSET OUT AFTER for Clock 'U8/clkdiv_6'
  Total number of paths / destination ports: 1463 / 8
-------------------------------------------------------------------------
Offset:              5.970ns (Levels of Logic = 12)
  Source:            U10/counter0_25 (FF)
  Destination:       SEGMENT<3> (PAD)
  Source Clock:      U8/clkdiv_6 rising

  Data Path: U10/counter0_25 to SEGMENT<3>
                                Gate     Net
    Cell:in->out      fanout   Delay   Delay  Logical Name (Net Name)
    ----------------------------------------  ------------
     FDC:C->Q              4   0.236   0.539  U10/counter0_25 (U10/counter0_25)
     begin scope: 'U4:counter_out<25>'
     LUT6:I2->O           32   0.043   0.652  Mmux_Cpu_data4bus181 (Cpu_data4bus<25>)
     end scope: 'U4:Cpu_data4bus<25>'
     LUT6:I2->O            1   0.043   0.000  U5/MUX1_DispData/Mmux_o_317 (U5/MUX1_DispData/Mmux_o_317)
     MUXF7:I1->O          15   0.178   0.600  U5/MUX1_DispData/Mmux_o_2_f7_16 (Disp_num<25>)
     LUT6:I2->O            1   0.043   0.000  U61/M2/Mmux_Hexo_31 (U61/M2/Mmux_Hexo_31)
     MUXF7:I1->O          11   0.178   0.395  U61/M2/Mmux_Hexo_2_f7_0 (U61/Hex<1>)
     INV:I->O              8   0.317   0.561  U61/M1/XLXI_3 (U61/M1/XLXN_62)
     AND4:I2->O            2   0.134   0.500  U61/M1/XLXI_5 (U61/M1/XLXN_119)
     OR4:I3->O             1   0.161   0.603  U61/M1/XLXI_17 (U61/M1/XLXN_208)
     OR2:I1->O             1   0.053   0.350  U61/M1/XLXI_47 (U61/SEG_TXT<0>)
     LUT3:I2->O            1   0.043   0.339  U61/MUXHM/Mmux_o1 (SEGMENT_0_OBUF)
     OBUF:I->O                 0.000          SEGMENT_0_OBUF (SEGMENT<0>)
    ----------------------------------------
    Total                      5.970ns (1.429ns logic, 4.541ns route)
                                       (23.9% logic, 76.1% route)

=========================================================================

Cross Clock Domains Report:
--------------------------

Clock to Setup on destination clock Clk_CPU
---------------+---------+---------+---------+---------+
               | Src:Rise| Src:Fall| Src:Rise| Src:Fall|
Source Clock   |Dest:Rise|Dest:Rise|Dest:Fall|Dest:Fall|
---------------+---------+---------+---------+---------+
Clk_CPU        |    9.901|         |    7.132|         |
U8/clkdiv_6    |    1.402|         |    0.897|         |
clk_100MHz     |    1.402|         |    1.610|         |
---------------+---------+---------+---------+---------+

Clock to Setup on destination clock M4/push
---------------+---------+---------+---------+---------+
               | Src:Rise| Src:Fall| Src:Rise| Src:Fall|
Source Clock   |Dest:Rise|Dest:Rise|Dest:Fall|Dest:Fall|
---------------+---------+---------+---------+---------+
M4/push        |    1.069|         |         |         |
U9/clk1        |    0.818|         |         |         |
clk_100MHz     |    1.336|         |         |         |
---------------+---------+---------+---------+---------+

Clock to Setup on destination clock U8/clkdiv_6
---------------+---------+---------+---------+---------+
               | Src:Rise| Src:Fall| Src:Rise| Src:Fall|
Source Clock   |Dest:Rise|Dest:Rise|Dest:Fall|Dest:Fall|
---------------+---------+---------+---------+---------+
Clk_CPU        |         |    2.138|         |         |
U8/clkdiv_6    |    2.221|         |         |         |
clk_100MHz     |    1.619|         |         |         |
---------------+---------+---------+---------+---------+

Clock to Setup on destination clock U9/clk1
---------------+---------+---------+---------+---------+
               | Src:Rise| Src:Fall| Src:Rise| Src:Fall|
Source Clock   |Dest:Rise|Dest:Rise|Dest:Fall|Dest:Fall|
---------------+---------+---------+---------+---------+
U9/clk1        |    2.152|         |         |         |
clk_100MHz     |    1.292|         |         |         |
---------------+---------+---------+---------+---------+

Clock to Setup on destination clock clk_100MHz
---------------+---------+---------+---------+---------+
               | Src:Rise| Src:Fall| Src:Rise| Src:Fall|
Source Clock   |Dest:Rise|Dest:Rise|Dest:Fall|Dest:Fall|
---------------+---------+---------+---------+---------+
Clk_CPU        |   11.851|    4.601|    7.198|         |
M4/push        |    1.928|         |         |         |
U8/clkdiv_6    |    5.493|         |         |         |
U9/clk1        |    1.100|         |         |         |
clk_100MHz     |    5.493|         |         |         |
---------------+---------+---------+---------+---------+

=========================================================================


Total REAL time to Xst completion: 19.00 secs
Total CPU time to Xst completion: 18.91 secs
 
--> 

Total memory usage is 4677520 kilobytes

Number of errors   :    0 (   0 filtered)
Number of warnings :  119 (   0 filtered)
Number of infos    :   20 (   0 filtered)

