Release 14.7 - xst P.20131013 (nt64)
Copyright (c) 1995-2013 Xilinx, Inc.  All rights reserved.
--> Parameter TMPDIR set to xst/projnav.tmp


Total REAL time to Xst completion: 0.00 secs
Total CPU time to Xst completion: 0.09 secs
 
--> Parameter xsthdpdir set to xst


Total REAL time to Xst completion: 0.00 secs
Total CPU time to Xst completion: 0.09 secs
 
--> Reading design: ALU.prj

TABLE OF CONTENTS
  1) Synthesis Options Summary
  2) HDL Parsing
  3) HDL Elaboration
  4) HDL Synthesis
       4.1) HDL Synthesis Report
  5) Advanced HDL Synthesis
       5.1) Advanced HDL Synthesis Report
  6) Low Level Synthesis
  7) Partition Report
  8) Design Summary
       8.1) Primitive and Black Box Usage
       8.2) Device utilization summary
       8.3) Partition Resource Summary
       8.4) Timing Report
            8.4.1) Clock Information
            8.4.2) Asynchronous Control Signals Information
            8.4.3) Timing Summary
            8.4.4) Timing Details
            8.4.5) Cross Clock Domains Report


=========================================================================
*                      Synthesis Options Summary                        *
=========================================================================
---- Source Parameters
Input File Name                    : "ALU.prj"
Ignore Synthesis Constraint File   : NO

---- Target Parameters
Output File Name                   : "ALU"
Output Format                      : NGC
Target Device                      : xc7k160t-2L-ffg676

---- Source Options
Top Module Name                    : ALU
Automatic FSM Extraction           : YES
FSM Encoding Algorithm             : Auto
Safe Implementation                : No
FSM Style                          : LUT
RAM Extraction                     : Yes
RAM Style                          : Auto
ROM Extraction                     : Yes
Shift Register Extraction          : YES
ROM Style                          : Auto
Resource Sharing                   : YES
Asynchronous To Synchronous        : NO
Shift Register Minimum Size        : 2
Use DSP Block                      : Auto
Automatic Register Balancing       : No

---- Target Options
LUT Combining                      : Auto
Reduce Control Sets                : Auto
Add IO Buffers                     : YES
Global Maximum Fanout              : 100000
Add Generic Clock Buffer(BUFG)     : 32
Register Duplication               : YES
Optimize Instantiated Primitives   : NO
Use Clock Enable                   : Auto
Use Synchronous Set                : Auto
Use Synchronous Reset              : Auto
Pack IO Registers into IOBs        : Auto
Equivalent register Removal        : YES

---- General Options
Optimization Goal                  : Speed
Optimization Effort                : 1
Power Reduction                    : NO
Keep Hierarchy                     : No
Netlist Hierarchy                  : As_Optimized
RTL Output                         : Yes
Global Optimization                : AllClockNets
Read Cores                         : YES
Write Timing Constraints           : NO
Cross Clock Analysis               : NO
Hierarchy Separator                : /
Bus Delimiter                      : <>
Case Specifier                     : Maintain
Slice Utilization Ratio            : 100
BRAM Utilization Ratio             : 100
DSP48 Utilization Ratio            : 100
Auto BRAM Packing                  : NO
Slice Utilization Ratio Delta      : 5

=========================================================================


=========================================================================
*                          HDL Parsing                                  *
=========================================================================
Analyzing Verilog file "\\mac\project\Verilog\ALU_NEW\xor32.v" into library work
Parsing module <xor32>.
Analyzing Verilog file "\\mac\project\Verilog\ALU_NEW\srl32.v" into library work
Parsing module <srl32>.
Analyzing Verilog file "\\mac\project\Verilog\ALU_NEW\SignalExt_32.v" into library work
Parsing module <SignalExt_32>.
Analyzing Verilog file "\\mac\project\Verilog\ALU_NEW\or_bit_32 .v" into library work
Parsing module <or_bit_32>.
Analyzing Verilog file "\\mac\project\Verilog\ALU_NEW\or32.v" into library work
Parsing module <or32>.
Analyzing Verilog file "\\mac\project\Verilog\ALU_NEW\nor32.v" into library work
Parsing module <nor32>.
Analyzing Verilog file "\\mac\project\Verilog\ALU_NEW\MUX8T1_32.v" into library work
Parsing module <MUX8T1_32>.
Analyzing Verilog file "\\mac\project\Verilog\ALU_NEW\and32.v" into library work
Parsing module <and32>.
Analyzing Verilog file "\\mac\project\Verilog\ALU_NEW\addc_32.v" into library work
Parsing module <ADC32>.
Analyzing Verilog file "\\mac\project\Verilog\ALU_NEW\ALU.vf" into library work
Parsing module <ALU>.

=========================================================================
*                            HDL Elaboration                            *
=========================================================================

Elaborating module <ALU>.

Elaborating module <ADC32>.

Elaborating module <xor32>.

Elaborating module <nor32>.

Elaborating module <or32>.

Elaborating module <and32>.

Elaborating module <MUX8T1_32>.

Elaborating module <srl32>.

Elaborating module <GND>.

Elaborating module <SignalExt_32>.

Elaborating module <or_bit_32>.
WARNING:HDLCompiler:413 - "\\mac\project\Verilog\ALU_NEW\or_bit_32 .v" Line 25: Result of 32-bit expression is truncated to fit in 1-bit target.
WARNING:HDLCompiler:634 - "\\mac\project\Verilog\ALU_NEW\ALU.vf" Line 40: Net <XLXN_2[31]> does not have a driver.
WARNING:Xst:2972 - "\\mac\project\Verilog\ALU_NEW\ALU.vf" line 59. All outputs of instance <XLXI_4> of block <or32> are unconnected in block <ALU>. Underlying logic will be removed.

=========================================================================
*                           HDL Synthesis                               *
=========================================================================

Synthesizing Unit <ALU>.
    Related source file is "\\mac\project\Verilog\ALU_NEW\ALU.vf".
INFO:Xst:3210 - "\\mac\project\Verilog\ALU_NEW\ALU.vf" line 59: Output port <res> of the instance <XLXI_4> is unconnected or connected to loadless signal.
WARNING:Xst:653 - Signal <XLXN_2> is used but never assigned. This sourceless signal will be automatically connected to value GND.
    Summary:
	no macro.
Unit <ALU> synthesized.

Synthesizing Unit <ADC32>.
    Related source file is "\\mac\project\Verilog\ALU_NEW\addc_32.v".
    Found 33-bit adder for signal <n0013> created at line 30.
    Found 33-bit adder for signal <S> created at line 30.
    Summary:
	inferred   2 Adder/Subtractor(s).
Unit <ADC32> synthesized.

Synthesizing Unit <xor32>.
    Related source file is "\\mac\project\Verilog\ALU_NEW\xor32.v".
    Summary:
Unit <xor32> synthesized.

Synthesizing Unit <nor32>.
    Related source file is "\\mac\project\Verilog\ALU_NEW\nor32.v".
    Summary:
	no macro.
Unit <nor32> synthesized.

Synthesizing Unit <and32>.
    Related source file is "\\mac\project\Verilog\ALU_NEW\and32.v".
    Summary:
	no macro.
Unit <and32> synthesized.

Synthesizing Unit <MUX8T1_32>.
    Related source file is "\\mac\project\Verilog\ALU_NEW\MUX8T1_32.v".
    Found 32-bit 8-to-1 multiplexer for signal <o> created at line 35.
    Summary:
	inferred   1 Multiplexer(s).
Unit <MUX8T1_32> synthesized.

Synthesizing Unit <srl32>.
    Related source file is "\\mac\project\Verilog\ALU_NEW\srl32.v".
WARNING:Xst:647 - Input <A> is never used. This port will be preserved and left unconnected if it belongs to a top-level block or it belongs to a sub-block and the hierarchy of this sub-block is preserved.
WARNING:Xst:647 - Input <B<0:0>> is never used. This port will be preserved and left unconnected if it belongs to a top-level block or it belongs to a sub-block and the hierarchy of this sub-block is preserved.
    Summary:
	no macro.
Unit <srl32> synthesized.

Synthesizing Unit <SignalExt_32>.
    Related source file is "\\mac\project\Verilog\ALU_NEW\SignalExt_32.v".
    Summary:
	no macro.
Unit <SignalExt_32> synthesized.

Synthesizing Unit <or_bit_32>.
    Related source file is "\\mac\project\Verilog\ALU_NEW\or_bit_32 .v".
    Summary:
	no macro.
Unit <or_bit_32> synthesized.

=========================================================================
HDL Synthesis Report

Macro Statistics
# Adders/Subtractors                                   : 2
 33-bit adder                                          : 2
# Multiplexers                                         : 1
 32-bit 8-to-1 multiplexer                             : 1
# Xors                                                 : 2
 32-bit xor2                                           : 2

=========================================================================

=========================================================================
*                       Advanced HDL Synthesis                          *
=========================================================================


=========================================================================
Advanced HDL Synthesis Report

Macro Statistics
# Adders/Subtractors                                   : 1
 33-bit adder carry in                                 : 1
# Multiplexers                                         : 1
 32-bit 8-to-1 multiplexer                             : 1
# Xors                                                 : 2
 32-bit xor2                                           : 2

=========================================================================

=========================================================================
*                         Low Level Synthesis                           *
=========================================================================

Optimizing unit <ALU> ...

Mapping all equations...
Building and optimizing final netlist ...
Found area constraint ratio of 100 (+ 5) on block ALU, actual ratio is 0.

Final Macro Processing ...

=========================================================================
Final Register Report

Found no macro
=========================================================================

=========================================================================
*                           Partition Report                            *
=========================================================================

Partition Implementation Status
-------------------------------

  No Partitions were found in this design.

-------------------------------

=========================================================================
*                            Design Summary                             *
=========================================================================

Top Level Output File Name         : ALU.ngc

Primitive and Black Box Usage:
------------------------------
# BELS                             : 255
#      LUT1                        : 1
#      LUT3                        : 33
#      LUT5                        : 114
#      LUT6                        : 39
#      MUXCY                       : 32
#      MUXF7                       : 3
#      XORCY                       : 33
# IO Buffers                       : 100
#      IBUF                        : 67
#      OBUF                        : 33

Device utilization summary:
---------------------------

Selected Device : 7k160tffg676-2l 


Slice Logic Utilization: 
 Number of Slice LUTs:                  187  out of  101400     0%  
    Number used as Logic:               187  out of  101400     0%  

Slice Logic Distribution: 
 Number of LUT Flip Flop pairs used:    187
   Number with an unused Flip Flop:     187  out of    187   100%  
   Number with an unused LUT:             0  out of    187     0%  
   Number of fully used LUT-FF pairs:     0  out of    187     0%  
   Number of unique control sets:         0

IO Utilization: 
 Number of IOs:                         101
 Number of bonded IOBs:                 100  out of    400    25%  

Specific Feature Utilization:

---------------------------
Partition Resource Summary:
---------------------------

  No Partitions were found in this design.

---------------------------


=========================================================================
Timing Report

NOTE: THESE TIMING NUMBERS ARE ONLY A SYNTHESIS ESTIMATE.
      FOR ACCURATE TIMING INFORMATION PLEASE REFER TO THE TRACE REPORT
      GENERATED AFTER PLACE-and-ROUTE.

Clock Information:
------------------
No clock signals found in this design

Asynchronous Control Signals Information:
----------------------------------------
No asynchronous control signals found in this design

Timing Summary:
---------------
Speed Grade: -2

   Minimum period: No path found
   Minimum input arrival time before clock: No path found
   Maximum output required time after clock: No path found
   Maximum combinational path delay: 3.975ns

Timing Details:
---------------
All values displayed in nanoseconds (ns)

=========================================================================
Timing constraint: Default path analysis
  Total number of paths / destination ports: 5738 / 33
-------------------------------------------------------------------------
Delay:               3.975ns (Levels of Logic = 39)
  Source:            ALU_operation<2> (PAD)
  Destination:       zero (PAD)

  Data Path: ALU_operation<2> to zero
                                Gate     Net
    Cell:in->out      fanout   Delay   Delay  Logical Name (Net Name)
    ----------------------------------------  ------------
     IBUF:I->O           153   0.000   0.557  ALU_operation_2_IBUF (ALU_operation_2_IBUF)
     LUT3:I1->O            1   0.043   0.000  XLXI_1/Madd_S_Madd_lut<0> (XLXI_1/Madd_S_Madd_lut<0>)
     MUXCY:S->O            1   0.238   0.000  XLXI_1/Madd_S_Madd_cy<0> (XLXI_1/Madd_S_Madd_cy<0>)
     MUXCY:CI->O           1   0.013   0.000  XLXI_1/Madd_S_Madd_cy<1> (XLXI_1/Madd_S_Madd_cy<1>)
     MUXCY:CI->O           1   0.013   0.000  XLXI_1/Madd_S_Madd_cy<2> (XLXI_1/Madd_S_Madd_cy<2>)
     MUXCY:CI->O           1   0.013   0.000  XLXI_1/Madd_S_Madd_cy<3> (XLXI_1/Madd_S_Madd_cy<3>)
     MUXCY:CI->O           1   0.013   0.000  XLXI_1/Madd_S_Madd_cy<4> (XLXI_1/Madd_S_Madd_cy<4>)
     MUXCY:CI->O           1   0.013   0.000  XLXI_1/Madd_S_Madd_cy<5> (XLXI_1/Madd_S_Madd_cy<5>)
     MUXCY:CI->O           1   0.013   0.000  XLXI_1/Madd_S_Madd_cy<6> (XLXI_1/Madd_S_Madd_cy<6>)
     MUXCY:CI->O           1   0.013   0.000  XLXI_1/Madd_S_Madd_cy<7> (XLXI_1/Madd_S_Madd_cy<7>)
     MUXCY:CI->O           1   0.013   0.000  XLXI_1/Madd_S_Madd_cy<8> (XLXI_1/Madd_S_Madd_cy<8>)
     MUXCY:CI->O           1   0.013   0.000  XLXI_1/Madd_S_Madd_cy<9> (XLXI_1/Madd_S_Madd_cy<9>)
     MUXCY:CI->O           1   0.013   0.000  XLXI_1/Madd_S_Madd_cy<10> (XLXI_1/Madd_S_Madd_cy<10>)
     MUXCY:CI->O           1   0.013   0.000  XLXI_1/Madd_S_Madd_cy<11> (XLXI_1/Madd_S_Madd_cy<11>)
     MUXCY:CI->O           1   0.013   0.000  XLXI_1/Madd_S_Madd_cy<12> (XLXI_1/Madd_S_Madd_cy<12>)
     MUXCY:CI->O           1   0.013   0.000  XLXI_1/Madd_S_Madd_cy<13> (XLXI_1/Madd_S_Madd_cy<13>)
     MUXCY:CI->O           1   0.013   0.000  XLXI_1/Madd_S_Madd_cy<14> (XLXI_1/Madd_S_Madd_cy<14>)
     MUXCY:CI->O           1   0.013   0.000  XLXI_1/Madd_S_Madd_cy<15> (XLXI_1/Madd_S_Madd_cy<15>)
     MUXCY:CI->O           1   0.013   0.000  XLXI_1/Madd_S_Madd_cy<16> (XLXI_1/Madd_S_Madd_cy<16>)
     MUXCY:CI->O           1   0.013   0.000  XLXI_1/Madd_S_Madd_cy<17> (XLXI_1/Madd_S_Madd_cy<17>)
     MUXCY:CI->O           1   0.013   0.000  XLXI_1/Madd_S_Madd_cy<18> (XLXI_1/Madd_S_Madd_cy<18>)
     MUXCY:CI->O           1   0.013   0.000  XLXI_1/Madd_S_Madd_cy<19> (XLXI_1/Madd_S_Madd_cy<19>)
     MUXCY:CI->O           1   0.013   0.000  XLXI_1/Madd_S_Madd_cy<20> (XLXI_1/Madd_S_Madd_cy<20>)
     MUXCY:CI->O           1   0.013   0.000  XLXI_1/Madd_S_Madd_cy<21> (XLXI_1/Madd_S_Madd_cy<21>)
     MUXCY:CI->O           1   0.013   0.000  XLXI_1/Madd_S_Madd_cy<22> (XLXI_1/Madd_S_Madd_cy<22>)
     MUXCY:CI->O           1   0.013   0.000  XLXI_1/Madd_S_Madd_cy<23> (XLXI_1/Madd_S_Madd_cy<23>)
     MUXCY:CI->O           1   0.013   0.000  XLXI_1/Madd_S_Madd_cy<24> (XLXI_1/Madd_S_Madd_cy<24>)
     MUXCY:CI->O           1   0.013   0.000  XLXI_1/Madd_S_Madd_cy<25> (XLXI_1/Madd_S_Madd_cy<25>)
     MUXCY:CI->O           1   0.013   0.000  XLXI_1/Madd_S_Madd_cy<26> (XLXI_1/Madd_S_Madd_cy<26>)
     MUXCY:CI->O           1   0.013   0.000  XLXI_1/Madd_S_Madd_cy<27> (XLXI_1/Madd_S_Madd_cy<27>)
     MUXCY:CI->O           1   0.013   0.000  XLXI_1/Madd_S_Madd_cy<28> (XLXI_1/Madd_S_Madd_cy<28>)
     MUXCY:CI->O           1   0.013   0.000  XLXI_1/Madd_S_Madd_cy<29> (XLXI_1/Madd_S_Madd_cy<29>)
     MUXCY:CI->O           1   0.013   0.000  XLXI_1/Madd_S_Madd_cy<30> (XLXI_1/Madd_S_Madd_cy<30>)
     XORCY:CI->O           1   0.262   0.350  XLXI_1/Madd_S_Madd_xor<31> (S<31>)
     LUT6:I5->O            2   0.043   0.618  XLXI_6/Mmux_o251 (res_31_OBUF)
     LUT6:I0->O            1   0.043   0.495  XLXI_11/A[31]_GND_11_o_equal_1_o<31>1 (XLXI_11/A[31]_GND_11_o_equal_1_o<31>)
     LUT5:I2->O            1   0.043   0.495  XLXI_11/A[31]_GND_11_o_equal_1_o<31>2 (XLXI_11/A[31]_GND_11_o_equal_1_o<31>1)
     LUT6:I3->O            1   0.043   0.339  XLXI_11/A[31]_GND_11_o_equal_1_o<31>7 (zero_OBUF)
     OBUF:I->O                 0.000          zero_OBUF (zero)
    ----------------------------------------
    Total                      3.975ns (1.120ns logic, 2.855ns route)
                                       (28.2% logic, 71.8% route)

=========================================================================

Cross Clock Domains Report:
--------------------------

=========================================================================


Total REAL time to Xst completion: 7.00 secs
Total CPU time to Xst completion: 7.63 secs
 
--> 

Total memory usage is 4654708 kilobytes

Number of errors   :    0 (   0 filtered)
Number of warnings :    6 (   0 filtered)
Number of infos    :    1 (   0 filtered)

