--------------------------------------------------------------------------------
Release 14.7 Trace  (nt64)
Copyright (c) 1995-2013 Xilinx, Inc.  All rights reserved.

C:\Xilinx\14.7\ISE_DS\ISE\bin\nt64\unwrapped\trce.exe -intstyle ise -v 3 -s 1
-n 3 -fastpaths -xml Mux4to14b.twx Mux4to14b.ncd -o Mux4to14b.twr Mux4to14b.pcf

Design file:              Mux4to14b.ncd
Physical constraint file: Mux4to14b.pcf
Device,package,speed:     xc7k160t,ffg676,C,-1 (PRODUCTION 1.10 2013-10-13)
Report level:             verbose report

Environment Variable      Effect 
--------------------      ------ 
NONE                      No environment variables were set
--------------------------------------------------------------------------------

INFO:Timing:2698 - No timing constraints found, doing default enumeration.
INFO:Timing:3412 - To improve timing, see the Timing Closure User Guide (UG612).
INFO:Timing:2752 - To get complete path coverage, use the unconstrained paths 
   option. All paths that are not constrained will be reported in the 
   unconstrained paths section(s) of the report.
INFO:Timing:3339 - The clock-to-out numbers in this timing report are based on 
   a 50 Ohm transmission line loading model.  For the details of this model, 
   and for more information on accounting for different loading conditions, 
   please see the device datasheet.



Data Sheet report:
-----------------
All values displayed in nanoseconds (ns)

Pad to Pad
---------------+---------------+---------+
Source Pad     |Destination Pad|  Delay  |
---------------+---------------+---------+
I0<0>          |o<0>           |    5.642|
I0<1>          |o<1>           |    5.811|
I0<2>          |o<2>           |    5.367|
I0<3>          |o<3>           |    5.684|
I1<0>          |o<0>           |    5.848|
I1<1>          |o<1>           |    5.821|
I1<2>          |o<2>           |    5.621|
I1<3>          |o<3>           |    5.690|
I2<0>          |o<0>           |    6.830|
I2<1>          |o<1>           |    6.507|
I2<2>          |o<2>           |    6.463|
I2<3>          |o<3>           |    6.370|
I3<0>          |o<0>           |    6.346|
I3<1>          |o<1>           |    6.370|
I3<2>          |o<2>           |    6.373|
I3<3>          |o<3>           |    6.369|
s<0>           |o<0>           |    6.968|
s<0>           |o<1>           |    7.301|
s<0>           |o<2>           |    6.901|
s<0>           |o<3>           |    7.133|
s<1>           |o<0>           |    6.992|
s<1>           |o<1>           |    7.325|
s<1>           |o<2>           |    6.925|
s<1>           |o<3>           |    7.114|
---------------+---------------+---------+


Analysis completed Tue Nov 06 14:52:50 2018 
--------------------------------------------------------------------------------

Trace Settings:
-------------------------
Trace Settings 

Peak Memory Usage: 5103 MB



