Release 14.7 - xst P.20131013 (nt64)
Copyright (c) 1995-2013 Xilinx, Inc.  All rights reserved.
--> Parameter TMPDIR set to xst/projnav.tmp


Total REAL time to Xst completion: 0.00 secs
Total CPU time to Xst completion: 0.10 secs
 
--> Parameter xsthdpdir set to xst


Total REAL time to Xst completion: 0.00 secs
Total CPU time to Xst completion: 0.10 secs
 
--> Reading design: OExp12_MSOC.prj

TABLE OF CONTENTS
  1) Synthesis Options Summary
  2) HDL Parsing
  3) HDL Elaboration
  4) HDL Synthesis
       4.1) HDL Synthesis Report
  5) Advanced HDL Synthesis
       5.1) Advanced HDL Synthesis Report
  6) Low Level Synthesis
  7) Partition Report
  8) Design Summary
       8.1) Primitive and Black Box Usage
       8.2) Device utilization summary
       8.3) Partition Resource Summary
       8.4) Timing Report
            8.4.1) Clock Information
            8.4.2) Asynchronous Control Signals Information
            8.4.3) Timing Summary
            8.4.4) Timing Details
            8.4.5) Cross Clock Domains Report


=========================================================================
*                      Synthesis Options Summary                        *
=========================================================================
---- Source Parameters
Input File Name                    : "OExp12_MSOC.prj"
Ignore Synthesis Constraint File   : NO

---- Target Parameters
Output File Name                   : "OExp12_MSOC"
Output Format                      : NGC
Target Device                      : xc7k160t-2L-fbg676

---- Source Options
Top Module Name                    : OExp12_MSOC
Automatic FSM Extraction           : YES
FSM Encoding Algorithm             : Auto
Safe Implementation                : No
FSM Style                          : LUT
RAM Extraction                     : Yes
RAM Style                          : Auto
ROM Extraction                     : Yes
Shift Register Extraction          : YES
ROM Style                          : Auto
Resource Sharing                   : YES
Asynchronous To Synchronous        : NO
Shift Register Minimum Size        : 2
Use DSP Block                      : Auto
Automatic Register Balancing       : No

---- Target Options
LUT Combining                      : Auto
Reduce Control Sets                : Auto
Add IO Buffers                     : YES
Global Maximum Fanout              : 100000
Add Generic Clock Buffer(BUFG)     : 32
Register Duplication               : YES
Optimize Instantiated Primitives   : NO
Use Clock Enable                   : Auto
Use Synchronous Set                : Auto
Use Synchronous Reset              : Auto
Pack IO Registers into IOBs        : Auto
Equivalent register Removal        : YES

---- General Options
Optimization Goal                  : Speed
Optimization Effort                : 1
Power Reduction                    : NO
Keep Hierarchy                     : No
Netlist Hierarchy                  : As_Optimized
RTL Output                         : Yes
Global Optimization                : AllClockNets
Read Cores                         : YES
Write Timing Constraints           : NO
Cross Clock Analysis               : NO
Hierarchy Separator                : /
Bus Delimiter                      : <>
Case Specifier                     : Maintain
Slice Utilization Ratio            : 100
BRAM Utilization Ratio             : 100
DSP48 Utilization Ratio            : 100
Auto BRAM Packing                  : NO
Slice Utilization Ratio Delta      : 5

---- Other Options
Cores Search Directories           : {"ipcore_dir"  }

=========================================================================


=========================================================================
*                          HDL Parsing                                  *
=========================================================================
Analyzing Verilog file "\\mac\project\Verilog\OExp12-MSOC\xor32.v" into library work
Parsing module <xor32>.
Analyzing Verilog file "\\mac\project\Verilog\OExp12-MSOC\srl32.v" into library work
Parsing module <srl32>.
Analyzing Verilog file "\\mac\project\Verilog\OExp12-MSOC\SignalExt_32.v" into library work
Parsing module <SignalExt_32>.
Analyzing Verilog file "\\mac\project\Verilog\OExp12-MSOC\or_bit_32 .v" into library work
Parsing module <or_bit_32>.
Analyzing Verilog file "\\mac\project\Verilog\OExp12-MSOC\or32.v" into library work
Parsing module <or32>.
Analyzing Verilog file "\\mac\project\Verilog\OExp12-MSOC\nor32.v" into library work
Parsing module <nor32>.
Analyzing Verilog file "\\mac\project\Verilog\OExp12-MSOC\MUX8T1_32.v" into library work
Parsing module <MUX8T1_32>.
Analyzing Verilog file "\\mac\project\Verilog\OExp12-MSOC\and32.v" into library work
Parsing module <and32>.
Analyzing Verilog file "\\mac\project\Verilog\OExp12-MSOC\addc_32.v" into library work
Parsing module <ADC32>.
Analyzing Verilog file "\\mac\project\Verilog\OExp12-MSOC\Regs.v" into library work
Parsing module <Regs>.
Analyzing Verilog file "\\mac\project\Verilog\OExp12-MSOC\REG32.v" into library work
Parsing module <REG32>.
Analyzing Verilog file "\\mac\project\Verilog\OExp12-MSOC\MUX4T1_5.v" into library work
Parsing module <MUX4T1_5>.
Analyzing Verilog file "\\mac\project\Verilog\OExp12-MSOC\MUX4T1_32.v" into library work
Parsing module <MUX4T1_32>.
Analyzing Verilog file "\\mac\project\Verilog\OExp12-MSOC\MUX2T1_32.v" into library work
Parsing module <MUX2T1_32>.
Analyzing Verilog file "\\mac\project\Verilog\OExp12-MSOC\MC14495_ZJU.vf" into library work
Parsing module <MC14495_ZJU>.
Analyzing Verilog file "\\mac\project\Verilog\OExp12-MSOC\ALU.vf" into library work
Parsing module <ALU>.
Analyzing Verilog file "\\mac\project\Verilog\OExp12-MSOC\SSeg_map.v" into library work
Parsing module <SSeg_map>.
Analyzing Verilog file "\\mac\project\Verilog\OExp12-MSOC\Seg_map.v" into library work
Parsing module <Seg_map>.
Analyzing Verilog file "\\mac\project\Verilog\OExp12-MSOC\Scansync.v" into library work
Parsing module <ScanSync>.
Analyzing Verilog file "\\mac\project\Verilog\OExp12-MSOC\P2S_IO.v" into library work
Parsing module <P2S>.
Analyzing Verilog file "\\mac\project\Verilog\OExp12-MSOC\M_datapath.v" into library work
Parsing module <M_datapath>.
Analyzing Verilog file "\\mac\project\Verilog\OExp12-MSOC\MUX8T1_8.v" into library work
Parsing module <MUX8T1_8>.
Analyzing Verilog file "\\mac\project\Verilog\OExp12-MSOC\MUX2T1_8.v" into library work
Parsing module <MUX2T1_8>.
Analyzing Verilog file "\\mac\project\Verilog\OExp12-MSOC\MUX2T1_64.v" into library work
Parsing module <MUX2T1_64>.
Analyzing Verilog file "\\mac\project\Verilog\OExp12-MSOC\mulit_ctrl.v" into library work
Parsing module <ctrl>.
Analyzing Verilog file "\\mac\project\Verilog\OExp12-MSOC\LED_P2S_IO.v" into library work
Parsing module <LED_P2S>.
Analyzing Verilog file "\\mac\project\Verilog\OExp12-MSOC\HexTo8SEG.v" into library work
Parsing module <HexTo8SEG>.
Parsing module <Hex2Seg>.
Analyzing Verilog file "\\mac\project\Verilog\OExp12-MSOC\SSeg7_Dev.vf" into library work
Parsing module <SSeg7_Dev>.
Analyzing Verilog file "\\mac\project\Verilog\OExp12-MSOC\SPIO.v" into library work
Parsing module <SPIO>.
Analyzing Verilog file "\\mac\project\Verilog\OExp12-MSOC\SEnter_2_32_IO.v" into library work
Parsing module <SEnter_2_32>.
Analyzing Verilog file "\\mac\project\Verilog\OExp12-MSOC\Seg7_Dev.vf" into library work
Parsing module <MC14495_ZJU_MUSER_Seg7_Dev>.
Parsing module <Seg7_Dev>.
Analyzing Verilog file "\\mac\project\Verilog\OExp12-MSOC\SAnti_jitter_IO.v" into library work
Parsing module <SAnti_jitter>.
Analyzing Verilog file "\\mac\project\Verilog\OExp12-MSOC\PIO.v" into library work
Parsing module <PIO>.
Analyzing Verilog file "\\mac\project\Verilog\OExp12-MSOC\Multi_CPU.v" into library work
Parsing module <Muliti_CPU>.
Analyzing Verilog file "\\mac\project\Verilog\OExp12-MSOC\Multi_8CH32.v" into library work
Parsing module <Multi_8CH32>.
Analyzing Verilog file "\\mac\project\Verilog\OExp12-MSOC\MIO_BUS_IO.v" into library work
Parsing module <MIO_BUS>.
Analyzing Verilog file "\\mac\project\Verilog\OExp12-MSOC\ipcore_dir\RAM_B.v" into library work
Parsing module <RAM_B>.
Analyzing Verilog file "\\mac\project\Verilog\OExp12-MSOC\Counter_3_IO.v" into library work
Parsing module <Counter_x>.
Analyzing Verilog file "\\mac\project\Verilog\OExp12-MSOC\clk_div.v" into library work
Parsing module <clk_div>.
Analyzing Verilog file "\\mac\project\Verilog\OExp12-MSOC\OExp12_MSOC.v" into library work
Parsing module <OExp12_MSOC>.

=========================================================================
*                            HDL Elaboration                            *
=========================================================================

Elaborating module <OExp12_MSOC>.

Elaborating module <Muliti_CPU>.

Elaborating module <ctrl>.

Elaborating module <M_datapath>.

Elaborating module <Regs>.

Elaborating module <MUX4T1_32>.

Elaborating module <MUX4T1_5>.

Elaborating module <ALU>.

Elaborating module <ADC32>.

Elaborating module <and32>.

Elaborating module <or32>.

Elaborating module <xor32>.

Elaborating module <nor32>.

Elaborating module <srl32>.

Elaborating module <or_bit_32>.

Elaborating module <MUX8T1_32>.

Elaborating module <SignalExt_32>.

Elaborating module <GND>.

Elaborating module <MUX2T1_32>.

Elaborating module <REG32>.

Elaborating module <RAM_B>.
WARNING:HDLCompiler:1499 - "\\mac\project\Verilog\OExp12-MSOC\ipcore_dir\RAM_B.v" Line 39: Empty module <RAM_B> remains a black box.

Elaborating module <MIO_BUS>.
WARNING:HDLCompiler:1499 - "\\mac\project\Verilog\OExp12-MSOC\MIO_BUS_IO.v" Line 21: Empty module <MIO_BUS> remains a black box.

Elaborating module <Multi_8CH32>.

Elaborating module <MUX8T1_8>.

Elaborating module <SSeg7_Dev>.

Elaborating module <P2S>.
WARNING:HDLCompiler:1499 - "\\mac\project\Verilog\OExp12-MSOC\P2S_IO.v" Line 21: Empty module <P2S> remains a black box.

Elaborating module <HexTo8SEG>.

Elaborating module <Hex2Seg>.

Elaborating module <MC14495_ZJU>.

Elaborating module <INV>.

Elaborating module <AND4>.

Elaborating module <OR4>.

Elaborating module <AND3>.

Elaborating module <OR3>.

Elaborating module <AND2>.

Elaborating module <OR2>.

Elaborating module <SSeg_map>.

Elaborating module <MUX2T1_64>.

Elaborating module <SPIO>.

Elaborating module <LED_P2S>.
WARNING:HDLCompiler:1499 - "\\mac\project\Verilog\OExp12-MSOC\LED_P2S_IO.v" Line 21: Empty module <LED_P2S> remains a black box.

Elaborating module <clk_div>.

Elaborating module <SAnti_jitter>.
WARNING:HDLCompiler:1499 - "\\mac\project\Verilog\OExp12-MSOC\SAnti_jitter_IO.v" Line 21: Empty module <SAnti_jitter> remains a black box.
WARNING:HDLCompiler:1127 - "\\mac\project\Verilog\OExp12-MSOC\OExp12_MSOC.v" Line 175: Assignment to Pulse ignored, since the identifier is never used

Elaborating module <Counter_x>.
WARNING:HDLCompiler:1127 - "\\mac\project\Verilog\OExp12-MSOC\Counter_3_IO.v" Line 43: Assignment to M2 ignored, since the identifier is never used
WARNING:HDLCompiler:634 - "\\mac\project\Verilog\OExp12-MSOC\Counter_3_IO.v" Line 36: Net <counter1[32]> does not have a driver.

Elaborating module <SEnter_2_32>.
WARNING:HDLCompiler:1499 - "\\mac\project\Verilog\OExp12-MSOC\SEnter_2_32_IO.v" Line 21: Empty module <SEnter_2_32> remains a black box.
WARNING:HDLCompiler:1127 - "\\mac\project\Verilog\OExp12-MSOC\OExp12_MSOC.v" Line 204: Assignment to Ai ignored, since the identifier is never used
WARNING:HDLCompiler:1127 - "\\mac\project\Verilog\OExp12-MSOC\OExp12_MSOC.v" Line 205: Assignment to Bi ignored, since the identifier is never used
WARNING:HDLCompiler:1127 - "\\mac\project\Verilog\OExp12-MSOC\OExp12_MSOC.v" Line 206: Assignment to blink ignored, since the identifier is never used

Elaborating module <Seg7_Dev>.

Elaborating module <MUX2T1_8>.

Elaborating module <MC14495_ZJU_MUSER_Seg7_Dev>.

Elaborating module <ScanSync>.

Elaborating module <Seg_map>.

Elaborating module <PIO>.

=========================================================================
*                           HDL Synthesis                               *
=========================================================================

Synthesizing Unit <OExp12_MSOC>.
    Related source file is "\\mac\project\Verilog\OExp12-MSOC\OExp12_MSOC.v".
INFO:Xst:3210 - "\\mac\project\Verilog\OExp12-MSOC\OExp12_MSOC.v" line 61: Output port <CPU_MIO> of the instance <U1> is unconnected or connected to loadless signal.
INFO:Xst:3210 - "\\mac\project\Verilog\OExp12-MSOC\OExp12_MSOC.v" line 143: Output port <GPIOf0> of the instance <U7> is unconnected or connected to loadless signal.
INFO:Xst:3210 - "\\mac\project\Verilog\OExp12-MSOC\OExp12_MSOC.v" line 166: Output port <pulse_out> of the instance <U9> is unconnected or connected to loadless signal.
INFO:Xst:3210 - "\\mac\project\Verilog\OExp12-MSOC\OExp12_MSOC.v" line 197: Output port <Ai> of the instance <M4> is unconnected or connected to loadless signal.
INFO:Xst:3210 - "\\mac\project\Verilog\OExp12-MSOC\OExp12_MSOC.v" line 197: Output port <Bi> of the instance <M4> is unconnected or connected to loadless signal.
INFO:Xst:3210 - "\\mac\project\Verilog\OExp12-MSOC\OExp12_MSOC.v" line 197: Output port <blink> of the instance <M4> is unconnected or connected to loadless signal.
INFO:Xst:3210 - "\\mac\project\Verilog\OExp12-MSOC\OExp12_MSOC.v" line 220: Output port <counter_set> of the instance <U71> is unconnected or connected to loadless signal.
INFO:Xst:3210 - "\\mac\project\Verilog\OExp12-MSOC\OExp12_MSOC.v" line 220: Output port <GPIOf0> of the instance <U71> is unconnected or connected to loadless signal.
    Summary:
	no macro.
Unit <OExp12_MSOC> synthesized.

Synthesizing Unit <Muliti_CPU>.
    Related source file is "\\mac\project\Verilog\OExp12-MSOC\Multi_CPU.v".
WARNING:Xst:647 - Input <INT> is never used. This port will be preserved and left unconnected if it belongs to a top-level block or it belongs to a sub-block and the hierarchy of this sub-block is preserved.
    Summary:
	no macro.
Unit <Muliti_CPU> synthesized.

Synthesizing Unit <ctrl>.
    Related source file is "\\mac\project\Verilog\OExp12-MSOC\mulit_ctrl.v".
        IF = 5'b00000
        ID = 5'b00001
        Mem_Ex = 5'b00010
        Mem_RD = 5'b00011
        LW_WB = 5'b00100
        Mem_W = 5'b00101
        R_Exc = 5'b00110
        R_WB = 5'b00111
        Beq_Exc = 5'b01000
        J = 5'b01001
        I_Exc = 5'b01010
        I_WB = 5'b01011
        Lui_Exc = 5'b01100
        Bne_Exc = 5'b01101
        Jr = 5'b01110
        Jal = 5'b01111
        Jalr = 5'b10000
        Error = 5'b11111
        value0 = 20'b10010100000010000001
        value1 = 20'b00000000000110000000
        value2 = 20'b00000000001100000000
        value3 = 20'b00110000000000000001
        value4 = 20'b00000001000001000000
        value5 = 20'b00101000000000000001
        value6 = 20'b00000000001000000100
        value7 = 20'b00000000000001010000
        value8 = 20'b01000000011000001010
        value9 = 20'b10000000100000000000
        value10 = 20'b00000000001100000110
        value11 = 20'b00000000000001000000
        value12 = 20'b00000010001111000000
        value13 = 20'b01000000011000000010
        value14 = 20'b10000000110000000000
        value15 = 20'b10000011100001100000
        value16 = 20'b10000011110001000000
        value17 = 20'b10000011100001100000
        AND = 3'b000
        OR = 3'b001
        ADD = 3'b010
        SUB = 3'b110
        NOR = 3'b100
        SLT = 3'b111
        XOR = 3'b011
        SRL = 3'b101
WARNING:Xst:647 - Input <Inst_in<25:6>> is never used. This port will be preserved and left unconnected if it belongs to a top-level block or it belongs to a sub-block and the hierarchy of this sub-block is preserved.
WARNING:Xst:647 - Input <zero> is never used. This port will be preserved and left unconnected if it belongs to a top-level block or it belongs to a sub-block and the hierarchy of this sub-block is preserved.
WARNING:Xst:647 - Input <overflow> is never used. This port will be preserved and left unconnected if it belongs to a top-level block or it belongs to a sub-block and the hierarchy of this sub-block is preserved.
    Found 5-bit register for signal <state>.
    Found finite state machine <FSM_0> for signal <state>.
    -----------------------------------------------------------------------
    | States             | 18                                             |
    | Transitions        | 34                                             |
    | Inputs             | 19                                             |
    | Outputs            | 41                                             |
    | Clock              | clk (rising_edge)                              |
    | Reset              | reset (positive)                               |
    | Reset type         | asynchronous                                   |
    | Reset State        | 00000                                          |
    | Encoding           | auto                                           |
    | Implementation     | LUT                                            |
    -----------------------------------------------------------------------
    Found 3-bit 4-to-1 multiplexer for signal <ALU_operation> created at line 148.
    Summary:
	inferred   2 Multiplexer(s).
	inferred   1 Finite State Machine(s).
Unit <ctrl> synthesized.

Synthesizing Unit <M_datapath>.
    Related source file is "\\mac\project\Verilog\OExp12-MSOC\M_datapath.v".
    Summary:
Unit <M_datapath> synthesized.

Synthesizing Unit <Regs>.
    Related source file is "\\mac\project\Verilog\OExp12-MSOC\Regs.v".
    Found 992-bit register for signal <n0051[991:0]>.
    Found 32-bit 31-to-1 multiplexer for signal <R_addr_A[4]_register[31][31]_wide_mux_1_OUT> created at line 29.
    Found 32-bit 31-to-1 multiplexer for signal <R_addr_B[4]_register[31][31]_wide_mux_4_OUT> created at line 30.
    Summary:
	inferred 992 D-type flip-flop(s).
	inferred  35 Multiplexer(s).
Unit <Regs> synthesized.

Synthesizing Unit <MUX4T1_32>.
    Related source file is "\\mac\project\Verilog\OExp12-MSOC\MUX4T1_32.v".
    Found 32-bit 4-to-1 multiplexer for signal <o> created at line 30.
    Summary:
	inferred   1 Multiplexer(s).
Unit <MUX4T1_32> synthesized.

Synthesizing Unit <MUX4T1_5>.
    Related source file is "\\mac\project\Verilog\OExp12-MSOC\MUX4T1_5.v".
    Found 5-bit 4-to-1 multiplexer for signal <o> created at line 30.
    Summary:
	inferred   1 Multiplexer(s).
Unit <MUX4T1_5> synthesized.

Synthesizing Unit <ALU>.
    Related source file is "\\mac\project\Verilog\OExp12-MSOC\ALU.vf".
WARNING:Xst:653 - Signal <overflow> is used but never assigned. This sourceless signal will be automatically connected to value GND.
    Summary:
	no macro.
Unit <ALU> synthesized.

Synthesizing Unit <ADC32>.
    Related source file is "\\mac\project\Verilog\OExp12-MSOC\addc_32.v".
    Found 33-bit adder for signal <n0012> created at line 28.
    Found 33-bit adder for signal <S> created at line 28.
    Summary:
	inferred   2 Adder/Subtractor(s).
Unit <ADC32> synthesized.

Synthesizing Unit <and32>.
    Related source file is "\\mac\project\Verilog\OExp12-MSOC\and32.v".
    Summary:
	no macro.
Unit <and32> synthesized.

Synthesizing Unit <or32>.
    Related source file is "\\mac\project\Verilog\OExp12-MSOC\or32.v".
    Summary:
	no macro.
Unit <or32> synthesized.

Synthesizing Unit <xor32>.
    Related source file is "\\mac\project\Verilog\OExp12-MSOC\xor32.v".
    Summary:
Unit <xor32> synthesized.

Synthesizing Unit <nor32>.
    Related source file is "\\mac\project\Verilog\OExp12-MSOC\nor32.v".
    Summary:
	no macro.
Unit <nor32> synthesized.

Synthesizing Unit <srl32>.
    Related source file is "\\mac\project\Verilog\OExp12-MSOC\srl32.v".
WARNING:Xst:647 - Input <B<5:0>> is never used. This port will be preserved and left unconnected if it belongs to a top-level block or it belongs to a sub-block and the hierarchy of this sub-block is preserved.
WARNING:Xst:647 - Input <B<31:11>> is never used. This port will be preserved and left unconnected if it belongs to a top-level block or it belongs to a sub-block and the hierarchy of this sub-block is preserved.
    Found 32-bit shifter logical right for signal <res> created at line 23
    Summary:
	inferred   1 Combinational logic shifter(s).
Unit <srl32> synthesized.

Synthesizing Unit <or_bit_32>.
    Related source file is "\\mac\project\Verilog\OExp12-MSOC\or_bit_32 .v".
    Summary:
	no macro.
Unit <or_bit_32> synthesized.

Synthesizing Unit <MUX8T1_32>.
    Related source file is "\\mac\project\Verilog\OExp12-MSOC\MUX8T1_32.v".
    Found 32-bit 8-to-1 multiplexer for signal <o> created at line 35.
    Summary:
	inferred   1 Multiplexer(s).
Unit <MUX8T1_32> synthesized.

Synthesizing Unit <SignalExt_32>.
    Related source file is "\\mac\project\Verilog\OExp12-MSOC\SignalExt_32.v".
    Summary:
	no macro.
Unit <SignalExt_32> synthesized.

Synthesizing Unit <MUX2T1_32>.
    Related source file is "\\mac\project\Verilog\OExp12-MSOC\MUX2T1_32.v".
    Summary:
	inferred   1 Multiplexer(s).
Unit <MUX2T1_32> synthesized.

Synthesizing Unit <REG32>.
    Related source file is "\\mac\project\Verilog\OExp12-MSOC\REG32.v".
    Found 32-bit register for signal <Q>.
    Summary:
	inferred  32 D-type flip-flop(s).
Unit <REG32> synthesized.

Synthesizing Unit <Multi_8CH32>.
    Related source file is "\\mac\project\Verilog\OExp12-MSOC\Multi_8CH32.v".
WARNING:Xst:647 - Input <rst> is never used. This port will be preserved and left unconnected if it belongs to a top-level block or it belongs to a sub-block and the hierarchy of this sub-block is preserved.
    Found 8-bit register for signal <cpu_blink>.
    Found 8-bit register for signal <cpu_point>.
    Found 32-bit register for signal <disp_data>.
    Summary:
	inferred  48 D-type flip-flop(s).
Unit <Multi_8CH32> synthesized.

Synthesizing Unit <MUX8T1_8>.
    Related source file is "\\mac\project\Verilog\OExp12-MSOC\MUX8T1_8.v".
    Found 8-bit 8-to-1 multiplexer for signal <o> created at line 35.
    Summary:
	inferred   1 Multiplexer(s).
Unit <MUX8T1_8> synthesized.

Synthesizing Unit <SSeg7_Dev>.
    Related source file is "\\mac\project\Verilog\OExp12-MSOC\SSeg7_Dev.vf".
    Summary:
	no macro.
Unit <SSeg7_Dev> synthesized.

Synthesizing Unit <HexTo8SEG>.
    Related source file is "\\mac\project\Verilog\OExp12-MSOC\HexTo8SEG.v".
    Summary:
	no macro.
Unit <HexTo8SEG> synthesized.

Synthesizing Unit <Hex2Seg>.
    Related source file is "\\mac\project\Verilog\OExp12-MSOC\HexTo8SEG.v".
    Summary:
	no macro.
Unit <Hex2Seg> synthesized.

Synthesizing Unit <MC14495_ZJU>.
    Related source file is "\\mac\project\Verilog\OExp12-MSOC\MC14495_ZJU.vf".
    Summary:
	no macro.
Unit <MC14495_ZJU> synthesized.

Synthesizing Unit <SSeg_map>.
    Related source file is "\\mac\project\Verilog\OExp12-MSOC\SSeg_map.v".
WARNING:Xst:647 - Input <Disp_num<63:32>> is never used. This port will be preserved and left unconnected if it belongs to a top-level block or it belongs to a sub-block and the hierarchy of this sub-block is preserved.
    Summary:
	no macro.
Unit <SSeg_map> synthesized.

Synthesizing Unit <MUX2T1_64>.
    Related source file is "\\mac\project\Verilog\OExp12-MSOC\MUX2T1_64.v".
    Summary:
	inferred   1 Multiplexer(s).
Unit <MUX2T1_64> synthesized.

Synthesizing Unit <SPIO>.
    Related source file is "\\mac\project\Verilog\OExp12-MSOC\SPIO.v".
    Found 2-bit register for signal <counter_set>.
    Found 16-bit register for signal <LED>.
    Found 14-bit register for signal <GPIOf0>.
    Summary:
	inferred  32 D-type flip-flop(s).
Unit <SPIO> synthesized.

Synthesizing Unit <clk_div>.
    Related source file is "\\mac\project\Verilog\OExp12-MSOC\clk_div.v".
    Found 32-bit register for signal <clkdiv>.
    Found 32-bit adder for signal <clkdiv[31]_GND_42_o_add_0_OUT> created at line 32.
    Summary:
	inferred   1 Adder/Subtractor(s).
	inferred  32 D-type flip-flop(s).
	inferred   1 Multiplexer(s).
Unit <clk_div> synthesized.

Synthesizing Unit <Counter_x>.
    Related source file is "\\mac\project\Verilog\OExp12-MSOC\Counter_3_IO.v".
WARNING:Xst:647 - Input <clk1> is never used. This port will be preserved and left unconnected if it belongs to a top-level block or it belongs to a sub-block and the hierarchy of this sub-block is preserved.
WARNING:Xst:647 - Input <clk2> is never used. This port will be preserved and left unconnected if it belongs to a top-level block or it belongs to a sub-block and the hierarchy of this sub-block is preserved.
WARNING:Xst:653 - Signal <counter1<32>> is used but never assigned. This sourceless signal will be automatically connected to value GND.
WARNING:Xst:653 - Signal <counter2<32>> is used but never assigned. This sourceless signal will be automatically connected to value GND.
    Found 24-bit register for signal <counter_Ctrl>.
    Found 33-bit register for signal <counter0>.
    Found 32-bit register for signal <counter0_Lock>.
    Found 1-bit register for signal <sq0>.
    Found 1-bit register for signal <M0>.
    Found 1-bit register for signal <clr0>.
    Found 33-bit subtractor for signal <counter0[32]_GND_44_o_sub_26_OUT> created at line 77.
    Found 33-bit 4-to-1 multiplexer for signal <counter_Ctrl[2]_counter0[32]_wide_mux_26_OUT> created at line 70.
    Found 1-bit comparator not equal for signal <n0017> created at line 76
    Summary:
	inferred   1 Adder/Subtractor(s).
	inferred  92 D-type flip-flop(s).
	inferred   1 Comparator(s).
	inferred   5 Multiplexer(s).
Unit <Counter_x> synthesized.

Synthesizing Unit <Seg7_Dev>.
    Related source file is "\\mac\project\Verilog\OExp12-MSOC\Seg7_Dev.vf".
    Summary:
	no macro.
Unit <Seg7_Dev> synthesized.

Synthesizing Unit <MUX2T1_8>.
    Related source file is "\\mac\project\Verilog\OExp12-MSOC\MUX2T1_8.v".
    Summary:
	inferred   1 Multiplexer(s).
Unit <MUX2T1_8> synthesized.

Synthesizing Unit <MC14495_ZJU_MUSER_Seg7_Dev>.
    Related source file is "\\mac\project\Verilog\OExp12-MSOC\Seg7_Dev.vf".
    Summary:
	no macro.
Unit <MC14495_ZJU_MUSER_Seg7_Dev> synthesized.

Synthesizing Unit <ScanSync>.
    Related source file is "\\mac\project\Verilog\OExp12-MSOC\Scansync.v".
    Found 8x4-bit Read Only RAM for signal <AN>
    Found 4-bit 8-to-1 multiplexer for signal <Hexo> created at line 30.
    Found 1-bit 8-to-1 multiplexer for signal <p> created at line 30.
    Found 1-bit 8-to-1 multiplexer for signal <LE> created at line 30.
    Summary:
	inferred   1 RAM(s).
	inferred   3 Multiplexer(s).
Unit <ScanSync> synthesized.

Synthesizing Unit <Seg_map>.
    Related source file is "\\mac\project\Verilog\OExp12-MSOC\Seg_map.v".
    Summary:
	inferred   7 Multiplexer(s).
Unit <Seg_map> synthesized.

Synthesizing Unit <PIO>.
    Related source file is "\\mac\project\Verilog\OExp12-MSOC\PIO.v".
    Found 2-bit register for signal <counter_set>.
    Found 8-bit register for signal <LED>.
    Found 22-bit register for signal <GPIOf0>.
    Summary:
	inferred  32 D-type flip-flop(s).
Unit <PIO> synthesized.

=========================================================================
HDL Synthesis Report

Macro Statistics
# RAMs                                                 : 1
 8x4-bit single-port Read Only RAM                     : 1
# Adders/Subtractors                                   : 4
 32-bit adder                                          : 1
 33-bit adder                                          : 2
 33-bit subtractor                                     : 1
# Registers                                            : 21
 1-bit register                                        : 3
 14-bit register                                       : 1
 16-bit register                                       : 1
 2-bit register                                        : 2
 22-bit register                                       : 1
 24-bit register                                       : 1
 32-bit register                                       : 7
 33-bit register                                       : 1
 8-bit register                                        : 3
 992-bit register                                      : 1
# Comparators                                          : 1
 1-bit comparator not equal                            : 1
# Multiplexers                                         : 65
 1-bit 2-to-1 multiplexer                              : 1
 1-bit 8-to-1 multiplexer                              : 2
 3-bit 2-to-1 multiplexer                              : 1
 3-bit 4-to-1 multiplexer                              : 1
 32-bit 2-to-1 multiplexer                             : 35
 32-bit 31-to-1 multiplexer                            : 2
 32-bit 4-to-1 multiplexer                             : 3
 32-bit 8-to-1 multiplexer                             : 2
 33-bit 2-to-1 multiplexer                             : 4
 33-bit 4-to-1 multiplexer                             : 1
 4-bit 8-to-1 multiplexer                              : 1
 5-bit 4-to-1 multiplexer                              : 1
 64-bit 2-to-1 multiplexer                             : 1
 8-bit 2-to-1 multiplexer                              : 8
 8-bit 8-to-1 multiplexer                              : 2
# Logic shifters                                       : 1
 32-bit shifter logical right                          : 1
# FSMs                                                 : 1
# Xors                                                 : 3
 1-bit xor2                                            : 1
 32-bit xor2                                           : 2

=========================================================================

=========================================================================
*                       Advanced HDL Synthesis                          *
=========================================================================

Reading core <SAnti_jitter.ngc>.
Reading core <ipcore_dir/RAM_B.ngc>.
Reading core <MIO_BUS.ngc>.
Reading core <SEnter_2_32.ngc>.
Reading core <P2S.ngc>.
Reading core <LED_P2S.ngc>.
Loading core <SAnti_jitter> for timing and area information for instance <U9>.
Loading core <RAM_B> for timing and area information for instance <U3>.
Loading core <MIO_BUS> for timing and area information for instance <U4>.
Loading core <SEnter_2_32> for timing and area information for instance <M4>.
Loading core <P2S> for timing and area information for instance <M2>.
Loading core <LED_P2S> for timing and area information for instance <LED_P2S>.
WARNING:Xst:1293 - FF/Latch <cpu_point_0> has a constant value of 0 in block <U5>. This FF/Latch will be trimmed during the optimization process.
WARNING:Xst:1293 - FF/Latch <cpu_point_1> has a constant value of 0 in block <U5>. This FF/Latch will be trimmed during the optimization process.
WARNING:Xst:1293 - FF/Latch <cpu_point_2> has a constant value of 0 in block <U5>. This FF/Latch will be trimmed during the optimization process.
WARNING:Xst:1293 - FF/Latch <cpu_point_3> has a constant value of 0 in block <U5>. This FF/Latch will be trimmed during the optimization process.
WARNING:Xst:1293 - FF/Latch <cpu_point_4> has a constant value of 0 in block <U5>. This FF/Latch will be trimmed during the optimization process.
WARNING:Xst:1293 - FF/Latch <cpu_point_5> has a constant value of 0 in block <U5>. This FF/Latch will be trimmed during the optimization process.
WARNING:Xst:1293 - FF/Latch <cpu_point_6> has a constant value of 0 in block <U5>. This FF/Latch will be trimmed during the optimization process.
WARNING:Xst:1293 - FF/Latch <cpu_point_7> has a constant value of 0 in block <U5>. This FF/Latch will be trimmed during the optimization process.
WARNING:Xst:2677 - Node <counter_Ctrl_0> of sequential type is unconnected in block <U10>.
WARNING:Xst:2677 - Node <counter_Ctrl_3> of sequential type is unconnected in block <U10>.
WARNING:Xst:2677 - Node <counter_Ctrl_4> of sequential type is unconnected in block <U10>.
WARNING:Xst:2677 - Node <counter_Ctrl_5> of sequential type is unconnected in block <U10>.
WARNING:Xst:2677 - Node <counter_Ctrl_6> of sequential type is unconnected in block <U10>.
WARNING:Xst:2677 - Node <counter_Ctrl_7> of sequential type is unconnected in block <U10>.
WARNING:Xst:2677 - Node <counter_Ctrl_8> of sequential type is unconnected in block <U10>.
WARNING:Xst:2677 - Node <counter_Ctrl_9> of sequential type is unconnected in block <U10>.
WARNING:Xst:2677 - Node <counter_Ctrl_10> of sequential type is unconnected in block <U10>.
WARNING:Xst:2677 - Node <counter_Ctrl_11> of sequential type is unconnected in block <U10>.
WARNING:Xst:2677 - Node <counter_Ctrl_12> of sequential type is unconnected in block <U10>.
WARNING:Xst:2677 - Node <counter_Ctrl_13> of sequential type is unconnected in block <U10>.
WARNING:Xst:2677 - Node <counter_Ctrl_14> of sequential type is unconnected in block <U10>.
WARNING:Xst:2677 - Node <counter_Ctrl_15> of sequential type is unconnected in block <U10>.
WARNING:Xst:2677 - Node <counter_Ctrl_16> of sequential type is unconnected in block <U10>.
WARNING:Xst:2677 - Node <counter_Ctrl_17> of sequential type is unconnected in block <U10>.
WARNING:Xst:2677 - Node <counter_Ctrl_18> of sequential type is unconnected in block <U10>.
WARNING:Xst:2677 - Node <counter_Ctrl_19> of sequential type is unconnected in block <U10>.
WARNING:Xst:2677 - Node <counter_Ctrl_20> of sequential type is unconnected in block <U10>.
WARNING:Xst:2677 - Node <counter_Ctrl_21> of sequential type is unconnected in block <U10>.
WARNING:Xst:2677 - Node <counter_Ctrl_22> of sequential type is unconnected in block <U10>.
WARNING:Xst:2677 - Node <counter_Ctrl_23> of sequential type is unconnected in block <U10>.

Synthesizing (advanced) Unit <ScanSync>.
INFO:Xst:3218 - HDL ADVISOR - The RAM <Mram_AN> will be implemented on LUTs either because you have described an asynchronous read or because of currently unsupported block RAM features. If you have described an asynchronous read, making it synchronous would allow you to take advantage of available block RAM resources, for optimized device usage and improved timings. Please refer to your documentation for coding guidelines.
    -----------------------------------------------------------------------
    | ram_type           | Distributed                         |          |
    -----------------------------------------------------------------------
    | Port A                                                              |
    |     aspect ratio   | 8-word x 4-bit                      |          |
    |     weA            | connected to signal <GND>           | high     |
    |     addrA          | connected to signal <Scan>          |          |
    |     diA            | connected to signal <GND>           |          |
    |     doA            | connected to signal <AN>            |          |
    -----------------------------------------------------------------------
Unit <ScanSync> synthesized (advanced).

Synthesizing (advanced) Unit <clk_div>.
The following registers are absorbed into counter <clkdiv>: 1 register on signal <clkdiv>.
Unit <clk_div> synthesized (advanced).
WARNING:Xst:2677 - Node <counter_Ctrl_0> of sequential type is unconnected in block <Counter_x>.
WARNING:Xst:2677 - Node <counter_Ctrl_3> of sequential type is unconnected in block <Counter_x>.
WARNING:Xst:2677 - Node <counter_Ctrl_4> of sequential type is unconnected in block <Counter_x>.
WARNING:Xst:2677 - Node <counter_Ctrl_5> of sequential type is unconnected in block <Counter_x>.
WARNING:Xst:2677 - Node <counter_Ctrl_6> of sequential type is unconnected in block <Counter_x>.
WARNING:Xst:2677 - Node <counter_Ctrl_7> of sequential type is unconnected in block <Counter_x>.
WARNING:Xst:2677 - Node <counter_Ctrl_8> of sequential type is unconnected in block <Counter_x>.
WARNING:Xst:2677 - Node <counter_Ctrl_9> of sequential type is unconnected in block <Counter_x>.
WARNING:Xst:2677 - Node <counter_Ctrl_10> of sequential type is unconnected in block <Counter_x>.
WARNING:Xst:2677 - Node <counter_Ctrl_11> of sequential type is unconnected in block <Counter_x>.
WARNING:Xst:2677 - Node <counter_Ctrl_12> of sequential type is unconnected in block <Counter_x>.
WARNING:Xst:2677 - Node <counter_Ctrl_13> of sequential type is unconnected in block <Counter_x>.
WARNING:Xst:2677 - Node <counter_Ctrl_14> of sequential type is unconnected in block <Counter_x>.
WARNING:Xst:2677 - Node <counter_Ctrl_15> of sequential type is unconnected in block <Counter_x>.
WARNING:Xst:2677 - Node <counter_Ctrl_16> of sequential type is unconnected in block <Counter_x>.
WARNING:Xst:2677 - Node <counter_Ctrl_17> of sequential type is unconnected in block <Counter_x>.
WARNING:Xst:2677 - Node <counter_Ctrl_18> of sequential type is unconnected in block <Counter_x>.
WARNING:Xst:2677 - Node <counter_Ctrl_19> of sequential type is unconnected in block <Counter_x>.
WARNING:Xst:2677 - Node <counter_Ctrl_20> of sequential type is unconnected in block <Counter_x>.
WARNING:Xst:2677 - Node <counter_Ctrl_21> of sequential type is unconnected in block <Counter_x>.
WARNING:Xst:2677 - Node <counter_Ctrl_22> of sequential type is unconnected in block <Counter_x>.
WARNING:Xst:2677 - Node <counter_Ctrl_23> of sequential type is unconnected in block <Counter_x>.

=========================================================================
Advanced HDL Synthesis Report

Macro Statistics
# RAMs                                                 : 1
 8x4-bit single-port distributed Read Only RAM         : 1
# Adders/Subtractors                                   : 2
 33-bit adder carry in                                 : 1
 33-bit subtractor                                     : 1
# Counters                                             : 1
 32-bit up counter                                     : 1
# Registers                                            : 1302
 Flip-Flops                                            : 1302
# Comparators                                          : 1
 1-bit comparator not equal                            : 1
# Multiplexers                                         : 128
 1-bit 2-to-1 multiplexer                              : 66
 1-bit 8-to-1 multiplexer                              : 2
 3-bit 2-to-1 multiplexer                              : 1
 3-bit 4-to-1 multiplexer                              : 1
 32-bit 2-to-1 multiplexer                             : 35
 32-bit 31-to-1 multiplexer                            : 2
 32-bit 4-to-1 multiplexer                             : 3
 32-bit 8-to-1 multiplexer                             : 2
 33-bit 2-to-1 multiplexer                             : 2
 33-bit 4-to-1 multiplexer                             : 1
 4-bit 8-to-1 multiplexer                              : 1
 5-bit 4-to-1 multiplexer                              : 1
 64-bit 2-to-1 multiplexer                             : 1
 8-bit 2-to-1 multiplexer                              : 8
 8-bit 8-to-1 multiplexer                              : 2
# Logic shifters                                       : 1
 32-bit shifter logical right                          : 1
# FSMs                                                 : 1
# Xors                                                 : 3
 1-bit xor2                                            : 1
 32-bit xor2                                           : 2

=========================================================================

=========================================================================
*                         Low Level Synthesis                           *
=========================================================================
INFO:Xst:2261 - The FF/Latch <cpu_point_0> in Unit <Multi_8CH32> is equivalent to the following 7 FFs/Latches, which will be removed : <cpu_point_1> <cpu_point_2> <cpu_point_3> <cpu_point_4> <cpu_point_5> <cpu_point_6> <cpu_point_7> 
WARNING:Xst:1293 - FF/Latch <cpu_point_0> has a constant value of 0 in block <Multi_8CH32>. This FF/Latch will be trimmed during the optimization process.
Analyzing FSM <MFsm> for best encoding.
Optimizing FSM <U1/x_ctrl/FSM_0> on signal <state[1:18]> with one-hot encoding.
-----------------------------
 State | Encoding
-----------------------------
 00000 | 000000000000000001
 00001 | 000000000000000010
 00010 | 000000000000000100
 00011 | 000000000000001000
 00100 | 000000000000010000
 00101 | 000000000000100000
 00110 | 000000000001000000
 00111 | 000000000010000000
 01010 | 000000000100000000
 01100 | 000000001000000000
 01000 | 000000010000000000
 01101 | 000000100000000000
 01001 | 000001000000000000
 01111 | 000010000000000000
 01110 | 000100000000000000
 11111 | 001000000000000000
 10000 | 010000000000000000
 01011 | 100000000000000000
-----------------------------

Optimizing unit <MC14495_ZJU> ...

Optimizing unit <REG32> ...

Optimizing unit <MC14495_ZJU_MUSER_Seg7_Dev> ...

Optimizing unit <OExp12_MSOC> ...

Optimizing unit <HexTo8SEG> ...

Optimizing unit <M_datapath> ...

Optimizing unit <ALU> ...

Optimizing unit <Regs> ...

Optimizing unit <ctrl> ...

Optimizing unit <Multi_8CH32> ...

Optimizing unit <SPIO> ...

Optimizing unit <Counter_x> ...

Optimizing unit <PIO> ...

Optimizing unit <Seg7_Dev> ...
WARNING:Xst:2677 - Node <U7/GPIOf0_13> of sequential type is unconnected in block <OExp12_MSOC>.
WARNING:Xst:2677 - Node <U7/GPIOf0_12> of sequential type is unconnected in block <OExp12_MSOC>.
WARNING:Xst:2677 - Node <U7/GPIOf0_11> of sequential type is unconnected in block <OExp12_MSOC>.
WARNING:Xst:2677 - Node <U7/GPIOf0_10> of sequential type is unconnected in block <OExp12_MSOC>.
WARNING:Xst:2677 - Node <U7/GPIOf0_9> of sequential type is unconnected in block <OExp12_MSOC>.
WARNING:Xst:2677 - Node <U7/GPIOf0_8> of sequential type is unconnected in block <OExp12_MSOC>.
WARNING:Xst:2677 - Node <U7/GPIOf0_7> of sequential type is unconnected in block <OExp12_MSOC>.
WARNING:Xst:2677 - Node <U7/GPIOf0_6> of sequential type is unconnected in block <OExp12_MSOC>.
WARNING:Xst:2677 - Node <U7/GPIOf0_5> of sequential type is unconnected in block <OExp12_MSOC>.
WARNING:Xst:2677 - Node <U7/GPIOf0_4> of sequential type is unconnected in block <OExp12_MSOC>.
WARNING:Xst:2677 - Node <U7/GPIOf0_3> of sequential type is unconnected in block <OExp12_MSOC>.
WARNING:Xst:2677 - Node <U7/GPIOf0_2> of sequential type is unconnected in block <OExp12_MSOC>.
WARNING:Xst:2677 - Node <U7/GPIOf0_1> of sequential type is unconnected in block <OExp12_MSOC>.
WARNING:Xst:2677 - Node <U7/GPIOf0_0> of sequential type is unconnected in block <OExp12_MSOC>.
WARNING:Xst:2677 - Node <U71/counter_set_1> of sequential type is unconnected in block <OExp12_MSOC>.
WARNING:Xst:2677 - Node <U71/counter_set_0> of sequential type is unconnected in block <OExp12_MSOC>.
WARNING:Xst:2677 - Node <U71/GPIOf0_21> of sequential type is unconnected in block <OExp12_MSOC>.
WARNING:Xst:2677 - Node <U71/GPIOf0_20> of sequential type is unconnected in block <OExp12_MSOC>.
WARNING:Xst:2677 - Node <U71/GPIOf0_19> of sequential type is unconnected in block <OExp12_MSOC>.
WARNING:Xst:2677 - Node <U71/GPIOf0_18> of sequential type is unconnected in block <OExp12_MSOC>.
WARNING:Xst:2677 - Node <U71/GPIOf0_17> of sequential type is unconnected in block <OExp12_MSOC>.
WARNING:Xst:2677 - Node <U71/GPIOf0_16> of sequential type is unconnected in block <OExp12_MSOC>.
WARNING:Xst:2677 - Node <U71/GPIOf0_15> of sequential type is unconnected in block <OExp12_MSOC>.
WARNING:Xst:2677 - Node <U71/GPIOf0_14> of sequential type is unconnected in block <OExp12_MSOC>.
WARNING:Xst:2677 - Node <U71/GPIOf0_13> of sequential type is unconnected in block <OExp12_MSOC>.
WARNING:Xst:2677 - Node <U71/GPIOf0_12> of sequential type is unconnected in block <OExp12_MSOC>.
WARNING:Xst:2677 - Node <U71/GPIOf0_11> of sequential type is unconnected in block <OExp12_MSOC>.
WARNING:Xst:2677 - Node <U71/GPIOf0_10> of sequential type is unconnected in block <OExp12_MSOC>.
WARNING:Xst:2677 - Node <U71/GPIOf0_9> of sequential type is unconnected in block <OExp12_MSOC>.
WARNING:Xst:2677 - Node <U71/GPIOf0_8> of sequential type is unconnected in block <OExp12_MSOC>.
WARNING:Xst:2677 - Node <U71/GPIOf0_7> of sequential type is unconnected in block <OExp12_MSOC>.
WARNING:Xst:2677 - Node <U71/GPIOf0_6> of sequential type is unconnected in block <OExp12_MSOC>.
WARNING:Xst:2677 - Node <U71/GPIOf0_5> of sequential type is unconnected in block <OExp12_MSOC>.
WARNING:Xst:2677 - Node <U71/GPIOf0_4> of sequential type is unconnected in block <OExp12_MSOC>.
WARNING:Xst:2677 - Node <U71/GPIOf0_3> of sequential type is unconnected in block <OExp12_MSOC>.
WARNING:Xst:2677 - Node <U71/GPIOf0_2> of sequential type is unconnected in block <OExp12_MSOC>.
WARNING:Xst:2677 - Node <U71/GPIOf0_1> of sequential type is unconnected in block <OExp12_MSOC>.
WARNING:Xst:2677 - Node <U71/GPIOf0_0> of sequential type is unconnected in block <OExp12_MSOC>.
INFO:Xst:2261 - The FF/Latch <U7/LED_3> in Unit <OExp12_MSOC> is equivalent to the following FF/Latch, which will be removed : <U71/LED_3> 
INFO:Xst:2261 - The FF/Latch <U7/LED_1> in Unit <OExp12_MSOC> is equivalent to the following FF/Latch, which will be removed : <U71/LED_1> 
INFO:Xst:2261 - The FF/Latch <U7/LED_5> in Unit <OExp12_MSOC> is equivalent to the following FF/Latch, which will be removed : <U71/LED_5> 
INFO:Xst:2261 - The FF/Latch <U7/LED_0> in Unit <OExp12_MSOC> is equivalent to the following FF/Latch, which will be removed : <U71/LED_0> 
INFO:Xst:2261 - The FF/Latch <U7/LED_2> in Unit <OExp12_MSOC> is equivalent to the following FF/Latch, which will be removed : <U71/LED_2> 
INFO:Xst:2261 - The FF/Latch <U7/LED_4> in Unit <OExp12_MSOC> is equivalent to the following FF/Latch, which will be removed : <U71/LED_4> 
INFO:Xst:2261 - The FF/Latch <U7/LED_6> in Unit <OExp12_MSOC> is equivalent to the following FF/Latch, which will be removed : <U71/LED_6> 
INFO:Xst:2261 - The FF/Latch <U7/LED_7> in Unit <OExp12_MSOC> is equivalent to the following FF/Latch, which will be removed : <U71/LED_7> 

Mapping all equations...
Building and optimizing final netlist ...
Found area constraint ratio of 100 (+ 5) on block OExp12_MSOC, actual ratio is 3.
FlipFlop U1/x_datapath/IR/Q_16 has been replicated 2 time(s)
FlipFlop U1/x_datapath/IR/Q_17 has been replicated 2 time(s)
FlipFlop U1/x_datapath/IR/Q_18 has been replicated 1 time(s)
FlipFlop U1/x_datapath/IR/Q_19 has been replicated 1 time(s)
FlipFlop U1/x_datapath/IR/Q_20 has been replicated 1 time(s)
FlipFlop U1/x_datapath/IR/Q_21 has been replicated 1 time(s)
FlipFlop U1/x_datapath/IR/Q_22 has been replicated 2 time(s)
FlipFlop U1/x_datapath/IR/Q_25 has been replicated 1 time(s)
FlipFlop U7/LED_7 has been replicated 1 time(s) to handle iob=true attribute.
FlipFlop U7/LED_6 has been replicated 1 time(s) to handle iob=true attribute.
FlipFlop U7/LED_5 has been replicated 1 time(s) to handle iob=true attribute.
FlipFlop U7/LED_4 has been replicated 1 time(s) to handle iob=true attribute.
FlipFlop U7/LED_3 has been replicated 1 time(s) to handle iob=true attribute.
FlipFlop U7/LED_2 has been replicated 1 time(s) to handle iob=true attribute.
FlipFlop U7/LED_1 has been replicated 1 time(s) to handle iob=true attribute.
FlipFlop U7/LED_0 has been replicated 1 time(s) to handle iob=true attribute.

Final Macro Processing ...

=========================================================================
Final Register Report

Macro Statistics
# Registers                                            : 1317
 Flip-Flops                                            : 1317

=========================================================================

=========================================================================
*                           Partition Report                            *
=========================================================================

Partition Implementation Status
-------------------------------

  No Partitions were found in this design.

-------------------------------

=========================================================================
*                            Design Summary                             *
=========================================================================

Top Level Output File Name         : OExp12_MSOC.ngc

Primitive and Black Box Usage:
------------------------------
# BELS                             : 4062
#      AND2                        : 10
#      AND3                        : 99
#      AND4                        : 81
#      GND                         : 3
#      INV                         : 106
#      LUT1                        : 98
#      LUT2                        : 37
#      LUT3                        : 1206
#      LUT4                        : 270
#      LUT5                        : 439
#      LUT6                        : 1176
#      MUXCY                       : 185
#      MUXF7                       : 54
#      OR2                         : 63
#      OR3                         : 27
#      OR4                         : 36
#      VCC                         : 5
#      XORCY                       : 167
# FlipFlops/Latches                : 1616
#      FD                          : 269
#      FDC                         : 129
#      FDCE                        : 1073
#      FDCE_1                      : 20
#      FDE                         : 79
#      FDP                         : 1
#      FDPE_1                      : 6
#      FDR                         : 10
#      FDRE                        : 29
# RAMS                             : 1
#      RAMB36E1                    : 1
# Clock Buffers                    : 5
#      BUFG                        : 4
#      BUFGP                       : 1
# IO Buffers                       : 58
#      IBUF                        : 21
#      OBUF                        : 37

Device utilization summary:
---------------------------

Selected Device : 7k160tfbg676-2l 


Slice Logic Utilization: 
 Number of Slice Registers:            1608  out of  202800     0%  
 Number of Slice LUTs:                 3332  out of  101400     3%  
    Number used as Logic:              3332  out of  101400     3%  

Slice Logic Distribution: 
 Number of LUT Flip Flop pairs used:   3492
   Number with an unused Flip Flop:    1884  out of   3492    53%  
   Number with an unused LUT:           160  out of   3492     4%  
   Number of fully used LUT-FF pairs:  1448  out of   3492    41%  
   Number of unique control sets:        29

IO Utilization: 
 Number of IOs:                          59
 Number of bonded IOBs:                  59  out of    400    14%  
    IOB Flip Flops/Latches:               8

Specific Feature Utilization:
 Number of Block RAM/FIFO:                1  out of    325     0%  
    Number using Block RAM only:          1
 Number of BUFG/BUFGCTRLs:                5  out of     32    15%  

---------------------------
Partition Resource Summary:
---------------------------

  No Partitions were found in this design.

---------------------------


=========================================================================
Timing Report

NOTE: THESE TIMING NUMBERS ARE ONLY A SYNTHESIS ESTIMATE.
      FOR ACCURATE TIMING INFORMATION PLEASE REFER TO THE TRACE REPORT
      GENERATED AFTER PLACE-and-ROUTE.

Clock Information:
------------------
-----------------------------------+-------------------------------+-------+
Clock Signal                       | Clock buffer(FF name)         | Load  |
-----------------------------------+-------------------------------+-------+
clk_100MHz                         | BUFGP                         | 262   |
Clk_CPU(Clk_CPU1:O)                | BUFG(*)(U1/x_datapath/IR/Q_31)| 1149  |
IO_clk(IO_clk11:O)                 | BUFG(*)(U5/cpu_blink_7)       | 127   |
U8/clkdiv_8                        | BUFG                          | 35    |
U9/clk1                            | BUFG                          | 41    |
M4/push(M4/push1:O)                | NONE(*)(M4/state_0)           | 3     |
-----------------------------------+-------------------------------+-------+
(*) These 3 clock signal(s) are generated by combinatorial logic,
and XST is not able to identify which are the primary clock signals.
Please use the CLOCK_SIGNAL constraint to specify the clock signal(s) generated by combinatorial logic.
INFO:Xst:2169 - HDL ADVISOR - Some clock signals were not automatically buffered by XST with BUFG/BUFR resources. Please use the buffer_type constraint in order to insert these buffers to the clock signals to help prevent skew problems.

Asynchronous Control Signals Information:
----------------------------------------
-----------------------------------+-----------------------------------------------------------------------------------------------------------------------------------------+-------+
Control Signal                     | Buffer(FF name)                                                                                                                         | Load  |
-----------------------------------+-----------------------------------------------------------------------------------------------------------------------------------------+-------+
U3/N1(U3/XST_GND:G)                | NONE(U3/U0/xst_blk_mem_generator/gnativebmg.native_blk_mem_gen/valid.cstr/ramloop[0].ram.r/v6_init.ram/NO_BMM_INFO.SP.SIMPLE_PRIM36.ram)| 2     |
-----------------------------------+-----------------------------------------------------------------------------------------------------------------------------------------+-------+

Timing Summary:
---------------
Speed Grade: -2

   Minimum period: 5.926ns (Maximum Frequency: 168.739MHz)
   Minimum input arrival time before clock: 2.109ns
   Maximum output required time after clock: 7.754ns
   Maximum combinational path delay: No path found

Timing Details:
---------------
All values displayed in nanoseconds (ns)

=========================================================================
Timing constraint: Default period analysis for Clock 'clk_100MHz'
  Clock period: 5.206ns (frequency: 192.079MHz)
  Total number of paths / destination ports: 11985 / 333
-------------------------------------------------------------------------
Delay:               5.206ns (Levels of Logic = 11)
  Source:            U9/SW_OK_5 (FF)
  Destination:       U6/M2/buffer_50 (FF)
  Source Clock:      clk_100MHz rising
  Destination Clock: clk_100MHz rising

  Data Path: U9/SW_OK_5 to U6/M2/buffer_50
                                Gate     Net
    Cell:in->out      fanout   Delay   Delay  Logical Name (Net Name)
    ----------------------------------------  ------------
     FDE:C->Q            102   0.236   0.548  SW_OK_5 (SW_OK<5>)
     end scope: 'U9:SW_OK<5>'
     begin scope: 'U4:SW<5>'
     LUT6:I4->O            3   0.043   0.362  Mmux_Cpu_data4bus281 (Cpu_data4bus<5>)
     end scope: 'U4:Cpu_data4bus<5>'
     LUT6:I5->O            1   0.043   0.000  U5/MUX1_DispData/Mmux_o_325 (U5/MUX1_DispData/Mmux_o_325)
     MUXF7:I1->O          15   0.178   0.417  U5/MUX1_DispData/Mmux_o_2_f7_24 (Disp_num<5>)
     INV:I->O              8   0.317   0.561  U6/SM1/M1/MSEG/XLXI_3 (U6/SM1/M1/MSEG/XLXN_62)
     AND4:I2->O            2   0.134   0.500  U6/SM1/M1/MSEG/XLXI_5 (U6/SM1/M1/MSEG/XLXN_119)
     OR4:I3->O             1   0.161   0.603  U6/SM1/M1/MSEG/XLXI_17 (U6/SM1/M1/MSEG/XLXN_208)
     OR2:I1->O             1   0.053   0.350  U6/SM1/M1/MSEG/XLXI_47 (U6/XLXN_9<55>)
     LUT3:I2->O            1   0.043   0.613  U6/XLXI_6/Mmux_o511 (U6/SEGMENT<55>)
     begin scope: 'U6/M2:P_Data<55>'
     LUT6:I0->O            1   0.043   0.000  buffer_55_rstpot (buffer_55_rstpot)
     FD:D                     -0.000          buffer_55
    ----------------------------------------
    Total                      5.206ns (1.251ns logic, 3.955ns route)
                                       (24.0% logic, 76.0% route)

=========================================================================
Timing constraint: Default period analysis for Clock 'Clk_CPU'
  Clock period: 5.926ns (frequency: 168.739MHz)
  Total number of paths / destination ports: 7586251 / 2184
-------------------------------------------------------------------------
Delay:               5.926ns (Levels of Logic = 11)
  Source:            U1/x_datapath/regs/register_31_246 (FF)
  Destination:       U1/x_datapath/PC/Q_1 (FF)
  Source Clock:      Clk_CPU rising
  Destination Clock: Clk_CPU rising

  Data Path: U1/x_datapath/regs/register_31_246 to U1/x_datapath/PC/Q_1
                                Gate     Net
    Cell:in->out      fanout   Delay   Delay  Logical Name (Net Name)
    ----------------------------------------  ------------
     FDCE:C->Q             3   0.236   0.625  U1/x_datapath/regs/register_31_246 (U1/x_datapath/regs/register_31_246)
     LUT6:I0->O            1   0.043   0.522  U1/x_datapath/regs/Mmux_R_addr_A[4]_register[31][31]_wide_mux_1_OUT_843 (U1/x_datapath/regs/Mmux_R_addr_A[4]_register[31][31]_wide_mux_1_OUT_843)
     LUT6:I2->O            2   0.043   0.410  U1/x_datapath/regs/Mmux_R_addr_A[4]_register[31][31]_wide_mux_1_OUT_314 (U1/x_datapath/regs/Mmux_R_addr_A[4]_register[31][31]_wide_mux_1_OUT_314)
     LUT6:I4->O            8   0.043   0.652  U1/x_datapath/MUX4/Mmux_o151 (U1/x_datapath/Alu_A<22>)
     LUT6:I0->O            3   0.043   0.507  U1/x_datapath/x_ALU/Sh221 (U1/x_datapath/x_ALU/Sh22)
     LUT6:I3->O            2   0.043   0.355  U1/x_datapath/x_ALU/Sh541 (U1/x_datapath/x_ALU/Sh54)
     LUT6:I5->O            1   0.043   0.350  U1/x_datapath/x_ALU/MUXALU/Mmux_o294 (U1/x_datapath/x_ALU/MUXALU/Mmux_o293)
     LUT6:I5->O            3   0.043   0.615  U1/x_datapath/x_ALU/MUXALU/Mmux_o296 (U1/x_datapath/res<6>)
     LUT6:I1->O            1   0.043   0.350  U1/x_datapath/x_ALU/ALU_Zero/o<31>1_SW0_SW0 (N285)
     LUT6:I5->O            1   0.043   0.350  U1/x_datapath/x_ALU/ALU_Zero/o<31>2 (U1/x_datapath/x_ALU/ALU_Zero/o<31>1)
     LUT6:I5->O           32   0.043   0.480  U1/x_datapath/MIO_ready_PCWrite_AND_147_o (U1/x_datapath/MIO_ready_PCWrite_AND_147_o)
     LUT3:I2->O            1   0.043   0.000  U1/x_datapath/PC/Q_1_rstpot (U1/x_datapath/PC/Q_1_rstpot)
     FDC:D                    -0.000          U1/x_datapath/PC/Q_1
    ----------------------------------------
    Total                      5.926ns (0.709ns logic, 5.217ns route)
                                       (12.0% logic, 88.0% route)

=========================================================================
Timing constraint: Default period analysis for Clock 'IO_clk'
  Clock period: 2.660ns (frequency: 375.981MHz)
  Total number of paths / destination ports: 360 / 72
-------------------------------------------------------------------------
Delay:               1.330ns (Levels of Logic = 1)
  Source:            U7/counter_set_1 (FF)
  Destination:       U10/counter0_Lock_31 (FF)
  Source Clock:      IO_clk falling
  Destination Clock: IO_clk rising

  Data Path: U7/counter_set_1 to U10/counter0_Lock_31
                                Gate     Net
    Cell:in->out      fanout   Delay   Delay  Logical Name (Net Name)
    ----------------------------------------  ------------
     FDCE_1:C->Q           3   0.240   0.417  U7/counter_set_1 (U7/counter_set_1)
     LUT3:I1->O           32   0.043   0.469  U10/_n0091<1>11 (U10/_n0091<1>1)
     FDCE:CE                   0.161          U10/counter0_Lock_0
    ----------------------------------------
    Total                      1.330ns (0.444ns logic, 0.886ns route)
                                       (33.4% logic, 66.6% route)

=========================================================================
Timing constraint: Default period analysis for Clock 'U8/clkdiv_8'
  Clock period: 2.221ns (frequency: 450.288MHz)
  Total number of paths / destination ports: 788 / 36
-------------------------------------------------------------------------
Delay:               2.221ns (Levels of Logic = 35)
  Source:            U10/counter0_0 (FF)
  Destination:       U10/counter0_32 (FF)
  Source Clock:      U8/clkdiv_8 rising
  Destination Clock: U8/clkdiv_8 rising

  Data Path: U10/counter0_0 to U10/counter0_32
                                Gate     Net
    Cell:in->out      fanout   Delay   Delay  Logical Name (Net Name)
    ----------------------------------------  ------------
     FDC:C->Q              4   0.236   0.367  U10/counter0_0 (U10/counter0_0)
     LUT1:I0->O            1   0.043   0.000  U10/Msub_counter0[32]_GND_44_o_sub_26_OUT_cy<0>_rt (U10/Msub_counter0[32]_GND_44_o_sub_26_OUT_cy<0>_rt)
     MUXCY:S->O            1   0.238   0.000  U10/Msub_counter0[32]_GND_44_o_sub_26_OUT_cy<0> (U10/Msub_counter0[32]_GND_44_o_sub_26_OUT_cy<0>)
     MUXCY:CI->O           1   0.013   0.000  U10/Msub_counter0[32]_GND_44_o_sub_26_OUT_cy<1> (U10/Msub_counter0[32]_GND_44_o_sub_26_OUT_cy<1>)
     MUXCY:CI->O           1   0.013   0.000  U10/Msub_counter0[32]_GND_44_o_sub_26_OUT_cy<2> (U10/Msub_counter0[32]_GND_44_o_sub_26_OUT_cy<2>)
     MUXCY:CI->O           1   0.013   0.000  U10/Msub_counter0[32]_GND_44_o_sub_26_OUT_cy<3> (U10/Msub_counter0[32]_GND_44_o_sub_26_OUT_cy<3>)
     MUXCY:CI->O           1   0.013   0.000  U10/Msub_counter0[32]_GND_44_o_sub_26_OUT_cy<4> (U10/Msub_counter0[32]_GND_44_o_sub_26_OUT_cy<4>)
     MUXCY:CI->O           1   0.013   0.000  U10/Msub_counter0[32]_GND_44_o_sub_26_OUT_cy<5> (U10/Msub_counter0[32]_GND_44_o_sub_26_OUT_cy<5>)
     MUXCY:CI->O           1   0.013   0.000  U10/Msub_counter0[32]_GND_44_o_sub_26_OUT_cy<6> (U10/Msub_counter0[32]_GND_44_o_sub_26_OUT_cy<6>)
     MUXCY:CI->O           1   0.013   0.000  U10/Msub_counter0[32]_GND_44_o_sub_26_OUT_cy<7> (U10/Msub_counter0[32]_GND_44_o_sub_26_OUT_cy<7>)
     MUXCY:CI->O           1   0.013   0.000  U10/Msub_counter0[32]_GND_44_o_sub_26_OUT_cy<8> (U10/Msub_counter0[32]_GND_44_o_sub_26_OUT_cy<8>)
     MUXCY:CI->O           1   0.013   0.000  U10/Msub_counter0[32]_GND_44_o_sub_26_OUT_cy<9> (U10/Msub_counter0[32]_GND_44_o_sub_26_OUT_cy<9>)
     MUXCY:CI->O           1   0.013   0.000  U10/Msub_counter0[32]_GND_44_o_sub_26_OUT_cy<10> (U10/Msub_counter0[32]_GND_44_o_sub_26_OUT_cy<10>)
     MUXCY:CI->O           1   0.013   0.000  U10/Msub_counter0[32]_GND_44_o_sub_26_OUT_cy<11> (U10/Msub_counter0[32]_GND_44_o_sub_26_OUT_cy<11>)
     MUXCY:CI->O           1   0.013   0.000  U10/Msub_counter0[32]_GND_44_o_sub_26_OUT_cy<12> (U10/Msub_counter0[32]_GND_44_o_sub_26_OUT_cy<12>)
     MUXCY:CI->O           1   0.013   0.000  U10/Msub_counter0[32]_GND_44_o_sub_26_OUT_cy<13> (U10/Msub_counter0[32]_GND_44_o_sub_26_OUT_cy<13>)
     MUXCY:CI->O           1   0.013   0.000  U10/Msub_counter0[32]_GND_44_o_sub_26_OUT_cy<14> (U10/Msub_counter0[32]_GND_44_o_sub_26_OUT_cy<14>)
     MUXCY:CI->O           1   0.013   0.000  U10/Msub_counter0[32]_GND_44_o_sub_26_OUT_cy<15> (U10/Msub_counter0[32]_GND_44_o_sub_26_OUT_cy<15>)
     MUXCY:CI->O           1   0.013   0.000  U10/Msub_counter0[32]_GND_44_o_sub_26_OUT_cy<16> (U10/Msub_counter0[32]_GND_44_o_sub_26_OUT_cy<16>)
     MUXCY:CI->O           1   0.013   0.000  U10/Msub_counter0[32]_GND_44_o_sub_26_OUT_cy<17> (U10/Msub_counter0[32]_GND_44_o_sub_26_OUT_cy<17>)
     MUXCY:CI->O           1   0.013   0.000  U10/Msub_counter0[32]_GND_44_o_sub_26_OUT_cy<18> (U10/Msub_counter0[32]_GND_44_o_sub_26_OUT_cy<18>)
     MUXCY:CI->O           1   0.013   0.000  U10/Msub_counter0[32]_GND_44_o_sub_26_OUT_cy<19> (U10/Msub_counter0[32]_GND_44_o_sub_26_OUT_cy<19>)
     MUXCY:CI->O           1   0.013   0.000  U10/Msub_counter0[32]_GND_44_o_sub_26_OUT_cy<20> (U10/Msub_counter0[32]_GND_44_o_sub_26_OUT_cy<20>)
     MUXCY:CI->O           1   0.013   0.000  U10/Msub_counter0[32]_GND_44_o_sub_26_OUT_cy<21> (U10/Msub_counter0[32]_GND_44_o_sub_26_OUT_cy<21>)
     MUXCY:CI->O           1   0.013   0.000  U10/Msub_counter0[32]_GND_44_o_sub_26_OUT_cy<22> (U10/Msub_counter0[32]_GND_44_o_sub_26_OUT_cy<22>)
     MUXCY:CI->O           1   0.013   0.000  U10/Msub_counter0[32]_GND_44_o_sub_26_OUT_cy<23> (U10/Msub_counter0[32]_GND_44_o_sub_26_OUT_cy<23>)
     MUXCY:CI->O           1   0.013   0.000  U10/Msub_counter0[32]_GND_44_o_sub_26_OUT_cy<24> (U10/Msub_counter0[32]_GND_44_o_sub_26_OUT_cy<24>)
     MUXCY:CI->O           1   0.013   0.000  U10/Msub_counter0[32]_GND_44_o_sub_26_OUT_cy<25> (U10/Msub_counter0[32]_GND_44_o_sub_26_OUT_cy<25>)
     MUXCY:CI->O           1   0.013   0.000  U10/Msub_counter0[32]_GND_44_o_sub_26_OUT_cy<26> (U10/Msub_counter0[32]_GND_44_o_sub_26_OUT_cy<26>)
     MUXCY:CI->O           1   0.013   0.000  U10/Msub_counter0[32]_GND_44_o_sub_26_OUT_cy<27> (U10/Msub_counter0[32]_GND_44_o_sub_26_OUT_cy<27>)
     MUXCY:CI->O           1   0.013   0.000  U10/Msub_counter0[32]_GND_44_o_sub_26_OUT_cy<28> (U10/Msub_counter0[32]_GND_44_o_sub_26_OUT_cy<28>)
     MUXCY:CI->O           1   0.013   0.000  U10/Msub_counter0[32]_GND_44_o_sub_26_OUT_cy<29> (U10/Msub_counter0[32]_GND_44_o_sub_26_OUT_cy<29>)
     MUXCY:CI->O           1   0.013   0.000  U10/Msub_counter0[32]_GND_44_o_sub_26_OUT_cy<30> (U10/Msub_counter0[32]_GND_44_o_sub_26_OUT_cy<30>)
     MUXCY:CI->O           0   0.013   0.000  U10/Msub_counter0[32]_GND_44_o_sub_26_OUT_cy<31> (U10/Msub_counter0[32]_GND_44_o_sub_26_OUT_cy<31>)
     XORCY:CI->O           1   0.262   0.613  U10/Msub_counter0[32]_GND_44_o_sub_26_OUT_xor<32> (U10/counter0[32]_GND_44_o_sub_26_OUT<32>)
     LUT6:I0->O            1   0.043   0.000  U10/Mmux_counter_Ctrl[2]_counter0[32]_wide_mux_26_OUT262 (U10/counter_Ctrl[2]_counter0[32]_wide_mux_26_OUT<32>)
     FDC:D                    -0.000          U10/counter0_32
    ----------------------------------------
    Total                      2.221ns (1.240ns logic, 0.980ns route)
                                       (55.9% logic, 44.1% route)

=========================================================================
Timing constraint: Default period analysis for Clock 'U9/clk1'
  Clock period: 2.152ns (frequency: 464.587MHz)
  Total number of paths / destination ports: 1454 / 90
-------------------------------------------------------------------------
Delay:               2.152ns (Levels of Logic = 7)
  Source:            U9/counter_8 (FF)
  Destination:       U9/Key_x_0 (FF)
  Source Clock:      U9/clk1 rising
  Destination Clock: U9/clk1 rising

  Data Path: U9/counter_8 to U9/Key_x_0
                                Gate     Net
    Cell:in->out      fanout   Delay   Delay  Logical Name (Net Name)
    ----------------------------------------  ------------
     FDRE:C->Q             3   0.236   0.615  counter_8 (counter<8>)
     LUT5:I0->O            1   0.043   0.000  Mcompar_counter[31]_GND_1_o_LessThan_5_o_lut<0> (Mcompar_counter[31]_GND_1_o_LessThan_5_o_lut<0>)
     MUXCY:S->O            1   0.238   0.000  Mcompar_counter[31]_GND_1_o_LessThan_5_o_cy<0> (Mcompar_counter[31]_GND_1_o_LessThan_5_o_cy<0>)
     MUXCY:CI->O           1   0.013   0.000  Mcompar_counter[31]_GND_1_o_LessThan_5_o_cy<1> (Mcompar_counter[31]_GND_1_o_LessThan_5_o_cy<1>)
     MUXCY:CI->O           1   0.013   0.000  Mcompar_counter[31]_GND_1_o_LessThan_5_o_cy<2> (Mcompar_counter[31]_GND_1_o_LessThan_5_o_cy<2>)
     MUXCY:CI->O           1   0.013   0.000  Mcompar_counter[31]_GND_1_o_LessThan_5_o_cy<3> (Mcompar_counter[31]_GND_1_o_LessThan_5_o_cy<3>)
     MUXCY:CI->O           8   0.013   0.378  Mcompar_counter[31]_GND_1_o_LessThan_5_o_cy<4> (Mcompar_counter[31]_GND_1_o_LessThan_5_o_cy<4>)
     INV:I->O              7   0.054   0.373  _n0225_inv1_cepot_INV_0 (_n0225_inv1_cepot)
     FDE:CE                    0.161          Key_x_0
    ----------------------------------------
    Total                      2.152ns (0.786ns logic, 1.366ns route)
                                       (36.5% logic, 63.5% route)

=========================================================================
Timing constraint: Default period analysis for Clock 'M4/push'
  Clock period: 1.069ns (frequency: 935.060MHz)
  Total number of paths / destination ports: 6 / 3
-------------------------------------------------------------------------
Delay:               1.069ns (Levels of Logic = 1)
  Source:            M4/state_0 (FF)
  Destination:       M4/state_0 (FF)
  Source Clock:      M4/push rising
  Destination Clock: M4/push rising

  Data Path: M4/state_0 to M4/state_0
                                Gate     Net
    Cell:in->out      fanout   Delay   Delay  Logical Name (Net Name)
    ----------------------------------------  ------------
     FDE:C->Q             19   0.236   0.440  state_0 (state<0>)
     INV:I->O              1   0.054   0.339  Result<0>1_INV_0 (Result<0>)
     FDE:D                    -0.000          state_0
    ----------------------------------------
    Total                      1.069ns (0.290ns logic, 0.779ns route)
                                       (27.1% logic, 72.9% route)

=========================================================================
Timing constraint: Default OFFSET IN BEFORE for Clock 'clk_100MHz'
  Total number of paths / destination ports: 1195 / 100
-------------------------------------------------------------------------
Offset:              2.089ns (Levels of Logic = 10)
  Source:            SW<2> (PAD)
  Destination:       U9/SW_OK_0 (FF)
  Destination Clock: clk_100MHz rising

  Data Path: SW<2> to U9/SW_OK_0
                                Gate     Net
    Cell:in->out      fanout   Delay   Delay  Logical Name (Net Name)
    ----------------------------------------  ------------
     IBUF:I->O             3   0.000   0.625  SW_2_IBUF (SW_2_IBUF)
     begin scope: 'U9:SW<2>'
     LUT6:I0->O            1   0.043   0.000  Mcompar_sw_temp[15]_SW[15]_not_equal_100_o_lut<0> (Mcompar_sw_temp[15]_SW[15]_not_equal_100_o_lut<0>)
     MUXCY:S->O            1   0.238   0.000  Mcompar_sw_temp[15]_SW[15]_not_equal_100_o_cy<0> (Mcompar_sw_temp[15]_SW[15]_not_equal_100_o_cy<0>)
     MUXCY:CI->O           1   0.013   0.000  Mcompar_sw_temp[15]_SW[15]_not_equal_100_o_cy<1> (Mcompar_sw_temp[15]_SW[15]_not_equal_100_o_cy<1>)
     MUXCY:CI->O           1   0.013   0.000  Mcompar_sw_temp[15]_SW[15]_not_equal_100_o_cy<2> (Mcompar_sw_temp[15]_SW[15]_not_equal_100_o_cy<2>)
     MUXCY:CI->O           1   0.013   0.000  Mcompar_sw_temp[15]_SW[15]_not_equal_100_o_cy<3> (Mcompar_sw_temp[15]_SW[15]_not_equal_100_o_cy<3>)
     MUXCY:CI->O           1   0.013   0.000  Mcompar_sw_temp[15]_SW[15]_not_equal_100_o_cy<4> (Mcompar_sw_temp[15]_SW[15]_not_equal_100_o_cy<4>)
     MUXCY:CI->O          43   0.013   0.471  Mcompar_sw_temp[15]_SW[15]_not_equal_100_o_cy<5> (sw_temp[15]_SW[15]_not_equal_100_o)
     INV:I->O             17   0.054   0.429  _n0243_inv1_cepot_cepot_INV_0 (_n0243_inv1_cepot_cepot)
     FDE:CE                    0.161          SW_OK_0
    ----------------------------------------
    Total                      2.089ns (0.563ns logic, 1.525ns route)
                                       (27.0% logic, 73.0% route)

=========================================================================
Timing constraint: Default OFFSET IN BEFORE for Clock 'U9/clk1'
  Total number of paths / destination ports: 176 / 41
-------------------------------------------------------------------------
Offset:              2.109ns (Levels of Logic = 6)
  Source:            BTN_y<3> (PAD)
  Destination:       U9/Key_x_1 (FF)
  Destination Clock: U9/clk1 rising

  Data Path: BTN_y<3> to U9/Key_x_1
                                Gate     Net
    Cell:in->out      fanout   Delay   Delay  Logical Name (Net Name)
    ----------------------------------------  ------------
     IBUF:I->O             6   0.000   0.550  BTN_y_3_IBUF (BTN_y_3_IBUF)
     begin scope: 'U9:Key_y<3>'
     LUT4:I0->O           12   0.043   0.674  out1 (n0016)
     LUT6:I0->O            3   0.043   0.362  _n0295<0>1 (_n0295<0>)
     LUT6:I5->O            1   0.043   0.350  Key_x[4]_PWR_1_o_select_74_OUT<1>1 (Key_x[4]_PWR_1_o_select_74_OUT<4>)
     LUT3:I2->O            1   0.043   0.000  Key_x_4_dpot (Key_x_4_dpot)
     FDE:D                    -0.000          Key_x_4
    ----------------------------------------
    Total                      2.109ns (0.172ns logic, 1.937ns route)
                                       (8.2% logic, 91.8% route)

=========================================================================
Timing constraint: Default OFFSET OUT AFTER for Clock 'U9/clk1'
  Total number of paths / destination ports: 6 / 6
-------------------------------------------------------------------------
Offset:              0.658ns (Levels of Logic = 2)
  Source:            U9/Key_x_4 (FF)
  Destination:       BTN_x<4> (PAD)
  Source Clock:      U9/clk1 rising

  Data Path: U9/Key_x_4 to BTN_x<4>
                                Gate     Net
    Cell:in->out      fanout   Delay   Delay  Logical Name (Net Name)
    ----------------------------------------  ------------
     FDE:C->Q             16   0.236   0.422  Key_x_4 (Key_x<4>)
     end scope: 'U9:Key_x<4>'
     OBUF:I->O                 0.000          BTN_x_4_OBUF (BTN_x<4>)
    ----------------------------------------
    Total                      0.658ns (0.236ns logic, 0.422ns route)
                                       (35.8% logic, 64.2% route)

=========================================================================
Timing constraint: Default OFFSET OUT AFTER for Clock 'clk_100MHz'
  Total number of paths / destination ports: 4729 / 17
-------------------------------------------------------------------------
Offset:              5.638ns (Levels of Logic = 13)
  Source:            U9/SW_OK_15 (FF)
  Destination:       SEGMENT<3> (PAD)
  Source Clock:      clk_100MHz rising

  Data Path: U9/SW_OK_15 to SEGMENT<3>
                                Gate     Net
    Cell:in->out      fanout   Delay   Delay  Logical Name (Net Name)
    ----------------------------------------  ------------
     FDE:C->Q             80   0.236   0.544  SW_OK_15 (SW_OK<15>)
     end scope: 'U9:SW_OK<15>'
     begin scope: 'U4:SW<15>'
     LUT6:I4->O            3   0.043   0.362  Mmux_Cpu_data4bus71 (Cpu_data4bus<15>)
     end scope: 'U4:Cpu_data4bus<15>'
     LUT6:I5->O            1   0.043   0.000  U5/MUX1_DispData/Mmux_o_36 (U5/MUX1_DispData/Mmux_o_36)
     MUXF7:I1->O          12   0.178   0.556  U5/MUX1_DispData/Mmux_o_2_f7_5 (Disp_num<15>)
     LUT6:I3->O            1   0.043   0.000  U61/M2/Mmux_Hexo_43 (U61/M2/Mmux_Hexo_43)
     MUXF7:I0->O           8   0.176   0.378  U61/M2/Mmux_Hexo_2_f7_2 (U61/Hex<3>)
     INV:I->O             11   0.317   0.551  U61/M1/XLXI_1 (U61/M1/XLXN_14)
     AND4:I3->O            2   0.161   0.500  U61/M1/XLXI_5 (U61/M1/XLXN_119)
     OR4:I3->O             1   0.161   0.603  U61/M1/XLXI_17 (U61/M1/XLXN_208)
     OR2:I1->O             1   0.053   0.350  U61/M1/XLXI_47 (U61/SEG_TXT<0>)
     LUT3:I2->O            1   0.043   0.339  U61/MUXHM/Mmux_o1 (SEGMENT_0_OBUF)
     OBUF:I->O                 0.000          SEGMENT_0_OBUF (SEGMENT<0>)
    ----------------------------------------
    Total                      5.638ns (1.454ns logic, 4.184ns route)
                                       (25.8% logic, 74.2% route)

=========================================================================
Timing constraint: Default OFFSET OUT AFTER for Clock 'IO_clk'
  Total number of paths / destination ports: 1079 / 19
-------------------------------------------------------------------------
Offset:              5.705ns (Levels of Logic = 12)
  Source:            U7/LED_9 (FF)
  Destination:       SEGMENT<0> (PAD)
  Source Clock:      IO_clk falling

  Data Path: U7/LED_9 to SEGMENT<0>
                                Gate     Net
    Cell:in->out      fanout   Delay   Delay  Logical Name (Net Name)
    ----------------------------------------  ------------
     FDCE_1:C->Q           2   0.240   0.410  U7/LED_9 (U7/LED_9)
     begin scope: 'U4:led_out<9>'
     LUT6:I4->O            4   0.043   0.512  Mmux_Cpu_data4bus181 (Cpu_data4bus<25>)
     end scope: 'U4:Cpu_data4bus<25>'
     LUT6:I3->O            1   0.043   0.000  U5/MUX1_DispData/Mmux_o_317 (U5/MUX1_DispData/Mmux_o_317)
     MUXF7:I1->O          15   0.178   0.600  U5/MUX1_DispData/Mmux_o_2_f7_16 (Disp_num<25>)
     LUT6:I2->O            1   0.043   0.000  U61/M2/Mmux_Hexo_31 (U61/M2/Mmux_Hexo_31)
     MUXF7:I1->O          11   0.178   0.395  U61/M2/Mmux_Hexo_2_f7_0 (U61/Hex<1>)
     INV:I->O              8   0.317   0.561  U61/M1/XLXI_3 (U61/M1/XLXN_62)
     AND4:I2->O            2   0.134   0.500  U61/M1/XLXI_5 (U61/M1/XLXN_119)
     OR4:I3->O             1   0.161   0.603  U61/M1/XLXI_17 (U61/M1/XLXN_208)
     OR2:I1->O             1   0.053   0.350  U61/M1/XLXI_47 (U61/SEG_TXT<0>)
     LUT3:I2->O            1   0.043   0.339  U61/MUXHM/Mmux_o1 (SEGMENT_0_OBUF)
     OBUF:I->O                 0.000          SEGMENT_0_OBUF (SEGMENT<0>)
    ----------------------------------------
    Total                      5.705ns (1.433ns logic, 4.272ns route)
                                       (25.1% logic, 74.9% route)

=========================================================================
Timing constraint: Default OFFSET OUT AFTER for Clock 'Clk_CPU'
  Total number of paths / destination ports: 95032 / 8
-------------------------------------------------------------------------
Offset:              7.754ns (Levels of Logic = 14)
  Source:            U1/x_ctrl/state_FSM_FFd13 (FF)
  Destination:       SEGMENT<3> (PAD)
  Source Clock:      Clk_CPU rising

  Data Path: U1/x_ctrl/state_FSM_FFd13 to SEGMENT<3>
                                Gate     Net
    Cell:in->out      fanout   Delay   Delay  Logical Name (Net Name)
    ----------------------------------------  ------------
     FDC:C->Q             35   0.236   0.625  U1/x_ctrl/state_FSM_FFd13 (U1/x_ctrl/state_FSM_FFd13)
     LUT4:I1->O           82   0.043   0.742  U1/x_datapath/MUX5/Mmux_o251 (Addr_out<31>)
     begin scope: 'U4:addr_bus<31>'
     LUT5:I0->O           32   0.043   0.743  Mmux_data_ram_rd11 (data_ram_rd)
     LUT6:I0->O            3   0.043   0.534  Mmux_Cpu_data4bus241 (Cpu_data4bus<30>)
     end scope: 'U4:Cpu_data4bus<30>'
     LUT6:I2->O            3   0.043   0.417  U5/MUX1_DispData/Mmux_o12 (U5/MUX1_DispData/Mmux_o11)
     LUT3:I1->O           13   0.043   0.563  U5/MUX1_DispData/Mmux_o13 (Disp_num<30>)
     LUT6:I3->O            1   0.043   0.000  U61/M2/Mmux_Hexo_32 (U61/M2/Mmux_Hexo_32)
     MUXF7:I1->O          11   0.178   0.395  U61/M2/Mmux_Hexo_2_f7_1 (U61/Hex<2>)
     INV:I->O              8   0.317   0.642  U61/M1/XLXI_2 (U61/M1/XLXN_61)
     AND4:I1->O            2   0.053   0.500  U61/M1/XLXI_5 (U61/M1/XLXN_119)
     OR4:I3->O             1   0.161   0.603  U61/M1/XLXI_17 (U61/M1/XLXN_208)
     OR2:I1->O             1   0.053   0.350  U61/M1/XLXI_47 (U61/SEG_TXT<0>)
     LUT3:I2->O            1   0.043   0.339  U61/MUXHM/Mmux_o1 (SEGMENT_0_OBUF)
     OBUF:I->O                 0.000          SEGMENT_0_OBUF (SEGMENT<0>)
    ----------------------------------------
    Total                      7.754ns (1.299ns logic, 6.455ns route)
                                       (16.8% logic, 83.2% route)

=========================================================================
Timing constraint: Default OFFSET OUT AFTER for Clock 'U8/clkdiv_8'
  Total number of paths / destination ports: 1463 / 8
-------------------------------------------------------------------------
Offset:              6.097ns (Levels of Logic = 12)
  Source:            U10/counter0_30 (FF)
  Destination:       SEGMENT<3> (PAD)
  Source Clock:      U8/clkdiv_8 rising

  Data Path: U10/counter0_30 to SEGMENT<3>
                                Gate     Net
    Cell:in->out      fanout   Delay   Delay  Logical Name (Net Name)
    ----------------------------------------  ------------
     FDC:C->Q              4   0.236   0.539  U10/counter0_30 (U10/counter0_30)
     begin scope: 'U4:counter_out<30>'
     LUT6:I2->O            3   0.043   0.534  Mmux_Cpu_data4bus241 (Cpu_data4bus<30>)
     end scope: 'U4:Cpu_data4bus<30>'
     LUT6:I2->O            3   0.043   0.417  U5/MUX1_DispData/Mmux_o12 (U5/MUX1_DispData/Mmux_o11)
     LUT3:I1->O           13   0.043   0.563  U5/MUX1_DispData/Mmux_o13 (Disp_num<30>)
     LUT6:I3->O            1   0.043   0.000  U61/M2/Mmux_Hexo_32 (U61/M2/Mmux_Hexo_32)
     MUXF7:I1->O          11   0.178   0.395  U61/M2/Mmux_Hexo_2_f7_1 (U61/Hex<2>)
     INV:I->O              8   0.317   0.642  U61/M1/XLXI_2 (U61/M1/XLXN_61)
     AND4:I1->O            2   0.053   0.500  U61/M1/XLXI_5 (U61/M1/XLXN_119)
     OR4:I3->O             1   0.161   0.603  U61/M1/XLXI_17 (U61/M1/XLXN_208)
     OR2:I1->O             1   0.053   0.350  U61/M1/XLXI_47 (U61/SEG_TXT<0>)
     LUT3:I2->O            1   0.043   0.339  U61/MUXHM/Mmux_o1 (SEGMENT_0_OBUF)
     OBUF:I->O                 0.000          SEGMENT_0_OBUF (SEGMENT<0>)
    ----------------------------------------
    Total                      6.097ns (1.213ns logic, 4.884ns route)
                                       (19.9% logic, 80.1% route)

=========================================================================

Cross Clock Domains Report:
--------------------------

Clock to Setup on destination clock Clk_CPU
---------------+---------+---------+---------+---------+
               | Src:Rise| Src:Fall| Src:Rise| Src:Fall|
Source Clock   |Dest:Rise|Dest:Rise|Dest:Fall|Dest:Fall|
---------------+---------+---------+---------+---------+
Clk_CPU        |    5.926|         |         |         |
IO_clk         |         |    0.693|         |         |
U8/clkdiv_8    |    0.824|         |         |         |
clk_100MHz     |    1.083|         |         |         |
---------------+---------+---------+---------+---------+

Clock to Setup on destination clock IO_clk
---------------+---------+---------+---------+---------+
               | Src:Rise| Src:Fall| Src:Rise| Src:Fall|
Source Clock   |Dest:Rise|Dest:Rise|Dest:Fall|Dest:Fall|
---------------+---------+---------+---------+---------+
Clk_CPU        |    2.796|         |    2.350|         |
IO_clk         |    1.786|    1.330|         |         |
U8/clkdiv_8    |    1.382|         |         |         |
clk_100MHz     |    1.613|         |    1.083|         |
---------------+---------+---------+---------+---------+

Clock to Setup on destination clock M4/push
---------------+---------+---------+---------+---------+
               | Src:Rise| Src:Fall| Src:Rise| Src:Fall|
Source Clock   |Dest:Rise|Dest:Rise|Dest:Fall|Dest:Fall|
---------------+---------+---------+---------+---------+
M4/push        |    1.069|         |         |         |
U9/clk1        |    0.818|         |         |         |
clk_100MHz     |    1.339|         |         |         |
---------------+---------+---------+---------+---------+

Clock to Setup on destination clock U8/clkdiv_8
---------------+---------+---------+---------+---------+
               | Src:Rise| Src:Fall| Src:Rise| Src:Fall|
Source Clock   |Dest:Rise|Dest:Rise|Dest:Fall|Dest:Fall|
---------------+---------+---------+---------+---------+
IO_clk         |    2.133|         |         |         |
U8/clkdiv_8    |    2.221|         |         |         |
clk_100MHz     |    1.621|         |         |         |
---------------+---------+---------+---------+---------+

Clock to Setup on destination clock U9/clk1
---------------+---------+---------+---------+---------+
               | Src:Rise| Src:Fall| Src:Rise| Src:Fall|
Source Clock   |Dest:Rise|Dest:Rise|Dest:Fall|Dest:Fall|
---------------+---------+---------+---------+---------+
U9/clk1        |    2.152|         |         |         |
clk_100MHz     |    1.292|         |         |         |
---------------+---------+---------+---------+---------+

Clock to Setup on destination clock clk_100MHz
---------------+---------+---------+---------+---------+
               | Src:Rise| Src:Fall| Src:Rise| Src:Fall|
Source Clock   |Dest:Rise|Dest:Rise|Dest:Fall|Dest:Fall|
---------------+---------+---------+---------+---------+
Clk_CPU        |    7.298|         |         |         |
IO_clk         |    5.138|    5.229|         |         |
M4/push        |    1.928|         |         |         |
U8/clkdiv_8    |    5.641|         |         |         |
U9/clk1        |    1.100|         |         |         |
clk_100MHz     |    5.206|         |         |         |
---------------+---------+---------+---------+---------+

=========================================================================


Total REAL time to Xst completion: 22.00 secs
Total CPU time to Xst completion: 21.84 secs
 
--> 

Total memory usage is 4677556 kilobytes

Number of errors   :    0 (   0 filtered)
Number of warnings :  116 (   0 filtered)
Number of infos    :   19 (   0 filtered)

